<?xml version="1.0" encoding="UTF-8"?>
<testsuites tests="308" failures="0" disabled="0" errors="0" time="6.579" timestamp="2026-06-10T17:47:53.689" random_seed="42829" name="AllTests">
  <testsuite name="TestProcessFinnhubForexCandle/ProcessFinnhubForexCandleTest" tests="9" failures="0" disabled="0" skipped="0" errors="0" time="0.017" timestamp="2026-06-10T17:48:00.042">
    <testcase name="TestParseFinnhubForexCandle/3" value_param="00007FF7CA5D7E20" file="C:\Users\hxguo\source\repos\FireBird\GoogleUnitTest\FinnhubForexDayLineTest.cpp" line="196" status="run" result="completed" time="0.001" timestamp="2026-06-10T17:48:00.042" classname="TestProcessFinnhubForexCandle/ProcessFinnhubForexCandleTest" />
    <testcase name="TestParseFinnhubForexCandle/9" value_param="00007FF7CA5D7FA0" file="C:\Users\hxguo\source\repos\FireBird\GoogleUnitTest\FinnhubForexDayLineTest.cpp" line="196" status="run" result="completed" time="0.002" timestamp="2026-06-10T17:48:00.044" classname="TestProcessFinnhubForexCandle/ProcessFinnhubForexCandleTest" />
    <testcase name="TestParseFinnhubForexCandle/8" value_param="00007FF7CA5D7F60" file="C:\Users\hxguo\source\repos\FireBird\GoogleUnitTest\FinnhubForexDayLineTest.cpp" line="196" status="run" result="completed" time="0.002" timestamp="2026-06-10T17:48:00.047" classname="TestProcessFinnhubForexCandle/ProcessFinnhubForexCandleTest" />
    <testcase name="TestParseFinnhubForexCandle/7" value_param="00007FF7CA5D7F20" file="C:\Users\hxguo\source\repos\FireBird\GoogleUnitTest\FinnhubForexDayLineTest.cpp" line="196" status="run" result="completed" time="0.002" timestamp="2026-06-10T17:48:00.049" classname="TestProcessFinnhubForexCandle/ProcessFinnhubForexCandleTest" />
    <testcase name="TestParseFinnhubForexCandle/5" value_param="00007FF7CA5D7EA0" file="C:\Users\hxguo\source\repos\FireBird\GoogleUnitTest\FinnhubForexDayLineTest.cpp" line="196" status="run" result="completed" time="0.001" timestamp="2026-06-10T17:48:00.051" classname="TestProcessFinnhubForexCandle/ProcessFinnhubForexCandleTest" />
    <testcase name="TestParseFinnhubForexCandle/2" value_param="00007FF7CA5D7DE0" file="C:\Users\hxguo\source\repos\FireBird\GoogleUnitTest\FinnhubForexDayLineTest.cpp" line="196" status="run" result="completed" time="0.001" timestamp="2026-06-10T17:48:00.053" classname="TestProcessFinnhubForexCandle/ProcessFinnhubForexCandleTest" />
    <testcase name="TestParseFinnhubForexCandle/4" value_param="00007FF7CA5D7E60" file="C:\Users\hxguo\source\repos\FireBird\GoogleUnitTest\FinnhubForexDayLineTest.cpp" line="196" status="run" result="completed" time="0.001" timestamp="2026-06-10T17:48:00.055" classname="TestProcessFinnhubForexCandle/ProcessFinnhubForexCandleTest" />
    <testcase name="TestParseFinnhubForexCandle/6" value_param="00007FF7CA5D7EE0" file="C:\Users\hxguo\source\repos\FireBird\GoogleUnitTest\FinnhubForexDayLineTest.cpp" line="196" status="run" result="completed" time="0.001" timestamp="2026-06-10T17:48:00.056" classname="TestProcessFinnhubForexCandle/ProcessFinnhubForexCandleTest" />
    <testcase name="TestParseFinnhubForexCandle/10" value_param="00007FF7CA5D7FE0" file="C:\Users\hxguo\source\repos\FireBird\GoogleUnitTest\FinnhubForexDayLineTest.cpp" line="196" status="run" result="completed" time="0.001" timestamp="2026-06-10T17:48:00.058" classname="TestProcessFinnhubForexCandle/ProcessFinnhubForexCandleTest" />
  </testsuite>
  <testsuite name="TestParseFinnhubForexExchange1/ParseFinnhubForexExchangeTest" tests="5" failures="0" disabled="0" skipped="0" errors="0" time="0.006" timestamp="2026-06-10T17:47:59.994">
    <testcase name="TestParseFinnhubForexExchange0/1" value_param="00007FF7CA5D8120" file="C:\Users\hxguo\source\repos\FireBird\GoogleUnitTest\FinnhubForexExchangeTest.cpp" line="108" status="run" result="completed" time="0.001" timestamp="2026-06-10T17:47:59.994" classname="TestParseFinnhubForexExchange1/ParseFinnhubForexExchangeTest" />
    <testcase name="TestParseFinnhubForexExchange0/3" value_param="00007FF7CA5D81A0" file="C:\Users\hxguo\source\repos\FireBird\GoogleUnitTest\FinnhubForexExchangeTest.cpp" line="108" status="run" result="completed" time="0.001" timestamp="2026-06-10T17:47:59.996" classname="TestParseFinnhubForexExchange1/ParseFinnhubForexExchangeTest" />
    <testcase name="TestParseFinnhubForexExchange0/4" value_param="00007FF7CA5D81E0" file="C:\Users\hxguo\source\repos\FireBird\GoogleUnitTest\FinnhubForexExchangeTest.cpp" line="108" status="run" result="completed" time="0.001" timestamp="2026-06-10T17:47:59.997" classname="TestParseFinnhubForexExchange1/ParseFinnhubForexExchangeTest" />
    <testcase name="TestParseFinnhubForexExchange0/2" value_param="00007FF7CA5D8160" file="C:\Users\hxguo\source\repos\FireBird\GoogleUnitTest\FinnhubForexExchangeTest.cpp" line="108" status="run" result="completed" time="0.001" timestamp="2026-06-10T17:47:59.999" classname="TestParseFinnhubForexExchange1/ParseFinnhubForexExchangeTest" />
    <testcase name="TestParseFinnhubForexExchange0/0" value_param="00007FF7CA5D80E0" file="C:\Users\hxguo\source\repos\FireBird\GoogleUnitTest\FinnhubForexExchangeTest.cpp" line="108" status="run" result="completed" time="0.001" timestamp="2026-06-10T17:48:00.000" classname="TestParseFinnhubForexExchange1/ParseFinnhubForexExchangeTest" />
  </testsuite>
  <testsuite name="TestProcessFinnhubForexExchange1/ProcessFinnhubForexExchangeTest" tests="5" failures="0" disabled="0" skipped="0" errors="0" time="0.006" timestamp="2026-06-10T17:47:59.852">
    <testcase name="TestProcessFinnhubForexExchange0/1" value_param="00007FF7CA5D8120" file="C:\Users\hxguo\source\repos\FireBird\GoogleUnitTest\FinnhubForexExchangeTest.cpp" line="165" status="run" result="completed" time="0.001" timestamp="2026-06-10T17:47:59.852" classname="TestProcessFinnhubForexExchange1/ProcessFinnhubForexExchangeTest" />
    <testcase name="TestProcessFinnhubForexExchange0/4" value_param="00007FF7CA5D81E0" file="C:\Users\hxguo\source\repos\FireBird\GoogleUnitTest\FinnhubForexExchangeTest.cpp" line="165" status="run" result="completed" time="0.001" timestamp="2026-06-10T17:47:59.854" classname="TestProcessFinnhubForexExchange1/ProcessFinnhubForexExchangeTest" />
    <testcase name="TestProcessFinnhubForexExchange0/0" value_param="00007FF7CA5D80E0" file="C:\Users\hxguo\source\repos\FireBird\GoogleUnitTest\FinnhubForexExchangeTest.cpp" line="165" status="run" result="completed" time="0.001" timestamp="2026-06-10T17:47:59.855" classname="TestProcessFinnhubForexExchange1/ProcessFinnhubForexExchangeTest" />
    <testcase name="TestProcessFinnhubForexExchange0/2" value_param="00007FF7CA5D8160" file="C:\Users\hxguo\source\repos\FireBird\GoogleUnitTest\FinnhubForexExchangeTest.cpp" line="165" status="run" result="completed" time="0.001" timestamp="2026-06-10T17:47:59.856" classname="TestProcessFinnhubForexExchange1/ProcessFinnhubForexExchangeTest" />
    <testcase name="TestProcessFinnhubForexExchange0/3" value_param="00007FF7CA5D81A0" file="C:\Users\hxguo\source\repos\FireBird\GoogleUnitTest\FinnhubForexExchangeTest.cpp" line="165" status="run" result="completed" time="0.001" timestamp="2026-06-10T17:47:59.858" classname="TestProcessFinnhubForexExchange1/ProcessFinnhubForexExchangeTest" />
  </testsuite>
  <testsuite name="TestParseFinnhubForexSymbol1/ParseFinnhubForexSymbolTest" tests="7" failures="0" disabled="0" skipped="0" errors="0" time="0.011" timestamp="2026-06-10T17:47:59.840">
    <testcase name="TestParseFinnhubForexSymbol0/1" value_param="00007FF7CA5D5290" file="C:\Users\hxguo\source\repos\FireBird\GoogleUnitTest\ProductFinnhubForexSymbolTest.cpp" line="96" status="run" result="completed" time="0.001" timestamp="2026-06-10T17:47:59.840" classname="TestParseFinnhubForexSymbol1/ParseFinnhubForexSymbolTest" />
    <testcase name="TestParseFinnhubForexSymbol0/5" value_param="00007FF7CA5D8360" file="C:\Users\hxguo\source\repos\FireBird\GoogleUnitTest\ProductFinnhubForexSymbolTest.cpp" line="96" status="run" result="completed" time="0.001" timestamp="2026-06-10T17:47:59.842" classname="TestParseFinnhubForexSymbol1/ParseFinnhubForexSymbolTest" />
    <testcase name="TestParseFinnhubForexSymbol0/3" value_param="00007FF7CA5D82E0" file="C:\Users\hxguo\source\repos\FireBird\GoogleUnitTest\ProductFinnhubForexSymbolTest.cpp" line="96" status="run" result="completed" time="0.001" timestamp="2026-06-10T17:47:59.844" classname="TestParseFinnhubForexSymbol1/ParseFinnhubForexSymbolTest" />
    <testcase name="TestParseFinnhubForexSymbol0/0" value_param="00007FF7CA5D5240" file="C:\Users\hxguo\source\repos\FireBird\GoogleUnitTest\ProductFinnhubForexSymbolTest.cpp" line="96" status="run" result="completed" time="0.001" timestamp="2026-06-10T17:47:59.846" classname="TestParseFinnhubForexSymbol1/ParseFinnhubForexSymbolTest" />
    <testcase name="TestParseFinnhubForexSymbol0/4" value_param="00007FF7CA5D8320" file="C:\Users\hxguo\source\repos\FireBird\GoogleUnitTest\ProductFinnhubForexSymbolTest.cpp" line="96" status="run" result="completed" time="0.001" timestamp="2026-06-10T17:47:59.847" classname="TestParseFinnhubForexSymbol1/ParseFinnhubForexSymbolTest" />
    <testcase name="TestParseFinnhubForexSymbol0/2" value_param="00007FF7CA5D82A0" file="C:\Users\hxguo\source\repos\FireBird\GoogleUnitTest\ProductFinnhubForexSymbolTest.cpp" line="96" status="run" result="completed" time="0.001" timestamp="2026-06-10T17:47:59.849" classname="TestParseFinnhubForexSymbol1/ParseFinnhubForexSymbolTest" />
    <testcase name="TestParseFinnhubForexSymbol0/6" value_param="00007FF7CA5D83A0" file="C:\Users\hxguo\source\repos\FireBird\GoogleUnitTest\ProductFinnhubForexSymbolTest.cpp" line="96" status="run" result="completed" time="0.001" timestamp="2026-06-10T17:47:59.851" classname="TestParseFinnhubForexSymbol1/ParseFinnhubForexSymbolTest" />
  </testsuite>
  <testsuite name="TestProcessFinnhubForexSymbol1/ProcessFinnhubForexSymbolTest" tests="7" failures="0" disabled="0" skipped="0" errors="0" time="0.014" timestamp="2026-06-10T17:47:59.959">
    <testcase name="TestParseFinnhubForexSymbol0/1" value_param="00007FF7CA5D5290" file="C:\Users\hxguo\source\repos\FireBird\GoogleUnitTest\ProductFinnhubForexSymbolTest.cpp" line="157" status="run" result="completed" time="0.001" timestamp="2026-06-10T17:47:59.959" classname="TestProcessFinnhubForexSymbol1/ProcessFinnhubForexSymbolTest" />
    <testcase name="TestParseFinnhubForexSymbol0/4" value_param="00007FF7CA5D8320" file="C:\Users\hxguo\source\repos\FireBird\GoogleUnitTest\ProductFinnhubForexSymbolTest.cpp" line="157" status="run" result="completed" time="0.002" timestamp="2026-06-10T17:47:59.961" classname="TestProcessFinnhubForexSymbol1/ProcessFinnhubForexSymbolTest" />
    <testcase name="TestParseFinnhubForexSymbol0/5" value_param="00007FF7CA5D8360" file="C:\Users\hxguo\source\repos\FireBird\GoogleUnitTest\ProductFinnhubForexSymbolTest.cpp" line="157" status="run" result="completed" time="0.001" timestamp="2026-06-10T17:47:59.963" classname="TestProcessFinnhubForexSymbol1/ProcessFinnhubForexSymbolTest" />
    <testcase name="TestParseFinnhubForexSymbol0/2" value_param="00007FF7CA5D82A0" file="C:\Users\hxguo\source\repos\FireBird\GoogleUnitTest\ProductFinnhubForexSymbolTest.cpp" line="157" status="run" result="completed" time="0.001" timestamp="2026-06-10T17:47:59.965" classname="TestProcessFinnhubForexSymbol1/ProcessFinnhubForexSymbolTest" />
    <testcase name="TestParseFinnhubForexSymbol0/3" value_param="00007FF7CA5D82E0" file="C:\Users\hxguo\source\repos\FireBird\GoogleUnitTest\ProductFinnhubForexSymbolTest.cpp" line="157" status="run" result="completed" time="0.001" timestamp="2026-06-10T17:47:59.967" classname="TestProcessFinnhubForexSymbol1/ProcessFinnhubForexSymbolTest" />
    <testcase name="TestParseFinnhubForexSymbol0/0" value_param="00007FF7CA5D5240" file="C:\Users\hxguo\source\repos\FireBird\GoogleUnitTest\ProductFinnhubForexSymbolTest.cpp" line="157" status="run" result="completed" time="0.001" timestamp="2026-06-10T17:47:59.969" classname="TestProcessFinnhubForexSymbol1/ProcessFinnhubForexSymbolTest" />
    <testcase name="TestParseFinnhubForexSymbol0/6" value_param="00007FF7CA5D83A0" file="C:\Users\hxguo\source\repos\FireBird\GoogleUnitTest\ProductFinnhubForexSymbolTest.cpp" line="157" status="run" result="completed" time="0.003" timestamp="2026-06-10T17:47:59.970" classname="TestProcessFinnhubForexSymbol1/ProcessFinnhubForexSymbolTest" />
  </testsuite>
  <testsuite name="TestParseFinnhubStockCandle1/ProcessFinnhubStockCandleTest" tests="11" failures="0" disabled="0" skipped="0" errors="0" time="0.023" timestamp="2026-06-10T17:47:59.725">
    <testcase name="TestParseFinnhubStockCandle0/10" value_param="00007FF7CA5D86D0" file="C:\Users\hxguo\source\repos\FireBird\GoogleUnitTest\FinnhubStockDayLineTest.cpp" line="119" status="run" result="completed" time="0.001" timestamp="2026-06-10T17:47:59.725" classname="TestParseFinnhubStockCandle1/ProcessFinnhubStockCandleTest" />
    <testcase name="TestParseFinnhubStockCandle0/8" value_param="00007FF7CA5D8650" file="C:\Users\hxguo\source\repos\FireBird\GoogleUnitTest\FinnhubStockDayLineTest.cpp" line="119" status="run" result="completed" time="0.002" timestamp="2026-06-10T17:47:59.727" classname="TestParseFinnhubStockCandle1/ProcessFinnhubStockCandleTest" />
    <testcase name="TestParseFinnhubStockCandle0/7" value_param="00007FF7CA5D8610" file="C:\Users\hxguo\source\repos\FireBird\GoogleUnitTest\FinnhubStockDayLineTest.cpp" line="119" status="run" result="completed" time="0.002" timestamp="2026-06-10T17:47:59.729" classname="TestParseFinnhubStockCandle1/ProcessFinnhubStockCandleTest" />
    <testcase name="TestParseFinnhubStockCandle0/6" value_param="00007FF7CA5D85D0" file="C:\Users\hxguo\source\repos\FireBird\GoogleUnitTest\FinnhubStockDayLineTest.cpp" line="119" status="run" result="completed" time="0.002" timestamp="2026-06-10T17:47:59.732" classname="TestParseFinnhubStockCandle1/ProcessFinnhubStockCandleTest" />
    <testcase name="TestParseFinnhubStockCandle0/1" value_param="00007FF7CA5D84D0" file="C:\Users\hxguo\source\repos\FireBird\GoogleUnitTest\FinnhubStockDayLineTest.cpp" line="119" status="run" result="completed" time="0.001" timestamp="2026-06-10T17:47:59.735" classname="TestParseFinnhubStockCandle1/ProcessFinnhubStockCandleTest" />
    <testcase name="TestParseFinnhubStockCandle0/9" value_param="00007FF7CA5D8690" file="C:\Users\hxguo\source\repos\FireBird\GoogleUnitTest\FinnhubStockDayLineTest.cpp" line="119" status="run" result="completed" time="0.001" timestamp="2026-06-10T17:47:59.736" classname="TestParseFinnhubStockCandle1/ProcessFinnhubStockCandleTest" />
    <testcase name="TestParseFinnhubStockCandle0/5" value_param="00007FF7CA5D8590" file="C:\Users\hxguo\source\repos\FireBird\GoogleUnitTest\FinnhubStockDayLineTest.cpp" line="119" status="run" result="completed" time="0.001" timestamp="2026-06-10T17:47:59.738" classname="TestParseFinnhubStockCandle1/ProcessFinnhubStockCandleTest" />
    <testcase name="TestParseFinnhubStockCandle0/4" value_param="00007FF7CA5D8550" file="C:\Users\hxguo\source\repos\FireBird\GoogleUnitTest\FinnhubStockDayLineTest.cpp" line="119" status="run" result="completed" time="0.001" timestamp="2026-06-10T17:47:59.740" classname="TestParseFinnhubStockCandle1/ProcessFinnhubStockCandleTest" />
    <testcase name="TestParseFinnhubStockCandle0/3" value_param="00007FF7CA5D8510" file="C:\Users\hxguo\source\repos\FireBird\GoogleUnitTest\FinnhubStockDayLineTest.cpp" line="119" status="run" result="completed" time="0.001" timestamp="2026-06-10T17:47:59.742" classname="TestParseFinnhubStockCandle1/ProcessFinnhubStockCandleTest" />
    <testcase name="TestParseFinnhubStockCandle0/0" value_param="00007FF7CA5D8450" file="C:\Users\hxguo\source\repos\FireBird\GoogleUnitTest\FinnhubStockDayLineTest.cpp" line="119" status="run" result="completed" time="0.002" timestamp="2026-06-10T17:47:59.743" classname="TestParseFinnhubStockCandle1/ProcessFinnhubStockCandleTest" />
    <testcase name="TestParseFinnhubStockCandle0/2" value_param="00007FF7CA5D8490" file="C:\Users\hxguo\source\repos\FireBird\GoogleUnitTest\FinnhubStockDayLineTest.cpp" line="119" status="run" result="completed" time="0.002" timestamp="2026-06-10T17:47:59.745" classname="TestParseFinnhubStockCandle1/ProcessFinnhubStockCandleTest" />
  </testsuite>
  <testsuite name="TestParseFinnhubEPSSurprise1/ParseFinnhubEPSSurpriseTest" tests="7" failures="0" disabled="0" skipped="0" errors="0" time="0.011" timestamp="2026-06-10T17:48:00.080">
    <testcase name="TestParseFinnhubEPSSurprise0/6" value_param="00007FF7CA5D88D0" file="C:\Users\hxguo\source\repos\FireBird\GoogleUnitTest\FinnhubStockEstimatesEPSSurpriseTest.cpp" line="101" status="run" result="completed" time="0.001" timestamp="2026-06-10T17:48:00.080" classname="TestParseFinnhubEPSSurprise1/ParseFinnhubEPSSurpriseTest" />
    <testcase name="TestParseFinnhubEPSSurprise0/0" value_param="00007FF7CA5D5240" file="C:\Users\hxguo\source\repos\FireBird\GoogleUnitTest\FinnhubStockEstimatesEPSSurpriseTest.cpp" line="101" status="run" result="completed" time="0.001" timestamp="2026-06-10T17:48:00.082" classname="TestParseFinnhubEPSSurprise1/ParseFinnhubEPSSurpriseTest" />
    <testcase name="TestParseFinnhubEPSSurprise0/4" value_param="00007FF7CA5D8850" file="C:\Users\hxguo\source\repos\FireBird\GoogleUnitTest\FinnhubStockEstimatesEPSSurpriseTest.cpp" line="101" status="run" result="completed" time="0.001" timestamp="2026-06-10T17:48:00.084" classname="TestParseFinnhubEPSSurprise1/ParseFinnhubEPSSurpriseTest" />
    <testcase name="TestParseFinnhubEPSSurprise0/5" value_param="00007FF7CA5D8890" file="C:\Users\hxguo\source\repos\FireBird\GoogleUnitTest\FinnhubStockEstimatesEPSSurpriseTest.cpp" line="101" status="run" result="completed" time="0.001" timestamp="2026-06-10T17:48:00.086" classname="TestParseFinnhubEPSSurprise1/ParseFinnhubEPSSurpriseTest" />
    <testcase name="TestParseFinnhubEPSSurprise0/3" value_param="00007FF7CA5D8810" file="C:\Users\hxguo\source\repos\FireBird\GoogleUnitTest\FinnhubStockEstimatesEPSSurpriseTest.cpp" line="101" status="run" result="completed" time="0.001" timestamp="2026-06-10T17:48:00.087" classname="TestParseFinnhubEPSSurprise1/ParseFinnhubEPSSurpriseTest" />
    <testcase name="TestParseFinnhubEPSSurprise0/2" value_param="00007FF7CA5D87D0" file="C:\Users\hxguo\source\repos\FireBird\GoogleUnitTest\FinnhubStockEstimatesEPSSurpriseTest.cpp" line="101" status="run" result="completed" time="0.001" timestamp="2026-06-10T17:48:00.089" classname="TestParseFinnhubEPSSurprise1/ParseFinnhubEPSSurpriseTest" />
    <testcase name="TestParseFinnhubEPSSurprise0/1" value_param="00007FF7CA5D5290" file="C:\Users\hxguo\source\repos\FireBird\GoogleUnitTest\FinnhubStockEstimatesEPSSurpriseTest.cpp" line="101" status="run" result="completed" time="0.001" timestamp="2026-06-10T17:48:00.090" classname="TestParseFinnhubEPSSurprise1/ParseFinnhubEPSSurpriseTest" />
  </testsuite>
  <testsuite name="TestProcessFinnhubEPSSurprise/ProcessFinnhubEPSSurpriseTest" tests="7" failures="0" disabled="0" skipped="0" errors="0" time="0.014" timestamp="2026-06-10T17:47:59.921">
    <testcase name="TestProcessFinnhubEPSSurprise/1" value_param="00007FF7CA5D5290" file="C:\Users\hxguo\source\repos\FireBird\GoogleUnitTest\FinnhubStockEstimatesEPSSurpriseTest.cpp" line="181" status="run" result="completed" time="0.001" timestamp="2026-06-10T17:47:59.921" classname="TestProcessFinnhubEPSSurprise/ProcessFinnhubEPSSurpriseTest" />
    <testcase name="TestProcessFinnhubEPSSurprise/3" value_param="00007FF7CA5D8810" file="C:\Users\hxguo\source\repos\FireBird\GoogleUnitTest\FinnhubStockEstimatesEPSSurpriseTest.cpp" line="181" status="run" result="completed" time="0.001" timestamp="2026-06-10T17:47:59.923" classname="TestProcessFinnhubEPSSurprise/ProcessFinnhubEPSSurpriseTest" />
    <testcase name="TestProcessFinnhubEPSSurprise/5" value_param="00007FF7CA5D8890" file="C:\Users\hxguo\source\repos\FireBird\GoogleUnitTest\FinnhubStockEstimatesEPSSurpriseTest.cpp" line="181" status="run" result="completed" time="0.001" timestamp="2026-06-10T17:47:59.925" classname="TestProcessFinnhubEPSSurprise/ProcessFinnhubEPSSurpriseTest" />
    <testcase name="TestProcessFinnhubEPSSurprise/6" value_param="00007FF7CA5D88D0" file="C:\Users\hxguo\source\repos\FireBird\GoogleUnitTest\FinnhubStockEstimatesEPSSurpriseTest.cpp" line="181" status="run" result="completed" time="0.002" timestamp="2026-06-10T17:47:59.926" classname="TestProcessFinnhubEPSSurprise/ProcessFinnhubEPSSurpriseTest" />
    <testcase name="TestProcessFinnhubEPSSurprise/4" value_param="00007FF7CA5D8850" file="C:\Users\hxguo\source\repos\FireBird\GoogleUnitTest\FinnhubStockEstimatesEPSSurpriseTest.cpp" line="181" status="run" result="completed" time="0.002" timestamp="2026-06-10T17:47:59.929" classname="TestProcessFinnhubEPSSurprise/ProcessFinnhubEPSSurpriseTest" />
    <testcase name="TestProcessFinnhubEPSSurprise/2" value_param="00007FF7CA5D87D0" file="C:\Users\hxguo\source\repos\FireBird\GoogleUnitTest\FinnhubStockEstimatesEPSSurpriseTest.cpp" line="181" status="run" result="completed" time="0.002" timestamp="2026-06-10T17:47:59.931" classname="TestProcessFinnhubEPSSurprise/ProcessFinnhubEPSSurpriseTest" />
    <testcase name="TestProcessFinnhubEPSSurprise/0" value_param="00007FF7CA5D5240" file="C:\Users\hxguo\source\repos\FireBird\GoogleUnitTest\FinnhubStockEstimatesEPSSurpriseTest.cpp" line="181" status="run" result="completed" time="0.001" timestamp="2026-06-10T17:47:59.933" classname="TestProcessFinnhubEPSSurprise/ProcessFinnhubEPSSurpriseTest" />
  </testsuite>
  <testsuite name="TestProcessFinnhubStockQuote1/ProcessFinnhubStockQuoteTest" tests="10" failures="0" disabled="0" skipped="0" errors="0" time="0.015" timestamp="2026-06-10T17:48:00.137">
    <testcase name="TestParseFinnhubStockQuote0/0" value_param="00007FF7CA5D5240" file="C:\Users\hxguo\source\repos\FireBird\GoogleUnitTest\FinnhubStockPriceQuoteTest.cpp" line="121" status="run" result="completed" time="0.001" timestamp="2026-06-10T17:48:00.137" classname="TestProcessFinnhubStockQuote1/ProcessFinnhubStockQuoteTest" />
    <testcase name="TestParseFinnhubStockQuote0/8" value_param="00007FF7CA5D8AD0" file="C:\Users\hxguo\source\repos\FireBird\GoogleUnitTest\FinnhubStockPriceQuoteTest.cpp" line="121" status="run" result="completed" time="0.001" timestamp="2026-06-10T17:48:00.139" classname="TestProcessFinnhubStockQuote1/ProcessFinnhubStockQuoteTest" />
    <testcase name="TestParseFinnhubStockQuote0/2" value_param="00007FF7CA5D8990" file="C:\Users\hxguo\source\repos\FireBird\GoogleUnitTest\FinnhubStockPriceQuoteTest.cpp" line="121" status="run" result="completed" time="0.001" timestamp="2026-06-10T17:48:00.140" classname="TestProcessFinnhubStockQuote1/ProcessFinnhubStockQuoteTest" />
    <testcase name="TestParseFinnhubStockQuote0/4" value_param="00007FF7CA5D8A10" file="C:\Users\hxguo\source\repos\FireBird\GoogleUnitTest\FinnhubStockPriceQuoteTest.cpp" line="121" status="run" result="completed" time="0.001" timestamp="2026-06-10T17:48:00.142" classname="TestProcessFinnhubStockQuote1/ProcessFinnhubStockQuoteTest" />
    <testcase name="TestParseFinnhubStockQuote0/7" value_param="00007FF7CA5D8AD0" file="C:\Users\hxguo\source\repos\FireBird\GoogleUnitTest\FinnhubStockPriceQuoteTest.cpp" line="121" status="run" result="completed" time="0.001" timestamp="2026-06-10T17:48:00.143" classname="TestProcessFinnhubStockQuote1/ProcessFinnhubStockQuoteTest" />
    <testcase name="TestParseFinnhubStockQuote0/3" value_param="00007FF7CA5D89D0" file="C:\Users\hxguo\source\repos\FireBird\GoogleUnitTest\FinnhubStockPriceQuoteTest.cpp" line="121" status="run" result="completed" time="0.001" timestamp="2026-06-10T17:48:00.145" classname="TestProcessFinnhubStockQuote1/ProcessFinnhubStockQuoteTest" />
    <testcase name="TestParseFinnhubStockQuote0/6" value_param="00007FF7CA5D8A90" file="C:\Users\hxguo\source\repos\FireBird\GoogleUnitTest\FinnhubStockPriceQuoteTest.cpp" line="121" status="run" result="completed" time="0.001" timestamp="2026-06-10T17:48:00.147" classname="TestProcessFinnhubStockQuote1/ProcessFinnhubStockQuoteTest" />
    <testcase name="TestParseFinnhubStockQuote0/1" value_param="00007FF7CA5D5290" file="C:\Users\hxguo\source\repos\FireBird\GoogleUnitTest\FinnhubStockPriceQuoteTest.cpp" line="121" status="run" result="completed" time="0.001" timestamp="2026-06-10T17:48:00.148" classname="TestProcessFinnhubStockQuote1/ProcessFinnhubStockQuoteTest" />
    <testcase name="TestParseFinnhubStockQuote0/9" value_param="00007FF7CA5D8B50" file="C:\Users\hxguo\source\repos\FireBird\GoogleUnitTest\FinnhubStockPriceQuoteTest.cpp" line="121" status="run" result="completed" time="0.001" timestamp="2026-06-10T17:48:00.150" classname="TestProcessFinnhubStockQuote1/ProcessFinnhubStockQuoteTest" />
    <testcase name="TestParseFinnhubStockQuote0/5" value_param="00007FF7CA5D8A50" file="C:\Users\hxguo\source\repos\FireBird\GoogleUnitTest\FinnhubStockPriceQuoteTest.cpp" line="121" status="run" result="completed" time="0.001" timestamp="2026-06-10T17:48:00.151" classname="TestProcessFinnhubStockQuote1/ProcessFinnhubStockQuoteTest" />
  </testsuite>
  <testsuite name="TestProcessFinnhubWebSocket1/ProcessFinnhubWebSocketTest" tests="7" failures="0" disabled="0" skipped="0" errors="0" time="0.008" timestamp="2026-06-10T17:48:00.001">
    <testcase name="TestProcessWebSocket/2" value_param="00007FF7CA5D8D90" file="C:\Users\hxguo\source\repos\FireBird\GoogleUnitTest\ProcessWebSocketDataTest.cpp" line="73" status="run" result="completed" time="0.001" timestamp="2026-06-10T17:48:00.001" classname="TestProcessFinnhubWebSocket1/ProcessFinnhubWebSocketTest" />
    <testcase name="TestProcessWebSocket/4" value_param="00007FF7CA5D8E50" file="C:\Users\hxguo\source\repos\FireBird\GoogleUnitTest\ProcessWebSocketDataTest.cpp" line="73" status="run" result="completed" time="0.001" timestamp="2026-06-10T17:48:00.003" classname="TestProcessFinnhubWebSocket1/ProcessFinnhubWebSocketTest" />
    <testcase name="TestProcessWebSocket/0" value_param="00007FF7CA5D8CD0" file="C:\Users\hxguo\source\repos\FireBird\GoogleUnitTest\ProcessWebSocketDataTest.cpp" line="73" status="run" result="completed" time="0.001" timestamp="2026-06-10T17:48:00.004" classname="TestProcessFinnhubWebSocket1/ProcessFinnhubWebSocketTest" />
    <testcase name="TestProcessWebSocket/3" value_param="00007FF7CA5D8DF0" file="C:\Users\hxguo\source\repos\FireBird\GoogleUnitTest\ProcessWebSocketDataTest.cpp" line="73" status="run" result="completed" time="0.001" timestamp="2026-06-10T17:48:00.005" classname="TestProcessFinnhubWebSocket1/ProcessFinnhubWebSocketTest" />
    <testcase name="TestProcessWebSocket/5" value_param="00007FF7CA5D8EB0" file="C:\Users\hxguo\source\repos\FireBird\GoogleUnitTest\ProcessWebSocketDataTest.cpp" line="73" status="run" result="completed" time="0.001" timestamp="2026-06-10T17:48:00.006" classname="TestProcessFinnhubWebSocket1/ProcessFinnhubWebSocketTest" />
    <testcase name="TestProcessWebSocket/6" value_param="00007FF7CA5D8F10" file="C:\Users\hxguo\source\repos\FireBird\GoogleUnitTest\ProcessWebSocketDataTest.cpp" line="73" status="run" result="completed" time="0.001" timestamp="2026-06-10T17:48:00.008" classname="TestProcessFinnhubWebSocket1/ProcessFinnhubWebSocketTest" />
    <testcase name="TestProcessWebSocket/1" value_param="00007FF7CA5D8D30" file="C:\Users\hxguo\source\repos\FireBird\GoogleUnitTest\ProcessWebSocketDataTest.cpp" line="73" status="run" result="completed" time="0.001" timestamp="2026-06-10T17:48:00.009" classname="TestProcessFinnhubWebSocket1/ProcessFinnhubWebSocketTest" />
  </testsuite>
  <testsuite name="TestProcessTiingoIEXWebSocket1/ProcessTiingoIEXWebSocketTest" tests="7" failures="0" disabled="0" skipped="0" errors="0" time="0.009" timestamp="2026-06-10T17:48:00.127">
    <testcase name="TestProcessWebSocket/0" value_param="00007FF7CA5D8F70" file="C:\Users\hxguo\source\repos\FireBird\GoogleUnitTest\ProcessWebSocketDataTest.cpp" line="156" status="run" result="completed" time="0.001" timestamp="2026-06-10T17:48:00.127" classname="TestProcessTiingoIEXWebSocket1/ProcessTiingoIEXWebSocketTest" />
    <testcase name="TestProcessWebSocket/5" value_param="00007FF7CA5D9150" file="C:\Users\hxguo\source\repos\FireBird\GoogleUnitTest\ProcessWebSocketDataTest.cpp" line="156" status="run" result="completed" time="0.001" timestamp="2026-06-10T17:48:00.129" classname="TestProcessTiingoIEXWebSocket1/ProcessTiingoIEXWebSocketTest" />
    <testcase name="TestProcessWebSocket/2" value_param="00007FF7CA5D9030" file="C:\Users\hxguo\source\repos\FireBird\GoogleUnitTest\ProcessWebSocketDataTest.cpp" line="156" status="run" result="completed" time="0.001" timestamp="2026-06-10T17:48:00.131" classname="TestProcessTiingoIEXWebSocket1/ProcessTiingoIEXWebSocketTest" />
    <testcase name="TestProcessWebSocket/6" value_param="00007FF7CA5D91B0" file="C:\Users\hxguo\source\repos\FireBird\GoogleUnitTest\ProcessWebSocketDataTest.cpp" line="156" status="run" result="completed" time="0.001" timestamp="2026-06-10T17:48:00.132" classname="TestProcessTiingoIEXWebSocket1/ProcessTiingoIEXWebSocketTest" />
    <testcase name="TestProcessWebSocket/4" value_param="00007FF7CA5D90F0" file="C:\Users\hxguo\source\repos\FireBird\GoogleUnitTest\ProcessWebSocketDataTest.cpp" line="156" status="run" result="completed" time="0.001" timestamp="2026-06-10T17:48:00.133" classname="TestProcessTiingoIEXWebSocket1/ProcessTiingoIEXWebSocketTest" />
    <testcase name="TestProcessWebSocket/3" value_param="00007FF7CA5D9090" file="C:\Users\hxguo\source\repos\FireBird\GoogleUnitTest\ProcessWebSocketDataTest.cpp" line="156" status="run" result="completed" time="0.001" timestamp="2026-06-10T17:48:00.135" classname="TestProcessTiingoIEXWebSocket1/ProcessTiingoIEXWebSocketTest" />
    <testcase name="TestProcessWebSocket/1" value_param="00007FF7CA5D8FD0" file="C:\Users\hxguo\source\repos\FireBird\GoogleUnitTest\ProcessWebSocketDataTest.cpp" line="156" status="run" result="completed" time="0.001" timestamp="2026-06-10T17:48:00.136" classname="TestProcessTiingoIEXWebSocket1/ProcessTiingoIEXWebSocketTest" />
  </testsuite>
  <testsuite name="TestProcessTiingoCryptoWebSocket1/ProcessTiingoCryptoWebSocketTest" tests="7" failures="0" disabled="0" skipped="0" errors="0" time="0.008" timestamp="2026-06-10T17:48:00.033">
    <testcase name="TestProcessWebSocket/0" value_param="00007FF7CA5D9210" file="C:\Users\hxguo\source\repos\FireBird\GoogleUnitTest\ProcessWebSocketDataTest.cpp" line="249" status="run" result="completed" time="0.001" timestamp="2026-06-10T17:48:00.033" classname="TestProcessTiingoCryptoWebSocket1/ProcessTiingoCryptoWebSocketTest" />
    <testcase name="TestProcessWebSocket/6" value_param="00007FF7CA5D9450" file="C:\Users\hxguo\source\repos\FireBird\GoogleUnitTest\ProcessWebSocketDataTest.cpp" line="249" status="run" result="completed" time="0.001" timestamp="2026-06-10T17:48:00.035" classname="TestProcessTiingoCryptoWebSocket1/ProcessTiingoCryptoWebSocketTest" />
    <testcase name="TestProcessWebSocket/5" value_param="00007FF7CA5D93F0" file="C:\Users\hxguo\source\repos\FireBird\GoogleUnitTest\ProcessWebSocketDataTest.cpp" line="249" status="run" result="completed" time="0.001" timestamp="2026-06-10T17:48:00.036" classname="TestProcessTiingoCryptoWebSocket1/ProcessTiingoCryptoWebSocketTest" />
    <testcase name="TestProcessWebSocket/4" value_param="00007FF7CA5D9390" file="C:\Users\hxguo\source\repos\FireBird\GoogleUnitTest\ProcessWebSocketDataTest.cpp" line="249" status="run" result="completed" time="0.001" timestamp="2026-06-10T17:48:00.037" classname="TestProcessTiingoCryptoWebSocket1/ProcessTiingoCryptoWebSocketTest" />
    <testcase name="TestProcessWebSocket/3" value_param="00007FF7CA5D9330" file="C:\Users\hxguo\source\repos\FireBird\GoogleUnitTest\ProcessWebSocketDataTest.cpp" line="249" status="run" result="completed" time="0.001" timestamp="2026-06-10T17:48:00.039" classname="TestProcessTiingoCryptoWebSocket1/ProcessTiingoCryptoWebSocketTest" />
    <testcase name="TestProcessWebSocket/1" value_param="00007FF7CA5D9270" file="C:\Users\hxguo\source\repos\FireBird\GoogleUnitTest\ProcessWebSocketDataTest.cpp" line="249" status="run" result="completed" time="0.001" timestamp="2026-06-10T17:48:00.040" classname="TestProcessTiingoCryptoWebSocket1/ProcessTiingoCryptoWebSocketTest" />
    <testcase name="TestProcessWebSocket/2" value_param="00007FF7CA5D92D0" file="C:\Users\hxguo\source\repos\FireBird\GoogleUnitTest\ProcessWebSocketDataTest.cpp" line="249" status="run" result="completed" time="0.001" timestamp="2026-06-10T17:48:00.041" classname="TestProcessTiingoCryptoWebSocket1/ProcessTiingoCryptoWebSocketTest" />
  </testsuite>
  <testsuite name="TestProcessTiingoForexWebSocket1/ProcessTiingoForexWebSocketTest" tests="7" failures="0" disabled="0" skipped="0" errors="0" time="0.009" timestamp="2026-06-10T17:47:59.748">
    <testcase name="TestProcessWebSocket/4" value_param="00007FF7CA5D9630" file="C:\Users\hxguo\source\repos\FireBird\GoogleUnitTest\ProcessWebSocketDataTest.cpp" line="342" status="run" result="completed" time="0.001" timestamp="2026-06-10T17:47:59.748" classname="TestProcessTiingoForexWebSocket1/ProcessTiingoForexWebSocketTest" />
    <testcase name="TestProcessWebSocket/2" value_param="00007FF7CA5D9570" file="C:\Users\hxguo\source\repos\FireBird\GoogleUnitTest\ProcessWebSocketDataTest.cpp" line="342" status="run" result="completed" time="0.001" timestamp="2026-06-10T17:47:59.750" classname="TestProcessTiingoForexWebSocket1/ProcessTiingoForexWebSocketTest" />
    <testcase name="TestProcessWebSocket/5" value_param="00007FF7CA5D9690" file="C:\Users\hxguo\source\repos\FireBird\GoogleUnitTest\ProcessWebSocketDataTest.cpp" line="342" status="run" result="completed" time="0.001" timestamp="2026-06-10T17:47:59.751" classname="TestProcessTiingoForexWebSocket1/ProcessTiingoForexWebSocketTest" />
    <testcase name="TestProcessWebSocket/6" value_param="00007FF7CA5D96F0" file="C:\Users\hxguo\source\repos\FireBird\GoogleUnitTest\ProcessWebSocketDataTest.cpp" line="342" status="run" result="completed" time="0.001" timestamp="2026-06-10T17:47:59.752" classname="TestProcessTiingoForexWebSocket1/ProcessTiingoForexWebSocketTest" />
    <testcase name="TestProcessWebSocket/0" value_param="00007FF7CA5D94B0" file="C:\Users\hxguo\source\repos\FireBird\GoogleUnitTest\ProcessWebSocketDataTest.cpp" line="342" status="run" result="completed" time="0.001" timestamp="2026-06-10T17:47:59.754" classname="TestProcessTiingoForexWebSocket1/ProcessTiingoForexWebSocketTest" />
    <testcase name="TestProcessWebSocket/3" value_param="00007FF7CA5D95D0" file="C:\Users\hxguo\source\repos\FireBird\GoogleUnitTest\ProcessWebSocketDataTest.cpp" line="342" status="run" result="completed" time="0.001" timestamp="2026-06-10T17:47:59.755" classname="TestProcessTiingoForexWebSocket1/ProcessTiingoForexWebSocketTest" />
    <testcase name="TestProcessWebSocket/1" value_param="00007FF7CA5D9510" file="C:\Users\hxguo\source\repos\FireBird\GoogleUnitTest\ProcessWebSocketDataTest.cpp" line="342" status="run" result="completed" time="0.001" timestamp="2026-06-10T17:47:59.756" classname="TestProcessTiingoForexWebSocket1/ProcessTiingoForexWebSocketTest" />
  </testsuite>
  <testsuite name="TestProcessOneFinnhubWebSocketData1/ProcessOneFinnhubWebSocketDataTest" tests="14" failures="0" disabled="0" skipped="0" errors="0" time="0.023" timestamp="2026-06-10T17:47:59.757">
    <testcase name="TestProcessOneFinnhubWebSocketData0/3" value_param="00007FF7CA5D9A90" file="C:\Users\hxguo\source\repos\FireBird\GoogleUnitTest\ProcessFinnhubWebDataTest.cpp" line="86" status="run" result="completed" time="0.001" timestamp="2026-06-10T17:47:59.757" classname="TestProcessOneFinnhubWebSocketData1/ProcessOneFinnhubWebSocketDataTest" />
    <testcase name="TestProcessOneFinnhubWebSocketData0/5" value_param="00007FF7CA5D9AF0" file="C:\Users\hxguo\source\repos\FireBird\GoogleUnitTest\ProcessFinnhubWebDataTest.cpp" line="86" status="run" result="completed" time="0.001" timestamp="2026-06-10T17:47:59.759" classname="TestProcessOneFinnhubWebSocketData1/ProcessOneFinnhubWebSocketDataTest" />
    <testcase name="TestProcessOneFinnhubWebSocketDataWithSidmjson/2" value_param="00007FF7CA5D9A60" file="C:\Users\hxguo\source\repos\FireBird\GoogleUnitTest\ProcessFinnhubWebDataTest.cpp" line="151" status="run" result="completed" time="0.001" timestamp="2026-06-10T17:47:59.761" classname="TestProcessOneFinnhubWebSocketData1/ProcessOneFinnhubWebSocketDataTest" />
    <testcase name="TestProcessOneFinnhubWebSocketData0/4" value_param="00007FF7CA5D9AC0" file="C:\Users\hxguo\source\repos\FireBird\GoogleUnitTest\ProcessFinnhubWebDataTest.cpp" line="86" status="run" result="completed" time="0.001" timestamp="2026-06-10T17:47:59.763" classname="TestProcessOneFinnhubWebSocketData1/ProcessOneFinnhubWebSocketDataTest" />
    <testcase name="TestProcessOneFinnhubWebSocketDataWithSidmjson/3" value_param="00007FF7CA5D9A90" file="C:\Users\hxguo\source\repos\FireBird\GoogleUnitTest\ProcessFinnhubWebDataTest.cpp" line="151" status="run" result="completed" time="0.001" timestamp="2026-06-10T17:47:59.765" classname="TestProcessOneFinnhubWebSocketData1/ProcessOneFinnhubWebSocketDataTest" />
    <testcase name="TestProcessOneFinnhubWebSocketData0/0" value_param="00007FF7CA5D9A00" file="C:\Users\hxguo\source\repos\FireBird\GoogleUnitTest\ProcessFinnhubWebDataTest.cpp" line="86" status="run" result="completed" time="0.001" timestamp="2026-06-10T17:47:59.767" classname="TestProcessOneFinnhubWebSocketData1/ProcessOneFinnhubWebSocketDataTest" />
    <testcase name="TestProcessOneFinnhubWebSocketDataWithSidmjson/6" value_param="00007FF7CA5D9B20" file="C:\Users\hxguo\source\repos\FireBird\GoogleUnitTest\ProcessFinnhubWebDataTest.cpp" line="151" status="run" result="completed" time="0.001" timestamp="2026-06-10T17:47:59.768" classname="TestProcessOneFinnhubWebSocketData1/ProcessOneFinnhubWebSocketDataTest" />
    <testcase name="TestProcessOneFinnhubWebSocketData0/2" value_param="00007FF7CA5D9A60" file="C:\Users\hxguo\source\repos\FireBird\GoogleUnitTest\ProcessFinnhubWebDataTest.cpp" line="86" status="run" result="completed" time="0.001" timestamp="2026-06-10T17:47:59.770" classname="TestProcessOneFinnhubWebSocketData1/ProcessOneFinnhubWebSocketDataTest" />
    <testcase name="TestProcessOneFinnhubWebSocketData0/1" value_param="00007FF7CA5D9A30" file="C:\Users\hxguo\source\repos\FireBird\GoogleUnitTest\ProcessFinnhubWebDataTest.cpp" line="86" status="run" result="completed" time="0.001" timestamp="2026-06-10T17:47:59.771" classname="TestProcessOneFinnhubWebSocketData1/ProcessOneFinnhubWebSocketDataTest" />
    <testcase name="TestProcessOneFinnhubWebSocketDataWithSidmjson/4" value_param="00007FF7CA5D9AC0" file="C:\Users\hxguo\source\repos\FireBird\GoogleUnitTest\ProcessFinnhubWebDataTest.cpp" line="151" status="run" result="completed" time="0.001" timestamp="2026-06-10T17:47:59.772" classname="TestProcessOneFinnhubWebSocketData1/ProcessOneFinnhubWebSocketDataTest" />
    <testcase name="TestProcessOneFinnhubWebSocketDataWithSidmjson/0" value_param="00007FF7CA5D9A00" file="C:\Users\hxguo\source\repos\FireBird\GoogleUnitTest\ProcessFinnhubWebDataTest.cpp" line="151" status="run" result="completed" time="0.001" timestamp="2026-06-10T17:47:59.774" classname="TestProcessOneFinnhubWebSocketData1/ProcessOneFinnhubWebSocketDataTest" />
    <testcase name="TestProcessOneFinnhubWebSocketData0/6" value_param="00007FF7CA5D9B20" file="C:\Users\hxguo\source\repos\FireBird\GoogleUnitTest\ProcessFinnhubWebDataTest.cpp" line="86" status="run" result="completed" time="0.001" timestamp="2026-06-10T17:47:59.775" classname="TestProcessOneFinnhubWebSocketData1/ProcessOneFinnhubWebSocketDataTest" />
    <testcase name="TestProcessOneFinnhubWebSocketDataWithSidmjson/5" value_param="00007FF7CA5D9AF0" file="C:\Users\hxguo\source\repos\FireBird\GoogleUnitTest\ProcessFinnhubWebDataTest.cpp" line="151" status="run" result="completed" time="0.001" timestamp="2026-06-10T17:47:59.777" classname="TestProcessOneFinnhubWebSocketData1/ProcessOneFinnhubWebSocketDataTest" />
    <testcase name="TestProcessOneFinnhubWebSocketDataWithSidmjson/1" value_param="00007FF7CA5D9A30" file="C:\Users\hxguo\source\repos\FireBird\GoogleUnitTest\ProcessFinnhubWebDataTest.cpp" line="151" status="run" result="completed" time="0.002" timestamp="2026-06-10T17:47:59.778" classname="TestProcessOneFinnhubWebSocketData1/ProcessOneFinnhubWebSocketDataTest" />
  </testsuite>
  <testsuite name="TestProcessOneTiingoForexWebSocketData1/ProcessOneTiingoForexWebSocketDataTest" tests="10" failures="0" disabled="0" skipped="0" errors="0" time="0.016" timestamp="2026-06-10T17:47:59.815">
    <testcase name="TestProcessOneTiingoForexWebSocketData0/0" value_param="00007FF7CA5D9BC0" file="C:\Users\hxguo\source\repos\FireBird\GoogleUnitTest\ProcessTiingoWebDataTest.cpp" line="98" status="run" result="completed" time="0.001" timestamp="2026-06-10T17:47:59.815" classname="TestProcessOneTiingoForexWebSocketData1/ProcessOneTiingoForexWebSocketDataTest" />
    <testcase name="TestProcessOneTiingoForexWebSocketData0/2" value_param="00007FF7CA5D9D40" file="C:\Users\hxguo\source\repos\FireBird\GoogleUnitTest\ProcessTiingoWebDataTest.cpp" line="98" status="run" result="completed" time="0.001" timestamp="2026-06-10T17:47:59.817" classname="TestProcessOneTiingoForexWebSocketData1/ProcessOneTiingoForexWebSocketDataTest" />
    <testcase name="TestProcessOneTiingoForexWebSocketData0/5" value_param="00007FF7CA5D9E60" file="C:\Users\hxguo\source\repos\FireBird\GoogleUnitTest\ProcessTiingoWebDataTest.cpp" line="98" status="run" result="completed" time="0.001" timestamp="2026-06-10T17:47:59.819" classname="TestProcessOneTiingoForexWebSocketData1/ProcessOneTiingoForexWebSocketDataTest" />
    <testcase name="TestProcessOneTiingoForexWebSocketData0/8" value_param="00007FF7CA5D9F80" file="C:\Users\hxguo\source\repos\FireBird\GoogleUnitTest\ProcessTiingoWebDataTest.cpp" line="98" status="run" result="completed" time="0.001" timestamp="2026-06-10T17:47:59.820" classname="TestProcessOneTiingoForexWebSocketData1/ProcessOneTiingoForexWebSocketDataTest" />
    <testcase name="TestProcessOneTiingoForexWebSocketData0/6" value_param="00007FF7CA5D9EC0" file="C:\Users\hxguo\source\repos\FireBird\GoogleUnitTest\ProcessTiingoWebDataTest.cpp" line="98" status="run" result="completed" time="0.001" timestamp="2026-06-10T17:47:59.822" classname="TestProcessOneTiingoForexWebSocketData1/ProcessOneTiingoForexWebSocketDataTest" />
    <testcase name="TestProcessOneTiingoForexWebSocketData0/1" value_param="00007FF7CA5D9C20" file="C:\Users\hxguo\source\repos\FireBird\GoogleUnitTest\ProcessTiingoWebDataTest.cpp" line="98" status="run" result="completed" time="0.001" timestamp="2026-06-10T17:47:59.823" classname="TestProcessOneTiingoForexWebSocketData1/ProcessOneTiingoForexWebSocketDataTest" />
    <testcase name="TestProcessOneTiingoForexWebSocketData0/7" value_param="00007FF7CA5D9F20" file="C:\Users\hxguo\source\repos\FireBird\GoogleUnitTest\ProcessTiingoWebDataTest.cpp" line="98" status="run" result="completed" time="0.001" timestamp="2026-06-10T17:47:59.825" classname="TestProcessOneTiingoForexWebSocketData1/ProcessOneTiingoForexWebSocketDataTest" />
    <testcase name="TestProcessOneTiingoForexWebSocketData0/3" value_param="00007FF7CA5D9DA0" file="C:\Users\hxguo\source\repos\FireBird\GoogleUnitTest\ProcessTiingoWebDataTest.cpp" line="98" status="run" result="completed" time="0.001" timestamp="2026-06-10T17:47:59.826" classname="TestProcessOneTiingoForexWebSocketData1/ProcessOneTiingoForexWebSocketDataTest" />
    <testcase name="TestProcessOneTiingoForexWebSocketData0/4" value_param="00007FF7CA5D9E00" file="C:\Users\hxguo\source\repos\FireBird\GoogleUnitTest\ProcessTiingoWebDataTest.cpp" line="98" status="run" result="completed" time="0.001" timestamp="2026-06-10T17:47:59.828" classname="TestProcessOneTiingoForexWebSocketData1/ProcessOneTiingoForexWebSocketDataTest" />
    <testcase name="TestProcessOneTiingoForexWebSocketData0/9" value_param="00007FF7CA5D9FE0" file="C:\Users\hxguo\source\repos\FireBird\GoogleUnitTest\ProcessTiingoWebDataTest.cpp" line="98" status="run" result="completed" time="0.001" timestamp="2026-06-10T17:47:59.830" classname="TestProcessOneTiingoForexWebSocketData1/ProcessOneTiingoForexWebSocketDataTest" />
  </testsuite>
  <testsuite name="TestProcessOneTiingoCryptoWebSocketData1/ProcessOneTiingoCryptoWebSocketDataTest" tests="10" failures="0" disabled="0" skipped="0" errors="0" time="0.023" timestamp="2026-06-10T17:48:00.010">
    <testcase name="TestProcessOneTiingoCryptoWebSocketData0/5" value_param="00007FF7CA5DA220" file="C:\Users\hxguo\source\repos\FireBird\GoogleUnitTest\ProcessTiingoWebDataTest.cpp" line="208" status="run" result="completed" time="0.001" timestamp="2026-06-10T17:48:00.010" classname="TestProcessOneTiingoCryptoWebSocketData1/ProcessOneTiingoCryptoWebSocketDataTest" />
    <testcase name="TestProcessOneTiingoCryptoWebSocketData0/3" value_param="00007FF7CA5DA160" file="C:\Users\hxguo\source\repos\FireBird\GoogleUnitTest\ProcessTiingoWebDataTest.cpp" line="208" status="run" result="completed" time="0.002" timestamp="2026-06-10T17:48:00.012" classname="TestProcessOneTiingoCryptoWebSocketData1/ProcessOneTiingoCryptoWebSocketDataTest" />
    <testcase name="TestProcessOneTiingoCryptoWebSocketData0/9" value_param="00007FF7CA5DA3A0" file="C:\Users\hxguo\source\repos\FireBird\GoogleUnitTest\ProcessTiingoWebDataTest.cpp" line="208" status="run" result="completed" time="0.003" timestamp="2026-06-10T17:48:00.015" classname="TestProcessOneTiingoCryptoWebSocketData1/ProcessOneTiingoCryptoWebSocketDataTest" />
    <testcase name="TestProcessOneTiingoCryptoWebSocketData0/7" value_param="00007FF7CA5DA2E0" file="C:\Users\hxguo\source\repos\FireBird\GoogleUnitTest\ProcessTiingoWebDataTest.cpp" line="208" status="run" result="completed" time="0.002" timestamp="2026-06-10T17:48:00.019" classname="TestProcessOneTiingoCryptoWebSocketData1/ProcessOneTiingoCryptoWebSocketDataTest" />
    <testcase name="TestProcessOneTiingoCryptoWebSocketData0/1" value_param="00007FF7CA5DA0A0" file="C:\Users\hxguo\source\repos\FireBird\GoogleUnitTest\ProcessTiingoWebDataTest.cpp" line="208" status="run" result="completed" time="0.001" timestamp="2026-06-10T17:48:00.022" classname="TestProcessOneTiingoCryptoWebSocketData1/ProcessOneTiingoCryptoWebSocketDataTest" />
    <testcase name="TestProcessOneTiingoCryptoWebSocketData0/6" value_param="00007FF7CA5DA280" file="C:\Users\hxguo\source\repos\FireBird\GoogleUnitTest\ProcessTiingoWebDataTest.cpp" line="208" status="run" result="completed" time="0.001" timestamp="2026-06-10T17:48:00.023" classname="TestProcessOneTiingoCryptoWebSocketData1/ProcessOneTiingoCryptoWebSocketDataTest" />
    <testcase name="TestProcessOneTiingoCryptoWebSocketData0/4" value_param="00007FF7CA5DA1C0" file="C:\Users\hxguo\source\repos\FireBird\GoogleUnitTest\ProcessTiingoWebDataTest.cpp" line="208" status="run" result="completed" time="0.001" timestamp="2026-06-10T17:48:00.025" classname="TestProcessOneTiingoCryptoWebSocketData1/ProcessOneTiingoCryptoWebSocketDataTest" />
    <testcase name="TestProcessOneTiingoCryptoWebSocketData0/0" value_param="00007FF7CA5DA040" file="C:\Users\hxguo\source\repos\FireBird\GoogleUnitTest\ProcessTiingoWebDataTest.cpp" line="208" status="run" result="completed" time="0.001" timestamp="2026-06-10T17:48:00.026" classname="TestProcessOneTiingoCryptoWebSocketData1/ProcessOneTiingoCryptoWebSocketDataTest" />
    <testcase name="TestProcessOneTiingoCryptoWebSocketData0/2" value_param="00007FF7CA5DA100" file="C:\Users\hxguo\source\repos\FireBird\GoogleUnitTest\ProcessTiingoWebDataTest.cpp" line="208" status="run" result="completed" time="0.002" timestamp="2026-06-10T17:48:00.028" classname="TestProcessOneTiingoCryptoWebSocketData1/ProcessOneTiingoCryptoWebSocketDataTest" />
    <testcase name="TestProcessOneTiingoCryptoWebSocketData0/8" value_param="00007FF7CA5DA340" file="C:\Users\hxguo\source\repos\FireBird\GoogleUnitTest\ProcessTiingoWebDataTest.cpp" line="208" status="run" result="completed" time="0.002" timestamp="2026-06-10T17:48:00.030" classname="TestProcessOneTiingoCryptoWebSocketData1/ProcessOneTiingoCryptoWebSocketDataTest" />
  </testsuite>
  <testsuite name="TestProcessOneTiingoIEXWebSocketData1/ProcessOneTiingoIEXWebSocketDataTest" tests="10" failures="0" disabled="0" skipped="0" errors="0" time="0.016" timestamp="2026-06-10T17:48:00.091">
    <testcase name="TestProcessOneTiingoIEXWebSocketData0/6" value_param="00007FF7CA5DA640" file="C:\Users\hxguo\source\repos\FireBird\GoogleUnitTest\ProcessTiingoWebDataTest.cpp" line="333" status="run" result="completed" time="0.001" timestamp="2026-06-10T17:48:00.091" classname="TestProcessOneTiingoIEXWebSocketData1/ProcessOneTiingoIEXWebSocketDataTest" />
    <testcase name="TestProcessOneTiingoIEXWebSocketData0/2" value_param="00007FF7CA5DA4C0" file="C:\Users\hxguo\source\repos\FireBird\GoogleUnitTest\ProcessTiingoWebDataTest.cpp" line="333" status="run" result="completed" time="0.001" timestamp="2026-06-10T17:48:00.093" classname="TestProcessOneTiingoIEXWebSocketData1/ProcessOneTiingoIEXWebSocketDataTest" />
    <testcase name="TestProcessOneTiingoIEXWebSocketData0/9" value_param="00007FF7CA5DA3A0" file="C:\Users\hxguo\source\repos\FireBird\GoogleUnitTest\ProcessTiingoWebDataTest.cpp" line="333" status="run" result="completed" time="0.001" timestamp="2026-06-10T17:48:00.095" classname="TestProcessOneTiingoIEXWebSocketData1/ProcessOneTiingoIEXWebSocketDataTest" />
    <testcase name="TestProcessOneTiingoIEXWebSocketData0/5" value_param="00007FF7CA5DA5E0" file="C:\Users\hxguo\source\repos\FireBird\GoogleUnitTest\ProcessTiingoWebDataTest.cpp" line="333" status="run" result="completed" time="0.001" timestamp="2026-06-10T17:48:00.097" classname="TestProcessOneTiingoIEXWebSocketData1/ProcessOneTiingoIEXWebSocketDataTest" />
    <testcase name="TestProcessOneTiingoIEXWebSocketData0/4" value_param="00007FF7CA5DA580" file="C:\Users\hxguo\source\repos\FireBird\GoogleUnitTest\ProcessTiingoWebDataTest.cpp" line="333" status="run" result="completed" time="0.001" timestamp="2026-06-10T17:48:00.099" classname="TestProcessOneTiingoIEXWebSocketData1/ProcessOneTiingoIEXWebSocketDataTest" />
    <testcase name="TestProcessOneTiingoIEXWebSocketData0/8" value_param="00007FF7CA5DA700" file="C:\Users\hxguo\source\repos\FireBird\GoogleUnitTest\ProcessTiingoWebDataTest.cpp" line="333" status="run" result="completed" time="0.001" timestamp="2026-06-10T17:48:00.100" classname="TestProcessOneTiingoIEXWebSocketData1/ProcessOneTiingoIEXWebSocketDataTest" />
    <testcase name="TestProcessOneTiingoIEXWebSocketData0/0" value_param="00007FF7CA5DA400" file="C:\Users\hxguo\source\repos\FireBird\GoogleUnitTest\ProcessTiingoWebDataTest.cpp" line="333" status="run" result="completed" time="0.001" timestamp="2026-06-10T17:48:00.102" classname="TestProcessOneTiingoIEXWebSocketData1/ProcessOneTiingoIEXWebSocketDataTest" />
    <testcase name="TestProcessOneTiingoIEXWebSocketData0/1" value_param="00007FF7CA5DA460" file="C:\Users\hxguo\source\repos\FireBird\GoogleUnitTest\ProcessTiingoWebDataTest.cpp" line="333" status="run" result="completed" time="0.001" timestamp="2026-06-10T17:48:00.104" classname="TestProcessOneTiingoIEXWebSocketData1/ProcessOneTiingoIEXWebSocketDataTest" />
    <testcase name="TestProcessOneTiingoIEXWebSocketData0/7" value_param="00007FF7CA5DA6A0" file="C:\Users\hxguo\source\repos\FireBird\GoogleUnitTest\ProcessTiingoWebDataTest.cpp" line="333" status="run" result="completed" time="0.001" timestamp="2026-06-10T17:48:00.105" classname="TestProcessOneTiingoIEXWebSocketData1/ProcessOneTiingoIEXWebSocketDataTest" />
    <testcase name="TestProcessOneTiingoIEXWebSocketData0/3" value_param="00007FF7CA5DA520" file="C:\Users\hxguo\source\repos\FireBird\GoogleUnitTest\ProcessTiingoWebDataTest.cpp" line="333" status="run" result="completed" time="0.001" timestamp="2026-06-10T17:48:00.107" classname="TestProcessOneTiingoIEXWebSocketData1/ProcessOneTiingoIEXWebSocketDataTest" />
  </testsuite>
  <testsuite name="TestParseTiingoStockDayLine1/ParseTiingoStockDayLineTest" tests="10" failures="0" disabled="0" skipped="0" errors="0" time="0.02" timestamp="2026-06-10T17:47:59.973">
    <testcase name="TestParseTiingoStockDayLine0/1" value_param="00007FF7CA5DAB40" file="C:\Users\hxguo\source\repos\FireBird\GoogleUnitTest\ProductTiingoStockDayLineTest.cpp" line="142" status="run" result="completed" time="0.001" timestamp="2026-06-10T17:47:59.973" classname="TestParseTiingoStockDayLine1/ParseTiingoStockDayLineTest" />
    <testcase name="TestParseTiingoStockDayLine0/3" value_param="00007FF7CA5DABC0" file="C:\Users\hxguo\source\repos\FireBird\GoogleUnitTest\ProductTiingoStockDayLineTest.cpp" line="142" status="run" result="completed" time="0.001" timestamp="2026-06-10T17:47:59.975" classname="TestParseTiingoStockDayLine1/ParseTiingoStockDayLineTest" />
    <testcase name="TestParseTiingoStockDayLine0/8" value_param="00007FF7CA5DAD00" file="C:\Users\hxguo\source\repos\FireBird\GoogleUnitTest\ProductTiingoStockDayLineTest.cpp" line="142" status="run" result="completed" time="0.002" timestamp="2026-06-10T17:47:59.977" classname="TestParseTiingoStockDayLine1/ParseTiingoStockDayLineTest" />
    <testcase name="TestParseTiingoStockDayLine0/7" value_param="00007FF7CA5DACC0" file="C:\Users\hxguo\source\repos\FireBird\GoogleUnitTest\ProductTiingoStockDayLineTest.cpp" line="142" status="run" result="completed" time="0.002" timestamp="2026-06-10T17:47:59.980" classname="TestParseTiingoStockDayLine1/ParseTiingoStockDayLineTest" />
    <testcase name="TestParseTiingoStockDayLine0/0" value_param="00007FF7CA5DAB00" file="C:\Users\hxguo\source\repos\FireBird\GoogleUnitTest\ProductTiingoStockDayLineTest.cpp" line="142" status="run" result="completed" time="0.001" timestamp="2026-06-10T17:47:59.983" classname="TestParseTiingoStockDayLine1/ParseTiingoStockDayLineTest" />
    <testcase name="TestParseTiingoStockDayLine0/2" value_param="00007FF7CA5DAB80" file="C:\Users\hxguo\source\repos\FireBird\GoogleUnitTest\ProductTiingoStockDayLineTest.cpp" line="142" status="run" result="completed" time="0.002" timestamp="2026-06-10T17:47:59.985" classname="TestParseTiingoStockDayLine1/ParseTiingoStockDayLineTest" />
    <testcase name="TestParseTiingoStockDayLine0/5" value_param="00007FF7CA5DAC40" file="C:\Users\hxguo\source\repos\FireBird\GoogleUnitTest\ProductTiingoStockDayLineTest.cpp" line="142" status="run" result="completed" time="0.001" timestamp="2026-06-10T17:47:59.987" classname="TestParseTiingoStockDayLine1/ParseTiingoStockDayLineTest" />
    <testcase name="TestParseTiingoStockDayLine0/9" value_param="00007FF7CA5DAD40" file="C:\Users\hxguo\source\repos\FireBird\GoogleUnitTest\ProductTiingoStockDayLineTest.cpp" line="142" status="run" result="completed" time="0.001" timestamp="2026-06-10T17:47:59.989" classname="TestParseTiingoStockDayLine1/ParseTiingoStockDayLineTest" />
    <testcase name="TestParseTiingoStockDayLine0/4" value_param="00007FF7CA5DAC00" file="C:\Users\hxguo\source\repos\FireBird\GoogleUnitTest\ProductTiingoStockDayLineTest.cpp" line="142" status="run" result="completed" time="0.001" timestamp="2026-06-10T17:47:59.991" classname="TestParseTiingoStockDayLine1/ParseTiingoStockDayLineTest" />
    <testcase name="TestParseTiingoStockDayLine0/6" value_param="00007FF7CA5DAC80" file="C:\Users\hxguo\source\repos\FireBird\GoogleUnitTest\ProductTiingoStockDayLineTest.cpp" line="142" status="run" result="completed" time="0.001" timestamp="2026-06-10T17:47:59.992" classname="TestParseTiingoStockDayLine1/ParseTiingoStockDayLineTest" />
  </testsuite>
  <testsuite name="TestProcessTiingoStockDayLine/ProcessTiingoStockDayLineTest" tests="9" failures="0" disabled="0" skipped="0" errors="0" time="0.019" timestamp="2026-06-10T17:48:00.245">
    <testcase name="TestProcessTiingoStockDayLine/1" value_param="00007FF7CA5DAB40" file="C:\Users\hxguo\source\repos\FireBird\GoogleUnitTest\ProductTiingoStockDayLineTest.cpp" line="232" status="run" result="completed" time="0.002" timestamp="2026-06-10T17:48:00.245" classname="TestProcessTiingoStockDayLine/ProcessTiingoStockDayLineTest" />
    <testcase name="TestProcessTiingoStockDayLine/3" value_param="00007FF7CA5DABC0" file="C:\Users\hxguo\source\repos\FireBird\GoogleUnitTest\ProductTiingoStockDayLineTest.cpp" line="232" status="run" result="completed" time="0.002" timestamp="2026-06-10T17:48:00.247" classname="TestProcessTiingoStockDayLine/ProcessTiingoStockDayLineTest" />
    <testcase name="TestProcessTiingoStockDayLine/8" value_param="00007FF7CA5DAD00" file="C:\Users\hxguo\source\repos\FireBird\GoogleUnitTest\ProductTiingoStockDayLineTest.cpp" line="232" status="run" result="completed" time="0.002" timestamp="2026-06-10T17:48:00.250" classname="TestProcessTiingoStockDayLine/ProcessTiingoStockDayLineTest" />
    <testcase name="TestProcessTiingoStockDayLine/4" value_param="00007FF7CA5DAC00" file="C:\Users\hxguo\source\repos\FireBird\GoogleUnitTest\ProductTiingoStockDayLineTest.cpp" line="232" status="run" result="completed" time="0.002" timestamp="2026-06-10T17:48:00.252" classname="TestProcessTiingoStockDayLine/ProcessTiingoStockDayLineTest" />
    <testcase name="TestProcessTiingoStockDayLine/2" value_param="00007FF7CA5DAB80" file="C:\Users\hxguo\source\repos\FireBird\GoogleUnitTest\ProductTiingoStockDayLineTest.cpp" line="232" status="run" result="completed" time="0.001" timestamp="2026-06-10T17:48:00.254" classname="TestProcessTiingoStockDayLine/ProcessTiingoStockDayLineTest" />
    <testcase name="TestProcessTiingoStockDayLine/7" value_param="00007FF7CA5DACC0" file="C:\Users\hxguo\source\repos\FireBird\GoogleUnitTest\ProductTiingoStockDayLineTest.cpp" line="232" status="run" result="completed" time="0.001" timestamp="2026-06-10T17:48:00.256" classname="TestProcessTiingoStockDayLine/ProcessTiingoStockDayLineTest" />
    <testcase name="TestProcessTiingoStockDayLine/0" value_param="00007FF7CA5DAB00" file="C:\Users\hxguo\source\repos\FireBird\GoogleUnitTest\ProductTiingoStockDayLineTest.cpp" line="232" status="run" result="completed" time="0.001" timestamp="2026-06-10T17:48:00.258" classname="TestProcessTiingoStockDayLine/ProcessTiingoStockDayLineTest" />
    <testcase name="TestProcessTiingoStockDayLine/6" value_param="00007FF7CA5DAC80" file="C:\Users\hxguo\source\repos\FireBird\GoogleUnitTest\ProductTiingoStockDayLineTest.cpp" line="232" status="run" result="completed" time="0.002" timestamp="2026-06-10T17:48:00.260" classname="TestProcessTiingoStockDayLine/ProcessTiingoStockDayLineTest" />
    <testcase name="TestProcessTiingoStockDayLine/5" value_param="00007FF7CA5DAC40" file="C:\Users\hxguo\source\repos\FireBird\GoogleUnitTest\ProductTiingoStockDayLineTest.cpp" line="232" status="run" result="completed" time="0.002" timestamp="2026-06-10T17:48:00.262" classname="TestProcessTiingoStockDayLine/ProcessTiingoStockDayLineTest" />
  </testsuite>
  <testsuite name="TestParseTiingoStockProfile/ParseTiingoStockTest" tests="5" failures="0" disabled="0" skipped="0" errors="0" time="0.008" timestamp="2026-06-10T17:47:59.832">
    <testcase name="TestParseStockProfile/1" value_param="00007FF7CA5DAE80" file="C:\Users\hxguo\source\repos\FireBird\GoogleUnitTest\ProductTiingoStockProfileTest.cpp" line="115" status="run" result="completed" time="0.001" timestamp="2026-06-10T17:47:59.832" classname="TestParseTiingoStockProfile/ParseTiingoStockTest" />
    <testcase name="TestParseStockProfile/0" value_param="00007FF7CA5DAE40" file="C:\Users\hxguo\source\repos\FireBird\GoogleUnitTest\ProductTiingoStockProfileTest.cpp" line="115" status="run" result="completed" time="0.001" timestamp="2026-06-10T17:47:59.834" classname="TestParseTiingoStockProfile/ParseTiingoStockTest" />
    <testcase name="TestParseStockProfile/3" value_param="00007FF7CA5DAF00" file="C:\Users\hxguo\source\repos\FireBird\GoogleUnitTest\ProductTiingoStockProfileTest.cpp" line="115" status="run" result="completed" time="0.001" timestamp="2026-06-10T17:47:59.835" classname="TestParseTiingoStockProfile/ParseTiingoStockTest" />
    <testcase name="TestParseStockProfile/4" value_param="00007FF7CA5DAF40" file="C:\Users\hxguo\source\repos\FireBird\GoogleUnitTest\ProductTiingoStockProfileTest.cpp" line="115" status="run" result="completed" time="0.001" timestamp="2026-06-10T17:47:59.837" classname="TestParseTiingoStockProfile/ParseTiingoStockTest" />
    <testcase name="TestParseStockProfile/2" value_param="00007FF7CA5DAEC0" file="C:\Users\hxguo\source\repos\FireBird\GoogleUnitTest\ProductTiingoStockProfileTest.cpp" line="115" status="run" result="completed" time="0.001" timestamp="2026-06-10T17:47:59.839" classname="TestParseTiingoStockProfile/ParseTiingoStockTest" />
  </testsuite>
  <testsuite name="TestProcessTiingoStockProfile/ProcessTiingoStockProfileTest" tests="5" failures="0" disabled="0" skipped="0" errors="0" time="0.023" timestamp="2026-06-10T17:47:59.935">
    <testcase name="TestProcessStockProfile/1" value_param="00007FF7CA5DAE80" file="C:\Users\hxguo\source\repos\FireBird\GoogleUnitTest\ProductTiingoStockProfileTest.cpp" line="221" status="run" result="completed" time="0.002" timestamp="2026-06-10T17:47:59.935" classname="TestProcessTiingoStockProfile/ProcessTiingoStockProfileTest" />
    <testcase name="TestProcessStockProfile/0" value_param="00007FF7CA5DAE40" file="C:\Users\hxguo\source\repos\FireBird\GoogleUnitTest\ProductTiingoStockProfileTest.cpp" line="221" status="run" result="completed" time="0.002" timestamp="2026-06-10T17:47:59.938" classname="TestProcessTiingoStockProfile/ProcessTiingoStockProfileTest" />
    <testcase name="TestProcessStockProfile/4" value_param="00007FF7CA5DAF40" file="C:\Users\hxguo\source\repos\FireBird\GoogleUnitTest\ProductTiingoStockProfileTest.cpp" line="221" status="run" result="completed" time="0.009" timestamp="2026-06-10T17:47:59.940" classname="TestProcessTiingoStockProfile/ProcessTiingoStockProfileTest" />
    <testcase name="TestProcessStockProfile/2" value_param="00007FF7CA5DAEC0" file="C:\Users\hxguo\source\repos\FireBird\GoogleUnitTest\ProductTiingoStockProfileTest.cpp" line="221" status="run" result="completed" time="0.004" timestamp="2026-06-10T17:47:59.950" classname="TestProcessTiingoStockProfile/ProcessTiingoStockProfileTest" />
    <testcase name="TestProcessStockProfile/3" value_param="00007FF7CA5DAF00" file="C:\Users\hxguo\source\repos\FireBird\GoogleUnitTest\ProductTiingoStockProfileTest.cpp" line="221" status="run" result="completed" time="0.004" timestamp="2026-06-10T17:47:59.955" classname="TestProcessTiingoStockProfile/ProcessTiingoStockProfileTest" />
  </testsuite>
  <testsuite name="TestCheckNeteaseDayLineInquiryData/CheckNeteaseDayLineInquiryStrTest" tests="8" failures="0" disabled="0" skipped="0" errors="0" time="0.01" timestamp="2026-06-10T17:47:59.714">
    <testcase name="TestCheck/0" value_param="00007FF7CA5DB908" file="C:\Users\hxguo\source\repos\FireBird\GoogleUnitTest\CheckNeteaseDayLineInquiryStrTest.cpp" line="58" status="run" result="completed" time="0.001" timestamp="2026-06-10T17:47:59.714" classname="TestCheckNeteaseDayLineInquiryData/CheckNeteaseDayLineInquiryStrTest" />
    <testcase name="TestCheck/4" value_param="00007FF7CA5DB9C8" file="C:\Users\hxguo\source\repos\FireBird\GoogleUnitTest\CheckNeteaseDayLineInquiryStrTest.cpp" line="58" status="run" result="completed" time="0.001" timestamp="2026-06-10T17:47:59.716" classname="TestCheckNeteaseDayLineInquiryData/CheckNeteaseDayLineInquiryStrTest" />
    <testcase name="TestCheck/2" value_param="00007FF7CA5DB968" file="C:\Users\hxguo\source\repos\FireBird\GoogleUnitTest\CheckNeteaseDayLineInquiryStrTest.cpp" line="58" status="run" result="completed" time="0.001" timestamp="2026-06-10T17:47:59.717" classname="TestCheckNeteaseDayLineInquiryData/CheckNeteaseDayLineInquiryStrTest" />
    <testcase name="TestCheck/6" value_param="00007FF7CA5DBA28" file="C:\Users\hxguo\source\repos\FireBird\GoogleUnitTest\CheckNeteaseDayLineInquiryStrTest.cpp" line="58" status="run" result="completed" time="0.001" timestamp="2026-06-10T17:47:59.718" classname="TestCheckNeteaseDayLineInquiryData/CheckNeteaseDayLineInquiryStrTest" />
    <testcase name="TestCheck/3" value_param="00007FF7CA5DB998" file="C:\Users\hxguo\source\repos\FireBird\GoogleUnitTest\CheckNeteaseDayLineInquiryStrTest.cpp" line="58" status="run" result="completed" time="0.001" timestamp="2026-06-10T17:47:59.720" classname="TestCheckNeteaseDayLineInquiryData/CheckNeteaseDayLineInquiryStrTest" />
    <testcase name="TestCheck/7" value_param="00007FF7CA5DBA58" file="C:\Users\hxguo\source\repos\FireBird\GoogleUnitTest\CheckNeteaseDayLineInquiryStrTest.cpp" line="58" status="run" result="completed" time="0.001" timestamp="2026-06-10T17:47:59.721" classname="TestCheckNeteaseDayLineInquiryData/CheckNeteaseDayLineInquiryStrTest" />
    <testcase name="TestCheck/5" value_param="00007FF7CA5DB9F8" file="C:\Users\hxguo\source\repos\FireBird\GoogleUnitTest\CheckNeteaseDayLineInquiryStrTest.cpp" line="58" status="run" result="completed" time="0.001" timestamp="2026-06-10T17:47:59.722" classname="TestCheckNeteaseDayLineInquiryData/CheckNeteaseDayLineInquiryStrTest" />
    <testcase name="TestCheck/1" value_param="00007FF7CA5DB938" file="C:\Users\hxguo\source\repos\FireBird\GoogleUnitTest\CheckNeteaseDayLineInquiryStrTest.cpp" line="58" status="run" result="completed" time="0.001" timestamp="2026-06-10T17:47:59.723" classname="TestCheckNeteaseDayLineInquiryData/CheckNeteaseDayLineInquiryStrTest" />
  </testsuite>
  <testsuite name="TestNetEaseDayLineData/ProcessNeteaseDayLineTest" tests="14" failures="0" disabled="0" skipped="0" errors="0" time="0.02" timestamp="2026-06-10T17:48:00.060">
    <testcase name="ProcessOneNeteaseDayLineData2/4" value_param="00007FF7CA5DC0F0" file="C:\Users\hxguo\source\repos\FireBird\GoogleUnitTest\NeteaseDayLineDataTest.cpp" line="112" status="run" result="completed" time="0.001" timestamp="2026-06-10T17:48:00.060" classname="TestNetEaseDayLineData/ProcessNeteaseDayLineTest" />
    <testcase name="ProcessOneNeteaseDayLineData2/11" value_param="00007FF7CA5DC240" file="C:\Users\hxguo\source\repos\FireBird\GoogleUnitTest\NeteaseDayLineDataTest.cpp" line="112" status="run" result="completed" time="0.002" timestamp="2026-06-10T17:48:00.061" classname="TestNetEaseDayLineData/ProcessNeteaseDayLineTest" />
    <testcase name="ProcessOneNeteaseDayLineData2/9" value_param="00007FF7CA5DC1E0" file="C:\Users\hxguo\source\repos\FireBird\GoogleUnitTest\NeteaseDayLineDataTest.cpp" line="112" status="run" result="completed" time="0.001" timestamp="2026-06-10T17:48:00.064" classname="TestNetEaseDayLineData/ProcessNeteaseDayLineTest" />
    <testcase name="ProcessOneNeteaseDayLineData2/8" value_param="00007FF7CA5DC1B0" file="C:\Users\hxguo\source\repos\FireBird\GoogleUnitTest\NeteaseDayLineDataTest.cpp" line="112" status="run" result="completed" time="0.001" timestamp="2026-06-10T17:48:00.065" classname="TestNetEaseDayLineData/ProcessNeteaseDayLineTest" />
    <testcase name="ProcessOneNeteaseDayLineData2/1" value_param="00007FF7CA5DC060" file="C:\Users\hxguo\source\repos\FireBird\GoogleUnitTest\NeteaseDayLineDataTest.cpp" line="112" status="run" result="completed" time="0.001" timestamp="2026-06-10T17:48:00.066" classname="TestNetEaseDayLineData/ProcessNeteaseDayLineTest" />
    <testcase name="ProcessOneNeteaseDayLineData2/7" value_param="00007FF7CA5DC180" file="C:\Users\hxguo\source\repos\FireBird\GoogleUnitTest\NeteaseDayLineDataTest.cpp" line="112" status="run" result="completed" time="0.001" timestamp="2026-06-10T17:48:00.068" classname="TestNetEaseDayLineData/ProcessNeteaseDayLineTest" />
    <testcase name="ProcessOneNeteaseDayLineData2/0" value_param="00007FF7CA5DC030" file="C:\Users\hxguo\source\repos\FireBird\GoogleUnitTest\NeteaseDayLineDataTest.cpp" line="112" status="run" result="completed" time="0.001" timestamp="2026-06-10T17:48:00.069" classname="TestNetEaseDayLineData/ProcessNeteaseDayLineTest" />
    <testcase name="ProcessOneNeteaseDayLineData2/13" value_param="00007FF7CA5DC2A0" file="C:\Users\hxguo\source\repos\FireBird\GoogleUnitTest\NeteaseDayLineDataTest.cpp" line="112" status="run" result="completed" time="0.001" timestamp="2026-06-10T17:48:00.070" classname="TestNetEaseDayLineData/ProcessNeteaseDayLineTest" />
    <testcase name="ProcessOneNeteaseDayLineData2/5" value_param="00007FF7CA5DC120" file="C:\Users\hxguo\source\repos\FireBird\GoogleUnitTest\NeteaseDayLineDataTest.cpp" line="112" status="run" result="completed" time="0.001" timestamp="2026-06-10T17:48:00.071" classname="TestNetEaseDayLineData/ProcessNeteaseDayLineTest" />
    <testcase name="ProcessOneNeteaseDayLineData2/6" value_param="00007FF7CA5DC150" file="C:\Users\hxguo\source\repos\FireBird\GoogleUnitTest\NeteaseDayLineDataTest.cpp" line="112" status="run" result="completed" time="0.001" timestamp="2026-06-10T17:48:00.073" classname="TestNetEaseDayLineData/ProcessNeteaseDayLineTest" />
    <testcase name="ProcessOneNeteaseDayLineData2/3" value_param="00007FF7CA5DC0C0" file="C:\Users\hxguo\source\repos\FireBird\GoogleUnitTest\NeteaseDayLineDataTest.cpp" line="112" status="run" result="completed" time="0.001" timestamp="2026-06-10T17:48:00.074" classname="TestNetEaseDayLineData/ProcessNeteaseDayLineTest" />
    <testcase name="ProcessOneNeteaseDayLineData2/12" value_param="00007FF7CA5DC270" file="C:\Users\hxguo\source\repos\FireBird\GoogleUnitTest\NeteaseDayLineDataTest.cpp" line="112" status="run" result="completed" time="0.001" timestamp="2026-06-10T17:48:00.075" classname="TestNetEaseDayLineData/ProcessNeteaseDayLineTest" />
    <testcase name="ProcessOneNeteaseDayLineData2/10" value_param="00007FF7CA5DC210" file="C:\Users\hxguo\source\repos\FireBird\GoogleUnitTest\NeteaseDayLineDataTest.cpp" line="112" status="run" result="completed" time="0.001" timestamp="2026-06-10T17:48:00.076" classname="TestNetEaseDayLineData/ProcessNeteaseDayLineTest" />
    <testcase name="ProcessOneNeteaseDayLineData2/2" value_param="00007FF7CA5DC090" file="C:\Users\hxguo\source\repos\FireBird\GoogleUnitTest\NeteaseDayLineDataTest.cpp" line="112" status="run" result="completed" time="0.002" timestamp="2026-06-10T17:48:00.078" classname="TestNetEaseDayLineData/ProcessNeteaseDayLineTest" />
  </testsuite>
  <testsuite name="TestReadDayLineOneValue/ReadDayLineOneValueTest2" tests="10" failures="0" disabled="0" skipped="0" errors="0" time="0.013" timestamp="2026-06-10T17:47:59.801">
    <testcase name="TestReadOneValue3/6" value_param="00007FF7CA5DC428" file="C:\Users\hxguo\source\repos\FireBird\GoogleUnitTest\NeteaseDayLineDataTest.cpp" line="233" status="run" result="completed" time="0.001" timestamp="2026-06-10T17:47:59.801" classname="TestReadDayLineOneValue/ReadDayLineOneValueTest2" />
    <testcase name="TestReadOneValue3/2" value_param="00007FF7CA5DC368" file="C:\Users\hxguo\source\repos\FireBird\GoogleUnitTest\NeteaseDayLineDataTest.cpp" line="233" status="run" result="completed" time="0.001" timestamp="2026-06-10T17:47:59.803" classname="TestReadDayLineOneValue/ReadDayLineOneValueTest2" />
    <testcase name="TestReadOneValue3/5" value_param="00007FF7CA5DC3F8" file="C:\Users\hxguo\source\repos\FireBird\GoogleUnitTest\NeteaseDayLineDataTest.cpp" line="233" status="run" result="completed" time="0.001" timestamp="2026-06-10T17:47:59.804" classname="TestReadDayLineOneValue/ReadDayLineOneValueTest2" />
    <testcase name="TestReadOneValue3/4" value_param="00007FF7CA5DC3C8" file="C:\Users\hxguo\source\repos\FireBird\GoogleUnitTest\NeteaseDayLineDataTest.cpp" line="233" status="run" result="completed" time="0.001" timestamp="2026-06-10T17:47:59.805" classname="TestReadDayLineOneValue/ReadDayLineOneValueTest2" />
    <testcase name="TestReadOneValue3/9" value_param="00007FF7CA5DC4B8" file="C:\Users\hxguo\source\repos\FireBird\GoogleUnitTest\NeteaseDayLineDataTest.cpp" line="233" status="run" result="completed" time="0.001" timestamp="2026-06-10T17:47:59.806" classname="TestReadDayLineOneValue/ReadDayLineOneValueTest2" />
    <testcase name="TestReadOneValue3/1" value_param="00007FF7CA5DC338" file="C:\Users\hxguo\source\repos\FireBird\GoogleUnitTest\NeteaseDayLineDataTest.cpp" line="233" status="run" result="completed" time="0.001" timestamp="2026-06-10T17:47:59.808" classname="TestReadDayLineOneValue/ReadDayLineOneValueTest2" />
    <testcase name="TestReadOneValue3/0" value_param="00007FF7CA5DC308" file="C:\Users\hxguo\source\repos\FireBird\GoogleUnitTest\NeteaseDayLineDataTest.cpp" line="233" status="run" result="completed" time="0.001" timestamp="2026-06-10T17:47:59.809" classname="TestReadDayLineOneValue/ReadDayLineOneValueTest2" />
    <testcase name="TestReadOneValue3/3" value_param="00007FF7CA5DC398" file="C:\Users\hxguo\source\repos\FireBird\GoogleUnitTest\NeteaseDayLineDataTest.cpp" line="233" status="run" result="completed" time="0.001" timestamp="2026-06-10T17:47:59.810" classname="TestReadDayLineOneValue/ReadDayLineOneValueTest2" />
    <testcase name="TestReadOneValue3/8" value_param="00007FF7CA5DC488" file="C:\Users\hxguo\source\repos\FireBird\GoogleUnitTest\NeteaseDayLineDataTest.cpp" line="233" status="run" result="completed" time="0.001" timestamp="2026-06-10T17:47:59.812" classname="TestReadDayLineOneValue/ReadDayLineOneValueTest2" />
    <testcase name="TestReadOneValue3/7" value_param="00007FF7CA5DC458" file="C:\Users\hxguo\source\repos\FireBird\GoogleUnitTest\NeteaseDayLineDataTest.cpp" line="233" status="run" result="completed" time="0.001" timestamp="2026-06-10T17:47:59.814" classname="TestReadDayLineOneValue/ReadDayLineOneValueTest2" />
  </testsuite>
  <testsuite name="TestNeteaseRTData/CalculateNeteaseWebRTDataTest" tests="4" failures="0" disabled="0" skipped="0" errors="0" time="0.009" timestamp="2026-06-10T17:48:00.153">
    <testcase name="TestParseOneNeteaseData/3" value_param="00007FF7CA5DC6A8" file="C:\Users\hxguo\source\repos\FireBird\GoogleUnitTest\NeteaseWebRTDataTest.cpp" line="159" status="run" result="completed" time="0.002" timestamp="2026-06-10T17:48:00.153" classname="TestNeteaseRTData/CalculateNeteaseWebRTDataTest" />
    <testcase name="TestParseOneNeteaseData/0" value_param="00007FF7CA5DC618" file="C:\Users\hxguo\source\repos\FireBird\GoogleUnitTest\NeteaseWebRTDataTest.cpp" line="159" status="run" result="completed" time="0.002" timestamp="2026-06-10T17:48:00.155" classname="TestNeteaseRTData/CalculateNeteaseWebRTDataTest" />
    <testcase name="TestParseOneNeteaseData/1" value_param="00007FF7CA5DC648" file="C:\Users\hxguo\source\repos\FireBird\GoogleUnitTest\NeteaseWebRTDataTest.cpp" line="159" status="run" result="completed" time="0.002" timestamp="2026-06-10T17:48:00.157" classname="TestNeteaseRTData/CalculateNeteaseWebRTDataTest" />
    <testcase name="TestParseOneNeteaseData/2" value_param="00007FF7CA5DC678" file="C:\Users\hxguo\source\repos\FireBird\GoogleUnitTest\NeteaseWebRTDataTest.cpp" line="159" status="run" result="completed" time="0.002" timestamp="2026-06-10T17:48:00.160" classname="TestNeteaseRTData/CalculateNeteaseWebRTDataTest" />
  </testsuite>
  <testsuite name="TestNetEaseDayLineData/NeteaseDayLineTest" tests="14" failures="0" disabled="0" skipped="0" errors="0" time="0.02" timestamp="2026-06-10T17:47:59.781">
    <testcase name="TestProcessNeteaseDayLineData/6" value_param="00007FF7CA5DCA50" file="C:\Users\hxguo\source\repos\FireBird\GoogleUnitTest\ProcessDayLineDataTest.cpp" line="81" status="run" result="completed" time="0.001" timestamp="2026-06-10T17:47:59.781" classname="TestNetEaseDayLineData/NeteaseDayLineTest" />
    <testcase name="TestProcessNeteaseDayLineData/5" value_param="00007FF7CA5DC9F0" file="C:\Users\hxguo\source\repos\FireBird\GoogleUnitTest\ProcessDayLineDataTest.cpp" line="81" status="run" result="completed" time="0.001" timestamp="2026-06-10T17:47:59.782" classname="TestNetEaseDayLineData/NeteaseDayLineTest" />
    <testcase name="TestProcessNeteaseDayLineData/2" value_param="00007FF7CA5DC8D0" file="C:\Users\hxguo\source\repos\FireBird\GoogleUnitTest\ProcessDayLineDataTest.cpp" line="81" status="run" result="completed" time="0.001" timestamp="2026-06-10T17:47:59.784" classname="TestNetEaseDayLineData/NeteaseDayLineTest" />
    <testcase name="TestProcessNeteaseDayLineData/8" value_param="00007FF7CA5DCB10" file="C:\Users\hxguo\source\repos\FireBird\GoogleUnitTest\ProcessDayLineDataTest.cpp" line="81" status="run" result="completed" time="0.001" timestamp="2026-06-10T17:47:59.785" classname="TestNetEaseDayLineData/NeteaseDayLineTest" />
    <testcase name="TestProcessNeteaseDayLineData/0" value_param="00007FF7CA5DC810" file="C:\Users\hxguo\source\repos\FireBird\GoogleUnitTest\ProcessDayLineDataTest.cpp" line="81" status="run" result="completed" time="0.001" timestamp="2026-06-10T17:47:59.787" classname="TestNetEaseDayLineData/NeteaseDayLineTest" />
    <testcase name="TestProcessNeteaseDayLineData/9" value_param="00007FF7CA5DCB70" file="C:\Users\hxguo\source\repos\FireBird\GoogleUnitTest\ProcessDayLineDataTest.cpp" line="81" status="run" result="completed" time="0.001" timestamp="2026-06-10T17:47:59.788" classname="TestNetEaseDayLineData/NeteaseDayLineTest" />
    <testcase name="TestProcessNeteaseDayLineData/4" value_param="00007FF7CA5DC990" file="C:\Users\hxguo\source\repos\FireBird\GoogleUnitTest\ProcessDayLineDataTest.cpp" line="81" status="run" result="completed" time="0.001" timestamp="2026-06-10T17:47:59.789" classname="TestNetEaseDayLineData/NeteaseDayLineTest" />
    <testcase name="TestProcessNeteaseDayLineData/12" value_param="00007FF7CA5DCC90" file="C:\Users\hxguo\source\repos\FireBird\GoogleUnitTest\ProcessDayLineDataTest.cpp" line="81" status="run" result="completed" time="0.001" timestamp="2026-06-10T17:47:59.791" classname="TestNetEaseDayLineData/NeteaseDayLineTest" />
    <testcase name="TestProcessNeteaseDayLineData/7" value_param="00007FF7CA5DCAB0" file="C:\Users\hxguo\source\repos\FireBird\GoogleUnitTest\ProcessDayLineDataTest.cpp" line="81" status="run" result="completed" time="0.001" timestamp="2026-06-10T17:47:59.792" classname="TestNetEaseDayLineData/NeteaseDayLineTest" />
    <testcase name="TestProcessNeteaseDayLineData/10" value_param="00007FF7CA5DCBD0" file="C:\Users\hxguo\source\repos\FireBird\GoogleUnitTest\ProcessDayLineDataTest.cpp" line="81" status="run" result="completed" time="0.001" timestamp="2026-06-10T17:47:59.793" classname="TestNetEaseDayLineData/NeteaseDayLineTest" />
    <testcase name="TestProcessNeteaseDayLineData/1" value_param="00007FF7CA5DC870" file="C:\Users\hxguo\source\repos\FireBird\GoogleUnitTest\ProcessDayLineDataTest.cpp" line="81" status="run" result="completed" time="0.001" timestamp="2026-06-10T17:47:59.795" classname="TestNetEaseDayLineData/NeteaseDayLineTest" />
    <testcase name="TestProcessNeteaseDayLineData/3" value_param="00007FF7CA5DC930" file="C:\Users\hxguo\source\repos\FireBird\GoogleUnitTest\ProcessDayLineDataTest.cpp" line="81" status="run" result="completed" time="0.001" timestamp="2026-06-10T17:47:59.797" classname="TestNetEaseDayLineData/NeteaseDayLineTest" />
    <testcase name="TestProcessNeteaseDayLineData/13" value_param="00007FF7CA5DCCF0" file="C:\Users\hxguo\source\repos\FireBird\GoogleUnitTest\ProcessDayLineDataTest.cpp" line="81" status="run" result="completed" time="0.001" timestamp="2026-06-10T17:47:59.798" classname="TestNetEaseDayLineData/NeteaseDayLineTest" />
[...]
    <testcase name="TestSinaRTData/23" value_param="00007FF7CA5DD748" file="C:\Users\hxguo\source\repos\FireBird\GoogleUnitTest\WebRTDataTest.cpp" line="390" status="run" result="completed" time="0.001" timestamp="2026-06-10T17:48:00.205" classname="TestSinaRTData/CalculateSinaRTDataTest2" />
    <testcase name="TestSinaRTData/34" value_param="00007FF7CA5DD958" file="C:\Users\hxguo\source\repos\FireBird\GoogleUnitTest\WebRTDataTest.cpp" line="390" status="run" result="completed" time="0.001" timestamp="2026-06-10T17:48:00.207" classname="TestSinaRTData/CalculateSinaRTDataTest2" />
    <testcase name="TestSinaRTData/19" value_param="00007FF7CA5DD688" file="C:\Users\hxguo\source\repos\FireBird\GoogleUnitTest\WebRTDataTest.cpp" line="390" status="run" result="completed" time="0.001" timestamp="2026-06-10T17:48:00.208" classname="TestSinaRTData/CalculateSinaRTDataTest2" />
    <testcase name="TestSinaRTData/22" value_param="00007FF7CA5DD718" file="C:\Users\hxguo\source\repos\FireBird\GoogleUnitTest\WebRTDataTest.cpp" line="390" status="run" result="completed" time="0.001" timestamp="2026-06-10T17:48:00.209" classname="TestSinaRTData/CalculateSinaRTDataTest2" />
    <testcase name="TestSinaRTData/6" value_param="00007FF7CA5DD418" file="C:\Users\hxguo\source\repos\FireBird\GoogleUnitTest\WebRTDataTest.cpp" line="390" status="run" result="completed" time="0.002" timestamp="2026-06-10T17:48:00.211" classname="TestSinaRTData/CalculateSinaRTDataTest2" />
    <testcase name="TestSinaRTData/30" value_param="00007FF7CA5DD898" file="C:\Users\hxguo\source\repos\FireBird\GoogleUnitTest\WebRTDataTest.cpp" line="390" status="run" result="completed" time="0.001" timestamp="2026-06-10T17:48:00.213" classname="TestSinaRTData/CalculateSinaRTDataTest2" />
    <testcase name="TestSinaRTData/14" value_param="00007FF7CA5DD598" file="C:\Users\hxguo\source\repos\FireBird\GoogleUnitTest\WebRTDataTest.cpp" line="390" status="run" result="completed" time="0.001" timestamp="2026-06-10T17:48:00.215" classname="TestSinaRTData/CalculateSinaRTDataTest2" />
    <testcase name="TestSinaRTData/4" value_param="00007FF7CA5DD3B8" file="C:\Users\hxguo\source\repos\FireBird\GoogleUnitTest\WebRTDataTest.cpp" line="390" status="run" result="completed" time="0.001" timestamp="2026-06-10T17:48:00.216" classname="TestSinaRTData/CalculateSinaRTDataTest2" />
    <testcase name="TestSinaRTData/25" value_param="00007FF7CA5DD7A8" file="C:\Users\hxguo\source\repos\FireBird\GoogleUnitTest\WebRTDataTest.cpp" line="390" status="run" result="completed" time="0.001" timestamp="2026-06-10T17:48:00.218" classname="TestSinaRTData/CalculateSinaRTDataTest2" />
    <testcase name="TestSinaRTData/24" value_param="00007FF7CA5DD778" file="C:\Users\hxguo\source\repos\FireBird\GoogleUnitTest\WebRTDataTest.cpp" line="390" status="run" result="completed" time="0.001" timestamp="2026-06-10T17:48:00.220" classname="TestSinaRTData/CalculateSinaRTDataTest2" />
    <testcase name="TestSinaRTData/33" value_param="00007FF7CA5DD928" file="C:\Users\hxguo\source\repos\FireBird\GoogleUnitTest\WebRTDataTest.cpp" line="390" status="run" result="completed" time="0.001" timestamp="2026-06-10T17:48:00.221" classname="TestSinaRTData/CalculateSinaRTDataTest2" />
    <testcase name="TestSinaRTData/39" value_param="00007FF7CA5DDA48" file="C:\Users\hxguo\source\repos\FireBird\GoogleUnitTest\WebRTDataTest.cpp" line="390" status="run" result="completed" time="0.001" timestamp="2026-06-10T17:48:00.223" classname="TestSinaRTData/CalculateSinaRTDataTest2" />
    <testcase name="TestSinaRTData/31" value_param="00007FF7CA5DD8C8" file="C:\Users\hxguo\source\repos\FireBird\GoogleUnitTest\WebRTDataTest.cpp" line="390" status="run" result="completed" time="0.001" timestamp="2026-06-10T17:48:00.224" classname="TestSinaRTData/CalculateSinaRTDataTest2" />
    <testcase name="TestSinaRTData/35" value_param="00007FF7CA5DD988" file="C:\Users\hxguo\source\repos\FireBird\GoogleUnitTest\WebRTDataTest.cpp" line="390" status="run" result="completed" time="0.001" timestamp="2026-06-10T17:48:00.225" classname="TestSinaRTData/CalculateSinaRTDataTest2" />
    <testcase name="TestSinaRTData/16" value_param="00007FF7CA5DD5F8" file="C:\Users\hxguo\source\repos\FireBird\GoogleUnitTest\WebRTDataTest.cpp" line="390" status="run" result="completed" time="0.001" timestamp="2026-06-10T17:48:00.227" classname="TestSinaRTData/CalculateSinaRTDataTest2" />
    <testcase name="TestSinaRTData/11" value_param="00007FF7CA5DD508" file="C:\Users\hxguo\source\repos\FireBird\GoogleUnitTest\WebRTDataTest.cpp" line="390" status="run" result="completed" time="0.001" timestamp="2026-06-10T17:48:00.229" classname="TestSinaRTData/CalculateSinaRTDataTest2" />
    <testcase name="TestSinaRTData/2" value_param="00007FF7CA5DD358" file="C:\Users\hxguo\source\repos\FireBird\GoogleUnitTest\WebRTDataTest.cpp" line="390" status="run" result="completed" time="0.001" timestamp="2026-06-10T17:48:00.231" classname="TestSinaRTData/CalculateSinaRTDataTest2" />
    <testcase name="TestSinaRTData/27" value_param="00007FF7CA5DD808" file="C:\Users\hxguo\source\repos\FireBird\GoogleUnitTest\WebRTDataTest.cpp" line="390" status="run" result="completed" time="0.001" timestamp="2026-06-10T17:48:00.232" classname="TestSinaRTData/CalculateSinaRTDataTest2" />
    <testcase name="TestSinaRTData/32" value_param="00007FF7CA5DD8F8" file="C:\Users\hxguo\source\repos\FireBird\GoogleUnitTest\WebRTDataTest.cpp" line="390" status="run" result="completed" time="0.001" timestamp="2026-06-10T17:48:00.234" classname="TestSinaRTData/CalculateSinaRTDataTest2" />
    <testcase name="TestSinaRTData/7" value_param="00007FF7CA5DD448" file="C:\Users\hxguo\source\repos\FireBird\GoogleUnitTest\WebRTDataTest.cpp" line="390" status="run" result="completed" time="0.001" timestamp="2026-06-10T17:48:00.235" classname="TestSinaRTData/CalculateSinaRTDataTest2" />
    <testcase name="TestSinaRTData/37" value_param="00007FF7CA5DD9E8" file="C:\Users\hxguo\source\repos\FireBird\GoogleUnitTest\WebRTDataTest.cpp" line="390" status="run" result="completed" time="0.001" timestamp="2026-06-10T17:48:00.237" classname="TestSinaRTData/CalculateSinaRTDataTest2" />
    <testcase name="TestSinaRTData/8" value_param="00007FF7CA5DD478" file="C:\Users\hxguo\source\repos\FireBird\GoogleUnitTest\WebRTDataTest.cpp" line="390" status="run" result="completed" time="0.001" timestamp="2026-06-10T17:48:00.239" classname="TestSinaRTData/CalculateSinaRTDataTest2" />
    <testcase name="TestSinaRTData/10" value_param="00007FF7CA5DD4D8" file="C:\Users\hxguo\source\repos\FireBird\GoogleUnitTest\WebRTDataTest.cpp" line="390" status="run" result="completed" time="0.001" timestamp="2026-06-10T17:48:00.240" classname="TestSinaRTData/CalculateSinaRTDataTest2" />
    <testcase name="TestSinaRTData/5" value_param="00007FF7CA5DD3E8" file="C:\Users\hxguo\source\repos\FireBird\GoogleUnitTest\WebRTDataTest.cpp" line="390" status="run" result="completed" time="0.001" timestamp="2026-06-10T17:48:00.242" classname="TestSinaRTData/CalculateSinaRTDataTest2" />
    <testcase name="TestSinaRTData/18" value_param="00007FF7CA5DD658" file="C:\Users\hxguo\source\repos\FireBird\GoogleUnitTest\WebRTDataTest.cpp" line="390" status="run" result="completed" time="0.001" timestamp="2026-06-10T17:48:00.243" classname="TestSinaRTData/CalculateSinaRTDataTest2" />
  </testsuite>
  <testsuite name="CWebRTDataTest/CalculateTengxunWebRTDataTest" tests="39" failures="0" disabled="0" skipped="0" errors="0" time="0.061" timestamp="2026-06-10T17:47:59.859">
    <testcase name="TestParseTengxunData2/37" value_param="00007FF7CA5DE640" file="C:\Users\hxguo\source\repos\FireBird\GoogleUnitTest\TengxunWebRTDataTest.cpp" line="253" status="run" result="completed" time="0.001" timestamp="2026-06-10T17:47:59.859" classname="CWebRTDataTest/CalculateTengxunWebRTDataTest" />
    <testcase name="TestParseTengxunData2/17" value_param="00007FF7CA5DE280" file="C:\Users\hxguo\source\repos\FireBird\GoogleUnitTest\TengxunWebRTDataTest.cpp" line="253" status="run" result="completed" time="0.001" timestamp="2026-06-10T17:47:59.861" classname="CWebRTDataTest/CalculateTengxunWebRTDataTest" />
    <testcase name="TestParseTengxunData2/23" value_param="00007FF7CA5DE3A0" file="C:\Users\hxguo\source\repos\FireBird\GoogleUnitTest\TengxunWebRTDataTest.cpp" line="253" status="run" result="completed" time="0.001" timestamp="2026-06-10T17:47:59.863" classname="CWebRTDataTest/CalculateTengxunWebRTDataTest" />
    <testcase name="TestParseTengxunData2/5" value_param="00007FF7CA5DE040" file="C:\Users\hxguo\source\repos\FireBird\GoogleUnitTest\TengxunWebRTDataTest.cpp" line="253" status="run" result="completed" time="0.001" timestamp="2026-06-10T17:47:59.865" classname="CWebRTDataTest/CalculateTengxunWebRTDataTest" />
    <testcase name="TestParseTengxunData2/36" value_param="00007FF7CA5DE610" file="C:\Users\hxguo\source\repos\FireBird\GoogleUnitTest\TengxunWebRTDataTest.cpp" line="253" status="run" result="completed" time="0.001" timestamp="2026-06-10T17:47:59.866" classname="CWebRTDataTest/CalculateTengxunWebRTDataTest" />
    <testcase name="TestParseTengxunData2/9" value_param="00007FF7CA5DE100" file="C:\Users\hxguo\source\repos\FireBird\GoogleUnitTest\TengxunWebRTDataTest.cpp" line="253" status="run" result="completed" time="0.001" timestamp="2026-06-10T17:47:59.868" classname="CWebRTDataTest/CalculateTengxunWebRTDataTest" />
    <testcase name="TestParseTengxunData2/15" value_param="00007FF7CA5DE220" file="C:\Users\hxguo\source\repos\FireBird\GoogleUnitTest\TengxunWebRTDataTest.cpp" line="253" status="run" result="completed" time="0.001" timestamp="2026-06-10T17:47:59.869" classname="CWebRTDataTest/CalculateTengxunWebRTDataTest" />
    <testcase name="TestParseTengxunData2/38" value_param="00007FF7CA5DE670" file="C:\Users\hxguo\source\repos\FireBird\GoogleUnitTest\TengxunWebRTDataTest.cpp" line="253" status="run" result="completed" time="0.001" timestamp="2026-06-10T17:47:59.871" classname="CWebRTDataTest/CalculateTengxunWebRTDataTest" />
    <testcase name="TestParseTengxunData2/33" value_param="00007FF7CA5DE580" file="C:\Users\hxguo\source\repos\FireBird\GoogleUnitTest\TengxunWebRTDataTest.cpp" line="253" status="run" result="completed" time="0.001" timestamp="2026-06-10T17:47:59.872" classname="CWebRTDataTest/CalculateTengxunWebRTDataTest" />
    <testcase name="TestParseTengxunData2/29" value_param="00007FF7CA5DE4C0" file="C:\Users\hxguo\source\repos\FireBird\GoogleUnitTest\TengxunWebRTDataTest.cpp" line="253" status="run" result="completed" time="0.001" timestamp="2026-06-10T17:47:59.874" classname="CWebRTDataTest/CalculateTengxunWebRTDataTest" />
    <testcase name="TestParseTengxunData2/13" value_param="00007FF7CA5DE1C0" file="C:\Users\hxguo\source\repos\FireBird\GoogleUnitTest\TengxunWebRTDataTest.cpp" line="253" status="run" result="completed" time="0.001" timestamp="2026-06-10T17:47:59.875" classname="CWebRTDataTest/CalculateTengxunWebRTDataTest" />
    <testcase name="TestParseTengxunData2/4" value_param="00007FF7CA5DE010" file="C:\Users\hxguo\source\repos\FireBird\GoogleUnitTest\TengxunWebRTDataTest.cpp" line="253" status="run" result="completed" time="0.001" timestamp="2026-06-10T17:47:59.877" classname="CWebRTDataTest/CalculateTengxunWebRTDataTest" />
    <testcase name="TestParseTengxunData2/26" value_param="00007FF7CA5DE430" file="C:\Users\hxguo\source\repos\FireBird\GoogleUnitTest\TengxunWebRTDataTest.cpp" line="253" status="run" result="completed" time="0.001" timestamp="2026-06-10T17:47:59.878" classname="CWebRTDataTest/CalculateTengxunWebRTDataTest" />
    <testcase name="TestParseTengxunData2/21" value_param="00007FF7CA5DE340" file="C:\Users\hxguo\source\repos\FireBird\GoogleUnitTest\TengxunWebRTDataTest.cpp" line="253" status="run" result="completed" time="0.001" timestamp="2026-06-10T17:47:59.880" classname="CWebRTDataTest/CalculateTengxunWebRTDataTest" />
    <testcase name="TestParseTengxunData2/1" value_param="00007FF7CA5DDF80" file="C:\Users\hxguo\source\repos\FireBird\GoogleUnitTest\TengxunWebRTDataTest.cpp" line="253" status="run" result="completed" time="0.001" timestamp="2026-06-10T17:47:59.882" classname="CWebRTDataTest/CalculateTengxunWebRTDataTest" />
    <testcase name="TestParseTengxunData2/12" value_param="00007FF7CA5DE190" file="C:\Users\hxguo\source\repos\FireBird\GoogleUnitTest\TengxunWebRTDataTest.cpp" line="253" status="run" result="completed" time="0.001" timestamp="2026-06-10T17:47:59.884" classname="CWebRTDataTest/CalculateTengxunWebRTDataTest" />
    <testcase name="TestParseTengxunData2/0" value_param="00007FF7CA5DDF50" file="C:\Users\hxguo\source\repos\FireBird\GoogleUnitTest\TengxunWebRTDataTest.cpp" line="253" status="run" result="completed" time="0.001" timestamp="2026-06-10T17:47:59.885" classname="CWebRTDataTest/CalculateTengxunWebRTDataTest" />
    <testcase name="TestParseTengxunData2/8" value_param="00007FF7CA5DE0D0" file="C:\Users\hxguo\source\repos\FireBird\GoogleUnitTest\TengxunWebRTDataTest.cpp" line="253" status="run" result="completed" time="0.001" timestamp="2026-06-10T17:47:59.887" classname="CWebRTDataTest/CalculateTengxunWebRTDataTest" />
    <testcase name="TestParseTengxunData2/30" value_param="00007FF7CA5DE4F0" file="C:\Users\hxguo\source\repos\FireBird\GoogleUnitTest\TengxunWebRTDataTest.cpp" line="253" status="run" result="completed" time="0.001" timestamp="2026-06-10T17:47:59.888" classname="CWebRTDataTest/CalculateTengxunWebRTDataTest" />
    <testcase name="TestParseTengxunData2/22" value_param="00007FF7CA5DE370" file="C:\Users\hxguo\source\repos\FireBird\GoogleUnitTest\TengxunWebRTDataTest.cpp" line="253" status="run" result="completed" time="0.001" timestamp="2026-06-10T17:47:59.889" classname="CWebRTDataTest/CalculateTengxunWebRTDataTest" />
    <testcase name="TestParseTengxunData2/3" value_param="00007FF7CA5DDFE0" file="C:\Users\hxguo\source\repos\FireBird\GoogleUnitTest\TengxunWebRTDataTest.cpp" line="253" status="run" result="completed" time="0.001" timestamp="2026-06-10T17:47:59.891" classname="CWebRTDataTest/CalculateTengxunWebRTDataTest" />
    <testcase name="TestParseTengxunData2/31" value_param="00007FF7CA5DE520" file="C:\Users\hxguo\source\repos\FireBird\GoogleUnitTest\TengxunWebRTDataTest.cpp" line="253" status="run" result="completed" time="0.001" timestamp="2026-06-10T17:47:59.892" classname="CWebRTDataTest/CalculateTengxunWebRTDataTest" />
    <testcase name="TestParseTengxunData2/27" value_param="00007FF7CA5DE460" file="C:\Users\hxguo\source\repos\FireBird\GoogleUnitTest\TengxunWebRTDataTest.cpp" line="253" status="run" result="completed" time="0.001" timestamp="2026-06-10T17:47:59.894" classname="CWebRTDataTest/CalculateTengxunWebRTDataTest" />
    <testcase name="TestParseTengxunData2/34" value_param="00007FF7CA5DE5B0" file="C:\Users\hxguo\source\repos\FireBird\GoogleUnitTest\TengxunWebRTDataTest.cpp" line="253" status="run" result="completed" time="0.001" timestamp="2026-06-10T17:47:59.896" classname="CWebRTDataTest/CalculateTengxunWebRTDataTest" />
    <testcase name="TestParseTengxunData2/14" value_param="00007FF7CA5DE1F0" file="C:\Users\hxguo\source\repos\FireBird\GoogleUnitTest\TengxunWebRTDataTest.cpp" line="253" status="run" result="completed" time="0.001" timestamp="2026-06-10T17:47:59.897" classname="CWebRTDataTest/CalculateTengxunWebRTDataTest" />
    <testcase name="TestParseTengxunData2/18" value_param="00007FF7CA5DE2B0" file="C:\Users\hxguo\source\repos\FireBird\GoogleUnitTest\TengxunWebRTDataTest.cpp" line="253" status="run" result="completed" time="0.001" timestamp="2026-06-10T17:47:59.899" classname="CWebRTDataTest/CalculateTengxunWebRTDataTest" />
    <testcase name="TestParseTengxunData2/19" value_param="00007FF7CA5DE2E0" file="C:\Users\hxguo\source\repos\FireBird\GoogleUnitTest\TengxunWebRTDataTest.cpp" line="253" status="run" result="completed" time="0.001" timestamp="2026-06-10T17:47:59.901" classname="CWebRTDataTest/CalculateTengxunWebRTDataTest" />
    <testcase name="TestParseTengxunData2/16" value_param="00007FF7CA5DE250" file="C:\Users\hxguo\source\repos\FireBird\GoogleUnitTest\TengxunWebRTDataTest.cpp" line="253" status="run" result="completed" time="0.001" timestamp="2026-06-10T17:47:59.902" classname="CWebRTDataTest/CalculateTengxunWebRTDataTest" />
    <testcase name="TestParseTengxunData2/6" value_param="00007FF7CA5DE070" file="C:\Users\hxguo\source\repos\FireBird\GoogleUnitTest\TengxunWebRTDataTest.cpp" line="253" status="run" result="completed" time="0.001" timestamp="2026-06-10T17:47:59.904" classname="CWebRTDataTest/CalculateTengxunWebRTDataTest" />
    <testcase name="TestParseTengxunData2/32" value_param="00007FF7CA5DE550" file="C:\Users\hxguo\source\repos\FireBird\GoogleUnitTest\TengxunWebRTDataTest.cpp" line="253" status="run" result="completed" time="0.001" timestamp="2026-06-10T17:47:59.905" classname="CWebRTDataTest/CalculateTengxunWebRTDataTest" />
    <testcase name="TestParseTengxunData2/7" value_param="00007FF7CA5DE0A0" file="C:\Users\hxguo\source\repos\FireBird\GoogleUnitTest\TengxunWebRTDataTest.cpp" line="253" status="run" result="completed" time="0.001" timestamp="2026-06-10T17:47:59.907" classname="CWebRTDataTest/CalculateTengxunWebRTDataTest" />
    <testcase name="TestParseTengxunData2/35" value_param="00007FF7CA5DE5E0" file="C:\Users\hxguo\source\repos\FireBird\GoogleUnitTest\TengxunWebRTDataTest.cpp" line="253" status="run" result="completed" time="0.001" timestamp="2026-06-10T17:47:59.908" classname="CWebRTDataTest/CalculateTengxunWebRTDataTest" />
    <testcase name="TestParseTengxunData2/10" value_param="00007FF7CA5DE130" file="C:\Users\hxguo\source\repos\FireBird\GoogleUnitTest\TengxunWebRTDataTest.cpp" line="253" status="run" result="completed" time="0.001" timestamp="2026-06-10T17:47:59.910" classname="CWebRTDataTest/CalculateTengxunWebRTDataTest" />
    <testcase name="TestParseTengxunData2/2" value_param="00007FF7CA5DDFB0" file="C:\Users\hxguo\source\repos\FireBird\GoogleUnitTest\TengxunWebRTDataTest.cpp" line="253" status="run" result="completed" time="0.001" timestamp="2026-06-10T17:47:59.911" classname="CWebRTDataTest/CalculateTengxunWebRTDataTest" />
    <testcase name="TestParseTengxunData2/20" value_param="00007FF7CA5DE310" file="C:\Users\hxguo\source\repos\FireBird\GoogleUnitTest\TengxunWebRTDataTest.cpp" line="253" status="run" result="completed" time="0.001" timestamp="2026-06-10T17:47:59.913" classname="CWebRTDataTest/CalculateTengxunWebRTDataTest" />
    <testcase name="TestParseTengxunData2/28" value_param="00007FF7CA5DE490" file="C:\Users\hxguo\source\repos\FireBird\GoogleUnitTest\TengxunWebRTDataTest.cpp" line="253" status="run" result="completed" time="0.001" timestamp="2026-06-10T17:47:59.914" classname="CWebRTDataTest/CalculateTengxunWebRTDataTest" />
    <testcase name="TestParseTengxunData2/25" value_param="00007FF7CA5DE400" file="C:\Users\hxguo\source\repos\FireBird\GoogleUnitTest\TengxunWebRTDataTest.cpp" line="253" status="run" result="completed" time="0.001" timestamp="2026-06-10T17:47:59.916" classname="CWebRTDataTest/CalculateTengxunWebRTDataTest" />
    <testcase name="TestParseTengxunData2/24" value_param="00007FF7CA5DE3D0" file="C:\Users\hxguo\source\repos\FireBird\GoogleUnitTest\TengxunWebRTDataTest.cpp" line="253" status="run" result="completed" time="0.001" timestamp="2026-06-10T17:47:59.918" classname="CWebRTDataTest/CalculateTengxunWebRTDataTest" />
    <testcase name="TestParseTengxunData2/11" value_param="00007FF7CA5DE160" file="C:\Users\hxguo\source\repos\FireBird\GoogleUnitTest\TengxunWebRTDataTest.cpp" line="253" status="run" result="completed" time="0.001" timestamp="2026-06-10T17:47:59.919" classname="CWebRTDataTest/CalculateTengxunWebRTDataTest" />
  </testsuite>
</testsuites>
