<?xml version="1.0" encoding="UTF-8"?>
<testsuites tests="312" failures="0" disabled="0" errors="0" time="6.498" timestamp="2026-06-09T20:53:41.612" random_seed="89999" name="AllTests">
  <testsuite name="CChinaMarketTest" tests="6" failures="0" disabled="0" skipped="0" errors="0" time="0.015" timestamp="2026-06-09T20:53:47.633">
    <testcase name="TestTaskCreateTask6" file="C:\Users\hxguo\source\repos\FireBird\GoogleUnitTest\ChinaMarketTest.cpp" line="446" status="run" result="completed" time="0.002" timestamp="2026-06-09T20:53:47.633" classname="CChinaMarketTest" />
    <testcase name="TestTaskCreateTask9" file="C:\Users\hxguo\source\repos\FireBird\GoogleUnitTest\ChinaMarketTest.cpp" line="622" status="run" result="completed" time="0.002" timestamp="2026-06-09T20:53:47.636" classname="CChinaMarketTest" />
    <testcase name="TestTaskCreateTask5" file="C:\Users\hxguo\source\repos\FireBird\GoogleUnitTest\ChinaMarketTest.cpp" line="392" status="run" result="completed" time="0.002" timestamp="2026-06-09T20:53:47.638" classname="CChinaMarketTest" />
    <testcase name="TestEnableRealTimeDataSource_Routing_NoThrow" file="C:\Users\hxguo\source\repos\FireBird\GoogleUnitTest\ChinaMarketTest.cpp" line="1404" status="run" result="completed" time="0.002" timestamp="2026-06-09T20:53:47.640" classname="CChinaMarketTest" />
    <testcase name="TestIsRealTimeDataSourceEnable_Routing" file="C:\Users\hxguo\source\repos\FireBird\GoogleUnitTest\ChinaMarketTest.cpp" line="1440" status="run" result="completed" time="0.002" timestamp="2026-06-09T20:53:47.643" classname="CChinaMarketTest" />
    <testcase name="TestGetHTTPStatus_IsWebError_GetWebErrorCode_Routing" file="C:\Users\hxguo\source\repos\FireBird\GoogleUnitTest\ChinaMarketTest.cpp" line="1377" status="run" result="completed" time="0.002" timestamp="2026-06-09T20:53:47.646" classname="CChinaMarketTest" />
  </testsuite>
  <testsuite name="TestProcessFinnhubForexCandle/ProcessFinnhubForexCandleTest" tests="7" failures="0" disabled="0" skipped="0" errors="0" time="0.013" timestamp="2026-06-09T20:53:47.994">
    <testcase name="TestParseFinnhubForexCandle/4" value_param="00007FF66A9F8F60" file="C:\Users\hxguo\source\repos\FireBird\GoogleUnitTest\FinnhubForexDayLineTest.cpp" line="196" status="run" result="completed" time="0.002" timestamp="2026-06-09T20:53:47.994" classname="TestProcessFinnhubForexCandle/ProcessFinnhubForexCandleTest" />
    <testcase name="TestParseFinnhubForexCandle/9" value_param="00007FF66A9F90A0" file="C:\Users\hxguo\source\repos\FireBird\GoogleUnitTest\FinnhubForexDayLineTest.cpp" line="196" status="run" result="completed" time="0.001" timestamp="2026-06-09T20:53:47.996" classname="TestProcessFinnhubForexCandle/ProcessFinnhubForexCandleTest" />
    <testcase name="TestParseFinnhubForexCandle/6" value_param="00007FF66A9F8FE0" file="C:\Users\hxguo\source\repos\FireBird\GoogleUnitTest\FinnhubForexDayLineTest.cpp" line="196" status="run" result="completed" time="0.001" timestamp="2026-06-09T20:53:47.998" classname="TestProcessFinnhubForexCandle/ProcessFinnhubForexCandleTest" />
    <testcase name="TestParseFinnhubForexCandle/7" value_param="00007FF66A9F9020" file="C:\Users\hxguo\source\repos\FireBird\GoogleUnitTest\FinnhubForexDayLineTest.cpp" line="196" status="run" result="completed" time="0.001" timestamp="2026-06-09T20:53:48.000" classname="TestProcessFinnhubForexCandle/ProcessFinnhubForexCandleTest" />
    <testcase name="TestParseFinnhubForexCandle/10" value_param="00007FF66A9F90E0" file="C:\Users\hxguo\source\repos\FireBird\GoogleUnitTest\FinnhubForexDayLineTest.cpp" line="196" status="run" result="completed" time="0.001" timestamp="2026-06-09T20:53:48.002" classname="TestProcessFinnhubForexCandle/ProcessFinnhubForexCandleTest" />
    <testcase name="TestParseFinnhubForexCandle/5" value_param="00007FF66A9F8FA0" file="C:\Users\hxguo\source\repos\FireBird\GoogleUnitTest\FinnhubForexDayLineTest.cpp" line="196" status="run" result="completed" time="0.001" timestamp="2026-06-09T20:53:48.003" classname="TestProcessFinnhubForexCandle/ProcessFinnhubForexCandleTest" />
    <testcase name="TestParseFinnhubForexCandle/8" value_param="00007FF66A9F9060" file="C:\Users\hxguo\source\repos\FireBird\GoogleUnitTest\FinnhubForexDayLineTest.cpp" line="196" status="run" result="completed" time="0.001" timestamp="2026-06-09T20:53:48.005" classname="TestProcessFinnhubForexCandle/ProcessFinnhubForexCandleTest" />
  </testsuite>
  <testsuite name="TestParseFinnhubForexExchange1/ParseFinnhubForexExchangeTest" tests="5" failures="0" disabled="0" skipped="0" errors="0" time="0.007" timestamp="2026-06-09T20:53:47.673">
    <testcase name="TestParseFinnhubForexExchange0/0" value_param="00007FF66A9F91E0" file="C:\Users\hxguo\source\repos\FireBird\GoogleUnitTest\FinnhubForexExchangeTest.cpp" line="108" status="run" result="completed" time="0.001" timestamp="2026-06-09T20:53:47.673" classname="TestParseFinnhubForexExchange1/ParseFinnhubForexExchangeTest" />
    <testcase name="TestParseFinnhubForexExchange0/4" value_param="00007FF66A9F92E0" file="C:\Users\hxguo\source\repos\FireBird\GoogleUnitTest\FinnhubForexExchangeTest.cpp" line="108" status="run" result="completed" time="0.001" timestamp="2026-06-09T20:53:47.675" classname="TestParseFinnhubForexExchange1/ParseFinnhubForexExchangeTest" />
    <testcase name="TestParseFinnhubForexExchange0/2" value_param="00007FF66A9F9260" file="C:\Users\hxguo\source\repos\FireBird\GoogleUnitTest\FinnhubForexExchangeTest.cpp" line="108" status="run" result="completed" time="0.001" timestamp="2026-06-09T20:53:47.677" classname="TestParseFinnhubForexExchange1/ParseFinnhubForexExchangeTest" />
    <testcase name="TestParseFinnhubForexExchange0/1" value_param="00007FF66A9F9220" file="C:\Users\hxguo\source\repos\FireBird\GoogleUnitTest\FinnhubForexExchangeTest.cpp" line="108" status="run" result="completed" time="0.001" timestamp="2026-06-09T20:53:47.678" classname="TestParseFinnhubForexExchange1/ParseFinnhubForexExchangeTest" />
    <testcase name="TestParseFinnhubForexExchange0/3" value_param="00007FF66A9F92A0" file="C:\Users\hxguo\source\repos\FireBird\GoogleUnitTest\FinnhubForexExchangeTest.cpp" line="108" status="run" result="completed" time="0.001" timestamp="2026-06-09T20:53:47.680" classname="TestParseFinnhubForexExchange1/ParseFinnhubForexExchangeTest" />
  </testsuite>
  <testsuite name="TestProcessFinnhubForexExchange1/ProcessFinnhubForexExchangeTest" tests="5" failures="0" disabled="0" skipped="0" errors="0" time="0.007" timestamp="2026-06-09T20:53:47.966">
    <testcase name="TestProcessFinnhubForexExchange0/2" value_param="00007FF66A9F9260" file="C:\Users\hxguo\source\repos\FireBird\GoogleUnitTest\FinnhubForexExchangeTest.cpp" line="165" status="run" result="completed" time="0.001" timestamp="2026-06-09T20:53:47.966" classname="TestProcessFinnhubForexExchange1/ProcessFinnhubForexExchangeTest" />
    <testcase name="TestProcessFinnhubForexExchange0/3" value_param="00007FF66A9F92A0" file="C:\Users\hxguo\source\repos\FireBird\GoogleUnitTest\FinnhubForexExchangeTest.cpp" line="165" status="run" result="completed" time="0.001" timestamp="2026-06-09T20:53:47.967" classname="TestProcessFinnhubForexExchange1/ProcessFinnhubForexExchangeTest" />
    <testcase name="TestProcessFinnhubForexExchange0/0" value_param="00007FF66A9F91E0" file="C:\Users\hxguo\source\repos\FireBird\GoogleUnitTest\FinnhubForexExchangeTest.cpp" line="165" status="run" result="completed" time="0.001" timestamp="2026-06-09T20:53:47.969" classname="TestProcessFinnhubForexExchange1/ProcessFinnhubForexExchangeTest" />
    <testcase name="TestProcessFinnhubForexExchange0/1" value_param="00007FF66A9F9220" file="C:\Users\hxguo\source\repos\FireBird\GoogleUnitTest\FinnhubForexExchangeTest.cpp" line="165" status="run" result="completed" time="0.001" timestamp="2026-06-09T20:53:47.970" classname="TestProcessFinnhubForexExchange1/ProcessFinnhubForexExchangeTest" />
    <testcase name="TestProcessFinnhubForexExchange0/4" value_param="00007FF66A9F92E0" file="C:\Users\hxguo\source\repos\FireBird\GoogleUnitTest\FinnhubForexExchangeTest.cpp" line="165" status="run" result="completed" time="0.001" timestamp="2026-06-09T20:53:47.971" classname="TestProcessFinnhubForexExchange1/ProcessFinnhubForexExchangeTest" />
  </testsuite>
  <testsuite name="TestParseFinnhubForexSymbol1/ParseFinnhubForexSymbolTest" tests="7" failures="0" disabled="0" skipped="0" errors="0" time="0.01" timestamp="2026-06-09T20:53:47.579">
    <testcase name="TestParseFinnhubForexSymbol0/6" value_param="00007FF66A9F94A0" file="C:\Users\hxguo\source\repos\FireBird\GoogleUnitTest\ProductFinnhubForexSymbolTest.cpp" line="96" status="run" result="completed" time="0.001" timestamp="2026-06-09T20:53:47.579" classname="TestParseFinnhubForexSymbol1/ParseFinnhubForexSymbolTest" />
    <testcase name="TestParseFinnhubForexSymbol0/2" value_param="00007FF66A9F93A0" file="C:\Users\hxguo\source\repos\FireBird\GoogleUnitTest\ProductFinnhubForexSymbolTest.cpp" line="96" status="run" result="completed" time="0.001" timestamp="2026-06-09T20:53:47.580" classname="TestParseFinnhubForexSymbol1/ParseFinnhubForexSymbolTest" />
    <testcase name="TestParseFinnhubForexSymbol0/4" value_param="00007FF66A9F9420" file="C:\Users\hxguo\source\repos\FireBird\GoogleUnitTest\ProductFinnhubForexSymbolTest.cpp" line="96" status="run" result="completed" time="0.001" timestamp="2026-06-09T20:53:47.582" classname="TestParseFinnhubForexSymbol1/ParseFinnhubForexSymbolTest" />
    <testcase name="TestParseFinnhubForexSymbol0/5" value_param="00007FF66A9F9460" file="C:\Users\hxguo\source\repos\FireBird\GoogleUnitTest\ProductFinnhubForexSymbolTest.cpp" line="96" status="run" result="completed" time="0.001" timestamp="2026-06-09T20:53:47.583" classname="TestParseFinnhubForexSymbol1/ParseFinnhubForexSymbolTest" />
    <testcase name="TestParseFinnhubForexSymbol0/1" value_param="00007FF66A9F6390" file="C:\Users\hxguo\source\repos\FireBird\GoogleUnitTest\ProductFinnhubForexSymbolTest.cpp" line="96" status="run" result="completed" time="0.001" timestamp="2026-06-09T20:53:47.585" classname="TestParseFinnhubForexSymbol1/ParseFinnhubForexSymbolTest" />
    <testcase name="TestParseFinnhubForexSymbol0/3" value_param="00007FF66A9F93E0" file="C:\Users\hxguo\source\repos\FireBird\GoogleUnitTest\ProductFinnhubForexSymbolTest.cpp" line="96" status="run" result="completed" time="0.001" timestamp="2026-06-09T20:53:47.586" classname="TestParseFinnhubForexSymbol1/ParseFinnhubForexSymbolTest" />
    <testcase name="TestParseFinnhubForexSymbol0/0" value_param="00007FF66A9F6340" file="C:\Users\hxguo\source\repos\FireBird\GoogleUnitTest\ProductFinnhubForexSymbolTest.cpp" line="96" status="run" result="completed" time="0.001" timestamp="2026-06-09T20:53:47.588" classname="TestParseFinnhubForexSymbol1/ParseFinnhubForexSymbolTest" />
  </testsuite>
  <testsuite name="TestProcessFinnhubForexSymbol1/ProcessFinnhubForexSymbolTest" tests="7" failures="0" disabled="0" skipped="0" errors="0" time="0.012" timestamp="2026-06-09T20:53:47.661">
    <testcase name="TestParseFinnhubForexSymbol0/0" value_param="00007FF66A9F6340" file="C:\Users\hxguo\source\repos\FireBird\GoogleUnitTest\ProductFinnhubForexSymbolTest.cpp" line="157" status="run" result="completed" time="0.001" timestamp="2026-06-09T20:53:47.661" classname="TestProcessFinnhubForexSymbol1/ProcessFinnhubForexSymbolTest" />
    <testcase name="TestParseFinnhubForexSymbol0/5" value_param="00007FF66A9F9460" file="C:\Users\hxguo\source\repos\FireBird\GoogleUnitTest\ProductFinnhubForexSymbolTest.cpp" line="157" status="run" result="completed" time="0.001" timestamp="2026-06-09T20:53:47.662" classname="TestProcessFinnhubForexSymbol1/ProcessFinnhubForexSymbolTest" />
    <testcase name="TestParseFinnhubForexSymbol0/6" value_param="00007FF66A9F94A0" file="C:\Users\hxguo\source\repos\FireBird\GoogleUnitTest\ProductFinnhubForexSymbolTest.cpp" line="157" status="run" result="completed" time="0.003" timestamp="2026-06-09T20:53:47.664" classname="TestProcessFinnhubForexSymbol1/ProcessFinnhubForexSymbolTest" />
    <testcase name="TestParseFinnhubForexSymbol0/4" value_param="00007FF66A9F9420" file="C:\Users\hxguo\source\repos\FireBird\GoogleUnitTest\ProductFinnhubForexSymbolTest.cpp" line="157" status="run" result="completed" time="0.001" timestamp="2026-06-09T20:53:47.668" classname="TestProcessFinnhubForexSymbol1/ProcessFinnhubForexSymbolTest" />
    <testcase name="TestParseFinnhubForexSymbol0/1" value_param="00007FF66A9F6390" file="C:\Users\hxguo\source\repos\FireBird\GoogleUnitTest\ProductFinnhubForexSymbolTest.cpp" line="157" status="run" result="completed" time="0.001" timestamp="2026-06-09T20:53:47.669" classname="TestProcessFinnhubForexSymbol1/ProcessFinnhubForexSymbolTest" />
    <testcase name="TestParseFinnhubForexSymbol0/3" value_param="00007FF66A9F93E0" file="C:\Users\hxguo\source\repos\FireBird\GoogleUnitTest\ProductFinnhubForexSymbolTest.cpp" line="157" status="run" result="completed" time="0.001" timestamp="2026-06-09T20:53:47.670" classname="TestProcessFinnhubForexSymbol1/ProcessFinnhubForexSymbolTest" />
    <testcase name="TestParseFinnhubForexSymbol0/2" value_param="00007FF66A9F93A0" file="C:\Users\hxguo\source\repos\FireBird\GoogleUnitTest\ProductFinnhubForexSymbolTest.cpp" line="157" status="run" result="completed" time="0.001" timestamp="2026-06-09T20:53:47.672" classname="TestProcessFinnhubForexSymbol1/ProcessFinnhubForexSymbolTest" />
  </testsuite>
  <testsuite name="TestParseFinnhubStockCandle1/ProcessFinnhubStockCandleTest" tests="11" failures="0" disabled="0" skipped="0" errors="0" time="0.023" timestamp="2026-06-09T20:53:48.007">
    <testcase name="TestParseFinnhubStockCandle0/0" value_param="00007FF66A9F9550" file="C:\Users\hxguo\source\repos\FireBird\GoogleUnitTest\FinnhubStockDayLineTest.cpp" line="119" status="run" result="completed" time="0.002" timestamp="2026-06-09T20:53:48.007" classname="TestParseFinnhubStockCandle1/ProcessFinnhubStockCandleTest" />
    <testcase name="TestParseFinnhubStockCandle0/2" value_param="00007FF66A9F9590" file="C:\Users\hxguo\source\repos\FireBird\GoogleUnitTest\FinnhubStockDayLineTest.cpp" line="119" status="run" result="completed" time="0.001" timestamp="2026-06-09T20:53:48.010" classname="TestParseFinnhubStockCandle1/ProcessFinnhubStockCandleTest" />
    <testcase name="TestParseFinnhubStockCandle0/10" value_param="00007FF66A9F97D0" file="C:\Users\hxguo\source\repos\FireBird\GoogleUnitTest\FinnhubStockDayLineTest.cpp" line="119" status="run" result="completed" time="0.002" timestamp="2026-06-09T20:53:48.011" classname="TestParseFinnhubStockCandle1/ProcessFinnhubStockCandleTest" />
    <testcase name="TestParseFinnhubStockCandle0/3" value_param="00007FF66A9F9610" file="C:\Users\hxguo\source\repos\FireBird\GoogleUnitTest\FinnhubStockDayLineTest.cpp" line="119" status="run" result="completed" time="0.001" timestamp="2026-06-09T20:53:48.014" classname="TestParseFinnhubStockCandle1/ProcessFinnhubStockCandleTest" />
    <testcase name="TestParseFinnhubStockCandle0/6" value_param="00007FF66A9F96D0" file="C:\Users\hxguo\source\repos\FireBird\GoogleUnitTest\FinnhubStockDayLineTest.cpp" line="119" status="run" result="completed" time="0.001" timestamp="2026-06-09T20:53:48.016" classname="TestParseFinnhubStockCandle1/ProcessFinnhubStockCandleTest" />
    <testcase name="TestParseFinnhubStockCandle0/1" value_param="00007FF66A9F95D0" file="C:\Users\hxguo\source\repos\FireBird\GoogleUnitTest\FinnhubStockDayLineTest.cpp" line="119" status="run" result="completed" time="0.001" timestamp="2026-06-09T20:53:48.017" classname="TestParseFinnhubStockCandle1/ProcessFinnhubStockCandleTest" />
    <testcase name="TestParseFinnhubStockCandle0/9" value_param="00007FF66A9F9790" file="C:\Users\hxguo\source\repos\FireBird\GoogleUnitTest\FinnhubStockDayLineTest.cpp" line="119" status="run" result="completed" time="0.001" timestamp="2026-06-09T20:53:48.019" classname="TestParseFinnhubStockCandle1/ProcessFinnhubStockCandleTest" />
    <testcase name="TestParseFinnhubStockCandle0/7" value_param="00007FF66A9F9710" file="C:\Users\hxguo\source\repos\FireBird\GoogleUnitTest\FinnhubStockDayLineTest.cpp" line="119" status="run" result="completed" time="0.001" timestamp="2026-06-09T20:53:48.021" classname="TestParseFinnhubStockCandle1/ProcessFinnhubStockCandleTest" />
    <testcase name="TestParseFinnhubStockCandle0/8" value_param="00007FF66A9F9750" file="C:\Users\hxguo\source\repos\FireBird\GoogleUnitTest\FinnhubStockDayLineTest.cpp" line="119" status="run" result="completed" time="0.002" timestamp="2026-06-09T20:53:48.023" classname="TestParseFinnhubStockCandle1/ProcessFinnhubStockCandleTest" />
    <testcase name="TestParseFinnhubStockCandle0/5" value_param="00007FF66A9F9690" file="C:\Users\hxguo\source\repos\FireBird\GoogleUnitTest\FinnhubStockDayLineTest.cpp" line="119" status="run" result="completed" time="0.002" timestamp="2026-06-09T20:53:48.025" classname="TestParseFinnhubStockCandle1/ProcessFinnhubStockCandleTest" />
    <testcase name="TestParseFinnhubStockCandle0/4" value_param="00007FF66A9F9650" file="C:\Users\hxguo\source\repos\FireBird\GoogleUnitTest\FinnhubStockDayLineTest.cpp" line="119" status="run" result="completed" time="0.002" timestamp="2026-06-09T20:53:48.028" classname="TestParseFinnhubStockCandle1/ProcessFinnhubStockCandleTest" />
  </testsuite>
  <testsuite name="TestParseFinnhubEPSSurprise1/ParseFinnhubEPSSurpriseTest" tests="7" failures="0" disabled="0" skipped="0" errors="0" time="0.013" timestamp="2026-06-09T20:53:47.953">
    <testcase name="TestParseFinnhubEPSSurprise0/0" value_param="00007FF66A9F6340" file="C:\Users\hxguo\source\repos\FireBird\GoogleUnitTest\FinnhubStockEstimatesEPSSurpriseTest.cpp" line="101" status="run" result="completed" time="0.001" timestamp="2026-06-09T20:53:47.953" classname="TestParseFinnhubEPSSurprise1/ParseFinnhubEPSSurpriseTest" />
    <testcase name="TestParseFinnhubEPSSurprise0/4" value_param="00007FF66A9F9950" file="C:\Users\hxguo\source\repos\FireBird\GoogleUnitTest\FinnhubStockEstimatesEPSSurpriseTest.cpp" line="101" status="run" result="completed" time="0.001" timestamp="2026-06-09T20:53:47.954" classname="TestParseFinnhubEPSSurprise1/ParseFinnhubEPSSurpriseTest" />
    <testcase name="TestParseFinnhubEPSSurprise0/2" value_param="00007FF66A9F98D0" file="C:\Users\hxguo\source\repos\FireBird\GoogleUnitTest\FinnhubStockEstimatesEPSSurpriseTest.cpp" line="101" status="run" result="completed" time="0.001" timestamp="2026-06-09T20:53:47.956" classname="TestParseFinnhubEPSSurprise1/ParseFinnhubEPSSurpriseTest" />
    <testcase name="TestParseFinnhubEPSSurprise0/1" value_param="00007FF66A9F6390" file="C:\Users\hxguo\source\repos\FireBird\GoogleUnitTest\FinnhubStockEstimatesEPSSurpriseTest.cpp" line="101" status="run" result="completed" time="0.002" timestamp="2026-06-09T20:53:47.957" classname="TestParseFinnhubEPSSurprise1/ParseFinnhubEPSSurpriseTest" />
    <testcase name="TestParseFinnhubEPSSurprise0/6" value_param="00007FF66A9F99D0" file="C:\Users\hxguo\source\repos\FireBird\GoogleUnitTest\FinnhubStockEstimatesEPSSurpriseTest.cpp" line="101" status="run" result="completed" time="0.001" timestamp="2026-06-09T20:53:47.960" classname="TestParseFinnhubEPSSurprise1/ParseFinnhubEPSSurpriseTest" />
    <testcase name="TestParseFinnhubEPSSurprise0/5" value_param="00007FF66A9F9990" file="C:\Users\hxguo\source\repos\FireBird\GoogleUnitTest\FinnhubStockEstimatesEPSSurpriseTest.cpp" line="101" status="run" result="completed" time="0.002" timestamp="2026-06-09T20:53:47.961" classname="TestParseFinnhubEPSSurprise1/ParseFinnhubEPSSurpriseTest" />
    <testcase name="TestParseFinnhubEPSSurprise0/3" value_param="00007FF66A9F9910" file="C:\Users\hxguo\source\repos\FireBird\GoogleUnitTest\FinnhubStockEstimatesEPSSurpriseTest.cpp" line="101" status="run" result="completed" time="0.002" timestamp="2026-06-09T20:53:47.964" classname="TestParseFinnhubEPSSurprise1/ParseFinnhubEPSSurpriseTest" />
  </testsuite>
  <testsuite name="TestProcessFinnhubEPSSurprise/ProcessFinnhubEPSSurpriseTest" tests="7" failures="0" disabled="0" skipped="0" errors="0" time="0.012" timestamp="2026-06-09T20:53:47.556">
    <testcase name="TestProcessFinnhubEPSSurprise/4" value_param="00007FF66A9F9950" file="C:\Users\hxguo\source\repos\FireBird\GoogleUnitTest\FinnhubStockEstimatesEPSSurpriseTest.cpp" line="181" status="run" result="completed" time="0.002" timestamp="2026-06-09T20:53:47.556" classname="TestProcessFinnhubEPSSurprise/ProcessFinnhubEPSSurpriseTest" />
    <testcase name="TestProcessFinnhubEPSSurprise/2" value_param="00007FF66A9F98D0" file="C:\Users\hxguo\source\repos\FireBird\GoogleUnitTest\FinnhubStockEstimatesEPSSurpriseTest.cpp" line="181" status="run" result="completed" time="0.001" timestamp="2026-06-09T20:53:47.559" classname="TestProcessFinnhubEPSSurprise/ProcessFinnhubEPSSurpriseTest" />
    <testcase name="TestProcessFinnhubEPSSurprise/1" value_param="00007FF66A9F6390" file="C:\Users\hxguo\source\repos\FireBird\GoogleUnitTest\FinnhubStockEstimatesEPSSurpriseTest.cpp" line="181" status="run" result="completed" time="0.001" timestamp="2026-06-09T20:53:47.561" classname="TestProcessFinnhubEPSSurprise/ProcessFinnhubEPSSurpriseTest" />
    <testcase name="TestProcessFinnhubEPSSurprise/3" value_param="00007FF66A9F9910" file="C:\Users\hxguo\source\repos\FireBird\GoogleUnitTest\FinnhubStockEstimatesEPSSurpriseTest.cpp" line="181" status="run" result="completed" time="0.001" timestamp="2026-06-09T20:53:47.562" classname="TestProcessFinnhubEPSSurprise/ProcessFinnhubEPSSurpriseTest" />
    <testcase name="TestProcessFinnhubEPSSurprise/6" value_param="00007FF66A9F99D0" file="C:\Users\hxguo\source\repos\FireBird\GoogleUnitTest\FinnhubStockEstimatesEPSSurpriseTest.cpp" line="181" status="run" result="completed" time="0.001" timestamp="2026-06-09T20:53:47.564" classname="TestProcessFinnhubEPSSurprise/ProcessFinnhubEPSSurpriseTest" />
    <testcase name="TestProcessFinnhubEPSSurprise/5" value_param="00007FF66A9F9990" file="C:\Users\hxguo\source\repos\FireBird\GoogleUnitTest\FinnhubStockEstimatesEPSSurpriseTest.cpp" line="181" status="run" result="completed" time="0.001" timestamp="2026-06-09T20:53:47.566" classname="TestProcessFinnhubEPSSurprise/ProcessFinnhubEPSSurpriseTest" />
    <testcase name="TestProcessFinnhubEPSSurprise/0" value_param="00007FF66A9F6340" file="C:\Users\hxguo\source\repos\FireBird\GoogleUnitTest\FinnhubStockEstimatesEPSSurpriseTest.cpp" line="181" status="run" result="completed" time="0.001" timestamp="2026-06-09T20:53:47.567" classname="TestProcessFinnhubEPSSurprise/ProcessFinnhubEPSSurpriseTest" />
  </testsuite>
  <testsuite name="TestProcessFinnhubStockQuote1/ProcessFinnhubStockQuoteTest" tests="10" failures="0" disabled="0" skipped="0" errors="0" time="0.013" timestamp="2026-06-09T20:53:48.093">
    <testcase name="TestParseFinnhubStockQuote0/6" value_param="00007FF66A9F9B90" file="C:\Users\hxguo\source\repos\FireBird\GoogleUnitTest\FinnhubStockPriceQuoteTest.cpp" line="121" status="run" result="completed" time="0.001" timestamp="2026-06-09T20:53:48.093" classname="TestProcessFinnhubStockQuote1/ProcessFinnhubStockQuoteTest" />
    <testcase name="TestParseFinnhubStockQuote0/8" value_param="00007FF66A9F9BD0" file="C:\Users\hxguo\source\repos\FireBird\GoogleUnitTest\FinnhubStockPriceQuoteTest.cpp" line="121" status="run" result="completed" time="0.001" timestamp="2026-06-09T20:53:48.095" classname="TestProcessFinnhubStockQuote1/ProcessFinnhubStockQuoteTest" />
    <testcase name="TestParseFinnhubStockQuote0/5" value_param="00007FF66A9F9B50" file="C:\Users\hxguo\source\repos\FireBird\GoogleUnitTest\FinnhubStockPriceQuoteTest.cpp" line="121" status="run" result="completed" time="0.001" timestamp="2026-06-09T20:53:48.096" classname="TestProcessFinnhubStockQuote1/ProcessFinnhubStockQuoteTest" />
    <testcase name="TestParseFinnhubStockQuote0/7" value_param="00007FF66A9F9BD0" file="C:\Users\hxguo\source\repos\FireBird\GoogleUnitTest\FinnhubStockPriceQuoteTest.cpp" line="121" status="run" result="completed" time="0.001" timestamp="2026-06-09T20:53:48.097" classname="TestProcessFinnhubStockQuote1/ProcessFinnhubStockQuoteTest" />
    <testcase name="TestParseFinnhubStockQuote0/1" value_param="00007FF66A9F6390" file="C:\Users\hxguo\source\repos\FireBird\GoogleUnitTest\FinnhubStockPriceQuoteTest.cpp" line="121" status="run" result="completed" time="0.001" timestamp="2026-06-09T20:53:48.099" classname="TestProcessFinnhubStockQuote1/ProcessFinnhubStockQuoteTest" />
    <testcase name="TestParseFinnhubStockQuote0/4" value_param="00007FF66A9F9B10" file="C:\Users\hxguo\source\repos\FireBird\GoogleUnitTest\FinnhubStockPriceQuoteTest.cpp" line="121" status="run" result="completed" time="0.001" timestamp="2026-06-09T20:53:48.100" classname="TestProcessFinnhubStockQuote1/ProcessFinnhubStockQuoteTest" />
    <testcase name="TestParseFinnhubStockQuote0/9" value_param="00007FF66A9F9C50" file="C:\Users\hxguo\source\repos\FireBird\GoogleUnitTest\FinnhubStockPriceQuoteTest.cpp" line="121" status="run" result="completed" time="0.001" timestamp="2026-06-09T20:53:48.102" classname="TestProcessFinnhubStockQuote1/ProcessFinnhubStockQuoteTest" />
    <testcase name="TestParseFinnhubStockQuote0/0" value_param="00007FF66A9F6340" file="C:\Users\hxguo\source\repos\FireBird\GoogleUnitTest\FinnhubStockPriceQuoteTest.cpp" line="121" status="run" result="completed" time="0.001" timestamp="2026-06-09T20:53:48.103" classname="TestProcessFinnhubStockQuote1/ProcessFinnhubStockQuoteTest" />
    <testcase name="TestParseFinnhubStockQuote0/3" value_param="00007FF66A9F9AD0" file="C:\Users\hxguo\source\repos\FireBird\GoogleUnitTest\FinnhubStockPriceQuoteTest.cpp" line="121" status="run" result="completed" time="0.001" timestamp="2026-06-09T20:53:48.104" classname="TestProcessFinnhubStockQuote1/ProcessFinnhubStockQuoteTest" />
    <testcase name="TestParseFinnhubStockQuote0/2" value_param="00007FF66A9F9A90" file="C:\Users\hxguo\source\repos\FireBird\GoogleUnitTest\FinnhubStockPriceQuoteTest.cpp" line="121" status="run" result="completed" time="0.001" timestamp="2026-06-09T20:53:48.106" classname="TestProcessFinnhubStockQuote1/ProcessFinnhubStockQuoteTest" />
  </testsuite>
  <testsuite name="TestProcessFinnhubWebSocket1/ProcessFinnhubWebSocketTest" tests="7" failures="0" disabled="0" skipped="0" errors="0" time="0.009" timestamp="2026-06-09T20:53:48.064">
    <testcase name="TestProcessWebSocket/1" value_param="00007FF66A9F9E30" file="C:\Users\hxguo\source\repos\FireBird\GoogleUnitTest\ProcessWebSocketDataTest.cpp" line="73" status="run" result="completed" time="0.001" timestamp="2026-06-09T20:53:48.064" classname="TestProcessFinnhubWebSocket1/ProcessFinnhubWebSocketTest" />
    <testcase name="TestProcessWebSocket/6" value_param="00007FF66A9FA010" file="C:\Users\hxguo\source\repos\FireBird\GoogleUnitTest\ProcessWebSocketDataTest.cpp" line="73" status="run" result="completed" time="0.001" timestamp="2026-06-09T20:53:48.065" classname="TestProcessFinnhubWebSocket1/ProcessFinnhubWebSocketTest" />
    <testcase name="TestProcessWebSocket/3" value_param="00007FF66A9F9EF0" file="C:\Users\hxguo\source\repos\FireBird\GoogleUnitTest\ProcessWebSocketDataTest.cpp" line="73" status="run" result="completed" time="0.001" timestamp="2026-06-09T20:53:48.066" classname="TestProcessFinnhubWebSocket1/ProcessFinnhubWebSocketTest" />
    <testcase name="TestProcessWebSocket/5" value_param="00007FF66A9F9FB0" file="C:\Users\hxguo\source\repos\FireBird\GoogleUnitTest\ProcessWebSocketDataTest.cpp" line="73" status="run" result="completed" time="0.001" timestamp="2026-06-09T20:53:48.068" classname="TestProcessFinnhubWebSocket1/ProcessFinnhubWebSocketTest" />
    <testcase name="TestProcessWebSocket/4" value_param="00007FF66A9F9F50" file="C:\Users\hxguo\source\repos\FireBird\GoogleUnitTest\ProcessWebSocketDataTest.cpp" line="73" status="run" result="completed" time="0.001" timestamp="2026-06-09T20:53:48.069" classname="TestProcessFinnhubWebSocket1/ProcessFinnhubWebSocketTest" />
    <testcase name="TestProcessWebSocket/2" value_param="00007FF66A9F9E90" file="C:\Users\hxguo\source\repos\FireBird\GoogleUnitTest\ProcessWebSocketDataTest.cpp" line="73" status="run" result="completed" time="0.001" timestamp="2026-06-09T20:53:48.070" classname="TestProcessFinnhubWebSocket1/ProcessFinnhubWebSocketTest" />
    <testcase name="TestProcessWebSocket/0" value_param="00007FF66A9F9DD0" file="C:\Users\hxguo\source\repos\FireBird\GoogleUnitTest\ProcessWebSocketDataTest.cpp" line="73" status="run" result="completed" time="0.001" timestamp="2026-06-09T20:53:48.072" classname="TestProcessFinnhubWebSocket1/ProcessFinnhubWebSocketTest" />
  </testsuite>
  <testsuite name="TestProcessTiingoIEXWebSocket1/ProcessTiingoIEXWebSocketTest" tests="7" failures="0" disabled="0" skipped="0" errors="0" time="0.009" timestamp="2026-06-09T20:53:47.569">
    <testcase name="TestProcessWebSocket/2" value_param="00007FF66A9FA130" file="C:\Users\hxguo\source\repos\FireBird\GoogleUnitTest\ProcessWebSocketDataTest.cpp" line="156" status="run" result="completed" time="0.001" timestamp="2026-06-09T20:53:47.569" classname="TestProcessTiingoIEXWebSocket1/ProcessTiingoIEXWebSocketTest" />
    <testcase name="TestProcessWebSocket/5" value_param="00007FF66A9FA250" file="C:\Users\hxguo\source\repos\FireBird\GoogleUnitTest\ProcessWebSocketDataTest.cpp" line="156" status="run" result="completed" time="0.001" timestamp="2026-06-09T20:53:47.570" classname="TestProcessTiingoIEXWebSocket1/ProcessTiingoIEXWebSocketTest" />
    <testcase name="TestProcessWebSocket/1" value_param="00007FF66A9FA0D0" file="C:\Users\hxguo\source\repos\FireBird\GoogleUnitTest\ProcessWebSocketDataTest.cpp" line="156" status="run" result="completed" time="0.001" timestamp="2026-06-09T20:53:47.571" classname="TestProcessTiingoIEXWebSocket1/ProcessTiingoIEXWebSocketTest" />
    <testcase name="TestProcessWebSocket/0" value_param="00007FF66A9FA070" file="C:\Users\hxguo\source\repos\FireBird\GoogleUnitTest\ProcessWebSocketDataTest.cpp" line="156" status="run" result="completed" time="0.001" timestamp="2026-06-09T20:53:47.573" classname="TestProcessTiingoIEXWebSocket1/ProcessTiingoIEXWebSocketTest" />
    <testcase name="TestProcessWebSocket/6" value_param="00007FF66A9FA2B0" file="C:\Users\hxguo\source\repos\FireBird\GoogleUnitTest\ProcessWebSocketDataTest.cpp" line="156" status="run" result="completed" time="0.001" timestamp="2026-06-09T20:53:47.574" classname="TestProcessTiingoIEXWebSocket1/ProcessTiingoIEXWebSocketTest" />
    <testcase name="TestProcessWebSocket/4" value_param="00007FF66A9FA1F0" file="C:\Users\hxguo\source\repos\FireBird\GoogleUnitTest\ProcessWebSocketDataTest.cpp" line="156" status="run" result="completed" time="0.001" timestamp="2026-06-09T20:53:47.576" classname="TestProcessTiingoIEXWebSocket1/ProcessTiingoIEXWebSocketTest" />
    <testcase name="TestProcessWebSocket/3" value_param="00007FF66A9FA190" file="C:\Users\hxguo\source\repos\FireBird\GoogleUnitTest\ProcessWebSocketDataTest.cpp" line="156" status="run" result="completed" time="0.001" timestamp="2026-06-09T20:53:47.577" classname="TestProcessTiingoIEXWebSocket1/ProcessTiingoIEXWebSocketTest" />
  </testsuite>
  <testsuite name="TestProcessTiingoCryptoWebSocket1/ProcessTiingoCryptoWebSocketTest" tests="7" failures="0" disabled="0" skipped="0" errors="0" time="0.01" timestamp="2026-06-09T20:53:47.856">
    <testcase name="TestProcessWebSocket/1" value_param="00007FF66A9FA370" file="C:\Users\hxguo\source\repos\FireBird\GoogleUnitTest\ProcessWebSocketDataTest.cpp" line="249" status="run" result="completed" time="0.001" timestamp="2026-06-09T20:53:47.856" classname="TestProcessTiingoCryptoWebSocket1/ProcessTiingoCryptoWebSocketTest" />
    <testcase name="TestProcessWebSocket/0" value_param="00007FF66A9FA310" file="C:\Users\hxguo\source\repos\FireBird\GoogleUnitTest\ProcessWebSocketDataTest.cpp" line="249" status="run" result="completed" time="0.001" timestamp="2026-06-09T20:53:47.857" classname="TestProcessTiingoCryptoWebSocket1/ProcessTiingoCryptoWebSocketTest" />
    <testcase name="TestProcessWebSocket/4" value_param="00007FF66A9FA490" file="C:\Users\hxguo\source\repos\FireBird\GoogleUnitTest\ProcessWebSocketDataTest.cpp" line="249" status="run" result="completed" time="0.001" timestamp="2026-06-09T20:53:47.859" classname="TestProcessTiingoCryptoWebSocket1/ProcessTiingoCryptoWebSocketTest" />
    <testcase name="TestProcessWebSocket/5" value_param="00007FF66A9FA4F0" file="C:\Users\hxguo\source\repos\FireBird\GoogleUnitTest\ProcessWebSocketDataTest.cpp" line="249" status="run" result="completed" time="0.001" timestamp="2026-06-09T20:53:47.860" classname="TestProcessTiingoCryptoWebSocket1/ProcessTiingoCryptoWebSocketTest" />
    <testcase name="TestProcessWebSocket/6" value_param="00007FF66A9FA550" file="C:\Users\hxguo\source\repos\FireBird\GoogleUnitTest\ProcessWebSocketDataTest.cpp" line="249" status="run" result="completed" time="0.001" timestamp="2026-06-09T20:53:47.861" classname="TestProcessTiingoCryptoWebSocket1/ProcessTiingoCryptoWebSocketTest" />
    <testcase name="TestProcessWebSocket/2" value_param="00007FF66A9FA3D0" file="C:\Users\hxguo\source\repos\FireBird\GoogleUnitTest\ProcessWebSocketDataTest.cpp" line="249" status="run" result="completed" time="0.001" timestamp="2026-06-09T20:53:47.863" classname="TestProcessTiingoCryptoWebSocket1/ProcessTiingoCryptoWebSocketTest" />
    <testcase name="TestProcessWebSocket/3" value_param="00007FF66A9FA430" file="C:\Users\hxguo\source\repos\FireBird\GoogleUnitTest\ProcessWebSocketDataTest.cpp" line="249" status="run" result="completed" time="0.001" timestamp="2026-06-09T20:53:47.865" classname="TestProcessTiingoCryptoWebSocket1/ProcessTiingoCryptoWebSocketTest" />
  </testsuite>
  <testsuite name="TestProcessTiingoForexWebSocket1/ProcessTiingoForexWebSocketTest" tests="7" failures="0" disabled="0" skipped="0" errors="0" time="0.009" timestamp="2026-06-09T20:53:48.030">
    <testcase name="TestProcessWebSocket/5" value_param="00007FF66A9FA790" file="C:\Users\hxguo\source\repos\FireBird\GoogleUnitTest\ProcessWebSocketDataTest.cpp" line="342" status="run" result="completed" time="0.001" timestamp="2026-06-09T20:53:48.030" classname="TestProcessTiingoForexWebSocket1/ProcessTiingoForexWebSocketTest" />
    <testcase name="TestProcessWebSocket/2" value_param="00007FF66A9FA670" file="C:\Users\hxguo\source\repos\FireBird\GoogleUnitTest\ProcessWebSocketDataTest.cpp" line="342" status="run" result="completed" time="0.001" timestamp="2026-06-09T20:53:48.032" classname="TestProcessTiingoForexWebSocket1/ProcessTiingoForexWebSocketTest" />
    <testcase name="TestProcessWebSocket/6" value_param="00007FF66A9FA7F0" file="C:\Users\hxguo\source\repos\FireBird\GoogleUnitTest\ProcessWebSocketDataTest.cpp" line="342" status="run" result="completed" time="0.001" timestamp="2026-06-09T20:53:48.033" classname="TestProcessTiingoForexWebSocket1/ProcessTiingoForexWebSocketTest" />
    <testcase name="TestProcessWebSocket/0" value_param="00007FF66A9FA5B0" file="C:\Users\hxguo\source\repos\FireBird\GoogleUnitTest\ProcessWebSocketDataTest.cpp" line="342" status="run" result="completed" time="0.001" timestamp="2026-06-09T20:53:48.035" classname="TestProcessTiingoForexWebSocket1/ProcessTiingoForexWebSocketTest" />
    <testcase name="TestProcessWebSocket/1" value_param="00007FF66A9FA610" file="C:\Users\hxguo\source\repos\FireBird\GoogleUnitTest\ProcessWebSocketDataTest.cpp" line="342" status="run" result="completed" time="0.001" timestamp="2026-06-09T20:53:48.036" classname="TestProcessTiingoForexWebSocket1/ProcessTiingoForexWebSocketTest" />
    <testcase name="TestProcessWebSocket/4" value_param="00007FF66A9FA730" file="C:\Users\hxguo\source\repos\FireBird\GoogleUnitTest\ProcessWebSocketDataTest.cpp" line="342" status="run" result="completed" time="0.001" timestamp="2026-06-09T20:53:48.037" classname="TestProcessTiingoForexWebSocket1/ProcessTiingoForexWebSocketTest" />
    <testcase name="TestProcessWebSocket/3" value_param="00007FF66A9FA6D0" file="C:\Users\hxguo\source\repos\FireBird\GoogleUnitTest\ProcessWebSocketDataTest.cpp" line="342" status="run" result="completed" time="0.001" timestamp="2026-06-09T20:53:48.039" classname="TestProcessTiingoForexWebSocket1/ProcessTiingoForexWebSocketTest" />
  </testsuite>
  <testsuite name="TestProcessOneFinnhubWebSocketData1/ProcessOneFinnhubWebSocketDataTest" tests="14" failures="0" disabled="0" skipped="0" errors="0" time="0.021" timestamp="2026-06-09T20:53:47.681">
    <testcase name="TestProcessOneFinnhubWebSocketDataWithSidmjson/5" value_param="00007FF66A9FABF0" file="C:\Users\hxguo\source\repos\FireBird\GoogleUnitTest\ProcessFinnhubWebDataTest.cpp" line="151" status="run" result="completed" time="0.001" timestamp="2026-06-09T20:53:47.681" classname="TestProcessOneFinnhubWebSocketData1/ProcessOneFinnhubWebSocketDataTest" />
    <testcase name="TestProcessOneFinnhubWebSocketData0/2" value_param="00007FF66A9FAB60" file="C:\Users\hxguo\source\repos\FireBird\GoogleUnitTest\ProcessFinnhubWebDataTest.cpp" line="86" status="run" result="completed" time="0.001" timestamp="2026-06-09T20:53:47.683" classname="TestProcessOneFinnhubWebSocketData1/ProcessOneFinnhubWebSocketDataTest" />
    <testcase name="TestProcessOneFinnhubWebSocketDataWithSidmjson/4" value_param="00007FF66A9FABC0" file="C:\Users\hxguo\source\repos\FireBird\GoogleUnitTest\ProcessFinnhubWebDataTest.cpp" line="151" status="run" result="completed" time="0.001" timestamp="2026-06-09T20:53:47.684" classname="TestProcessOneFinnhubWebSocketData1/ProcessOneFinnhubWebSocketDataTest" />
    <testcase name="TestProcessOneFinnhubWebSocketDataWithSidmjson/1" value_param="00007FF66A9FAB30" file="C:\Users\hxguo\source\repos\FireBird\GoogleUnitTest\ProcessFinnhubWebDataTest.cpp" line="151" status="run" result="completed" time="0.001" timestamp="2026-06-09T20:53:47.685" classname="TestProcessOneFinnhubWebSocketData1/ProcessOneFinnhubWebSocketDataTest" />
    <testcase name="TestProcessOneFinnhubWebSocketData0/0" value_param="00007FF66A9FAB00" file="C:\Users\hxguo\source\repos\FireBird\GoogleUnitTest\ProcessFinnhubWebDataTest.cpp" line="86" status="run" result="completed" time="0.001" timestamp="2026-06-09T20:53:47.687" classname="TestProcessOneFinnhubWebSocketData1/ProcessOneFinnhubWebSocketDataTest" />
    <testcase name="TestProcessOneFinnhubWebSocketData0/3" value_param="00007FF66A9FAB90" file="C:\Users\hxguo\source\repos\FireBird\GoogleUnitTest\ProcessFinnhubWebDataTest.cpp" line="86" status="run" result="completed" time="0.001" timestamp="2026-06-09T20:53:47.688" classname="TestProcessOneFinnhubWebSocketData1/ProcessOneFinnhubWebSocketDataTest" />
    <testcase name="TestProcessOneFinnhubWebSocketData0/6" value_param="00007FF66A9FAC20" file="C:\Users\hxguo\source\repos\FireBird\GoogleUnitTest\ProcessFinnhubWebDataTest.cpp" line="86" status="run" result="completed" time="0.001" timestamp="2026-06-09T20:53:47.690" classname="TestProcessOneFinnhubWebSocketData1/ProcessOneFinnhubWebSocketDataTest" />
    <testcase name="TestProcessOneFinnhubWebSocketData0/5" value_param="00007FF66A9FABF0" file="C:\Users\hxguo\source\repos\FireBird\GoogleUnitTest\ProcessFinnhubWebDataTest.cpp" line="86" status="run" result="completed" time="0.001" timestamp="2026-06-09T20:53:47.692" classname="TestProcessOneFinnhubWebSocketData1/ProcessOneFinnhubWebSocketDataTest" />
    <testcase name="TestProcessOneFinnhubWebSocketDataWithSidmjson/6" value_param="00007FF66A9FAC20" file="C:\Users\hxguo\source\repos\FireBird\GoogleUnitTest\ProcessFinnhubWebDataTest.cpp" line="151" status="run" result="completed" time="0.001" timestamp="2026-06-09T20:53:47.694" classname="TestProcessOneFinnhubWebSocketData1/ProcessOneFinnhubWebSocketDataTest" />
    <testcase name="TestProcessOneFinnhubWebSocketDataWithSidmjson/0" value_param="00007FF66A9FAB00" file="C:\Users\hxguo\source\repos\FireBird\GoogleUnitTest\ProcessFinnhubWebDataTest.cpp" line="151" status="run" result="completed" time="0.001" timestamp="2026-06-09T20:53:47.695" classname="TestProcessOneFinnhubWebSocketData1/ProcessOneFinnhubWebSocketDataTest" />
    <testcase name="TestProcessOneFinnhubWebSocketData0/4" value_param="00007FF66A9FABC0" file="C:\Users\hxguo\source\repos\FireBird\GoogleUnitTest\ProcessFinnhubWebDataTest.cpp" line="86" status="run" result="completed" time="0.001" timestamp="2026-06-09T20:53:47.697" classname="TestProcessOneFinnhubWebSocketData1/ProcessOneFinnhubWebSocketDataTest" />
    <testcase name="TestProcessOneFinnhubWebSocketDataWithSidmjson/2" value_param="00007FF66A9FAB60" file="C:\Users\hxguo\source\repos\FireBird\GoogleUnitTest\ProcessFinnhubWebDataTest.cpp" line="151" status="run" result="completed" time="0.001" timestamp="2026-06-09T20:53:47.698" classname="TestProcessOneFinnhubWebSocketData1/ProcessOneFinnhubWebSocketDataTest" />
    <testcase name="TestProcessOneFinnhubWebSocketDataWithSidmjson/3" value_param="00007FF66A9FAB90" file="C:\Users\hxguo\source\repos\FireBird\GoogleUnitTest\ProcessFinnhubWebDataTest.cpp" line="151" status="run" result="completed" time="0.001" timestamp="2026-06-09T20:53:47.700" classname="TestProcessOneFinnhubWebSocketData1/ProcessOneFinnhubWebSocketDataTest" />
    <testcase name="TestProcessOneFinnhubWebSocketData0/1" value_param="00007FF66A9FAB30" file="C:\Users\hxguo\source\repos\FireBird\GoogleUnitTest\ProcessFinnhubWebDataTest.cpp" line="86" status="run" result="completed" time="0.001" timestamp="2026-06-09T20:53:47.701" classname="TestProcessOneFinnhubWebSocketData1/ProcessOneFinnhubWebSocketDataTest" />
  </testsuite>
  <testsuite name="TestProcessOneTiingoForexWebSocketData1/ProcessOneTiingoForexWebSocketDataTest" tests="10" failures="0" disabled="0" skipped="0" errors="0" time="0.019" timestamp="2026-06-09T20:53:47.901">
    <testcase name="TestProcessOneTiingoForexWebSocketData0/4" value_param="00007FF66A9FAF00" file="C:\Users\hxguo\source\repos\FireBird\GoogleUnitTest\ProcessTiingoWebDataTest.cpp" line="98" status="run" result="completed" time="0.001" timestamp="2026-06-09T20:53:47.901" classname="TestProcessOneTiingoForexWebSocketData1/ProcessOneTiingoForexWebSocketDataTest" />
    <testcase name="TestProcessOneTiingoForexWebSocketData0/0" value_param="00007FF66A9FACC0" file="C:\Users\hxguo\source\repos\FireBird\GoogleUnitTest\ProcessTiingoWebDataTest.cpp" line="98" status="run" result="completed" time="0.001" timestamp="2026-06-09T20:53:47.903" classname="TestProcessOneTiingoForexWebSocketData1/ProcessOneTiingoForexWebSocketDataTest" />
    <testcase name="TestProcessOneTiingoForexWebSocketData0/1" value_param="00007FF66A9FAD20" file="C:\Users\hxguo\source\repos\FireBird\GoogleUnitTest\ProcessTiingoWebDataTest.cpp" line="98" status="run" result="completed" time="0.001" timestamp="2026-06-09T20:53:47.904" classname="TestProcessOneTiingoForexWebSocketData1/ProcessOneTiingoForexWebSocketDataTest" />
    <testcase name="TestProcessOneTiingoForexWebSocketData0/9" value_param="00007FF66A9FB0E0" file="C:\Users\hxguo\source\repos\FireBird\GoogleUnitTest\ProcessTiingoWebDataTest.cpp" line="98" status="run" result="completed" time="0.001" timestamp="2026-06-09T20:53:47.906" classname="TestProcessOneTiingoForexWebSocketData1/ProcessOneTiingoForexWebSocketDataTest" />
    <testcase name="TestProcessOneTiingoForexWebSocketData0/3" value_param="00007FF66A9FAEA0" file="C:\Users\hxguo\source\repos\FireBird\GoogleUnitTest\ProcessTiingoWebDataTest.cpp" line="98" status="run" result="completed" time="0.002" timestamp="2026-06-09T20:53:47.908" classname="TestProcessOneTiingoForexWebSocketData1/ProcessOneTiingoForexWebSocketDataTest" />
    <testcase name="TestProcessOneTiingoForexWebSocketData0/7" value_param="00007FF66A9FB020" file="C:\Users\hxguo\source\repos\FireBird\GoogleUnitTest\ProcessTiingoWebDataTest.cpp" line="98" status="run" result="completed" time="0.003" timestamp="2026-06-09T20:53:47.911" classname="TestProcessOneTiingoForexWebSocketData1/ProcessOneTiingoForexWebSocketDataTest" />
    <testcase name="TestProcessOneTiingoForexWebSocketData0/5" value_param="00007FF66A9FAF60" file="C:\Users\hxguo\source\repos\FireBird\GoogleUnitTest\ProcessTiingoWebDataTest.cpp" line="98" status="run" result="completed" time="0.001" timestamp="2026-06-09T20:53:47.914" classname="TestProcessOneTiingoForexWebSocketData1/ProcessOneTiingoForexWebSocketDataTest" />
    <testcase name="TestProcessOneTiingoForexWebSocketData0/8" value_param="00007FF66A9FB080" file="C:\Users\hxguo\source\repos\FireBird\GoogleUnitTest\ProcessTiingoWebDataTest.cpp" line="98" status="run" result="completed" time="0.001" timestamp="2026-06-09T20:53:47.916" classname="TestProcessOneTiingoForexWebSocketData1/ProcessOneTiingoForexWebSocketDataTest" />
    <testcase name="TestProcessOneTiingoForexWebSocketData0/2" value_param="00007FF66A9FAE40" file="C:\Users\hxguo\source\repos\FireBird\GoogleUnitTest\ProcessTiingoWebDataTest.cpp" line="98" status="run" result="completed" time="0.001" timestamp="2026-06-09T20:53:47.918" classname="TestProcessOneTiingoForexWebSocketData1/ProcessOneTiingoForexWebSocketDataTest" />
    <testcase name="TestProcessOneTiingoForexWebSocketData0/6" value_param="00007FF66A9FAFC0" file="C:\Users\hxguo\source\repos\FireBird\GoogleUnitTest\ProcessTiingoWebDataTest.cpp" line="98" status="run" result="completed" time="0.001" timestamp="2026-06-09T20:53:47.919" classname="TestProcessOneTiingoForexWebSocketData1/ProcessOneTiingoForexWebSocketDataTest" />
  </testsuite>
  <testsuite name="TestProcessOneTiingoCryptoWebSocketData1/ProcessOneTiingoCryptoWebSocketDataTest" tests="10" failures="0" disabled="0" skipped="0" errors="0" time="0.014" timestamp="2026-06-09T20:53:48.049">
    <testcase name="TestProcessOneTiingoCryptoWebSocketData0/0" value_param="00007FF66A9FB140" file="C:\Users\hxguo\source\repos\FireBird\GoogleUnitTest\ProcessTiingoWebDataTest.cpp" line="208" status="run" result="completed" time="0.001" timestamp="2026-06-09T20:53:48.049" classname="TestProcessOneTiingoCryptoWebSocketData1/ProcessOneTiingoCryptoWebSocketDataTest" />
    <testcase name="TestProcessOneTiingoCryptoWebSocketData0/9" value_param="00007FF66A9FB4A0" file="C:\Users\hxguo\source\repos\FireBird\GoogleUnitTest\ProcessTiingoWebDataTest.cpp" line="208" status="run" result="completed" time="0.001" timestamp="2026-06-09T20:53:48.050" classname="TestProcessOneTiingoCryptoWebSocketData1/ProcessOneTiingoCryptoWebSocketDataTest" />
    <testcase name="TestProcessOneTiingoCryptoWebSocketData0/2" value_param="00007FF66A9FB200" file="C:\Users\hxguo\source\repos\FireBird\GoogleUnitTest\ProcessTiingoWebDataTest.cpp" line="208" status="run" result="completed" time="0.001" timestamp="2026-06-09T20:53:48.052" classname="TestProcessOneTiingoCryptoWebSocketData1/ProcessOneTiingoCryptoWebSocketDataTest" />
    <testcase name="TestProcessOneTiingoCryptoWebSocketData0/7" value_param="00007FF66A9FB3E0" file="C:\Users\hxguo\source\repos\FireBird\GoogleUnitTest\ProcessTiingoWebDataTest.cpp" line="208" status="run" result="completed" time="0.001" timestamp="2026-06-09T20:53:48.053" classname="TestProcessOneTiingoCryptoWebSocketData1/ProcessOneTiingoCryptoWebSocketDataTest" />
    <testcase name="TestProcessOneTiingoCryptoWebSocketData0/4" value_param="00007FF66A9FB2C0" file="C:\Users\hxguo\source\repos\FireBird\GoogleUnitTest\ProcessTiingoWebDataTest.cpp" line="208" status="run" result="completed" time="0.001" timestamp="2026-06-09T20:53:48.054" classname="TestProcessOneTiingoCryptoWebSocketData1/ProcessOneTiingoCryptoWebSocketDataTest" />
    <testcase name="TestProcessOneTiingoCryptoWebSocketData0/8" value_param="00007FF66A9FB440" file="C:\Users\hxguo\source\repos\FireBird\GoogleUnitTest\ProcessTiingoWebDataTest.cpp" line="208" status="run" result="completed" time="0.001" timestamp="2026-06-09T20:53:48.056" classname="TestProcessOneTiingoCryptoWebSocketData1/ProcessOneTiingoCryptoWebSocketDataTest" />
    <testcase name="TestProcessOneTiingoCryptoWebSocketData0/1" value_param="00007FF66A9FB1A0" file="C:\Users\hxguo\source\repos\FireBird\GoogleUnitTest\ProcessTiingoWebDataTest.cpp" line="208" status="run" result="completed" time="0.001" timestamp="2026-06-09T20:53:48.058" classname="TestProcessOneTiingoCryptoWebSocketData1/ProcessOneTiingoCryptoWebSocketDataTest" />
    <testcase name="TestProcessOneTiingoCryptoWebSocketData0/3" value_param="00007FF66A9FB260" file="C:\Users\hxguo\source\repos\FireBird\GoogleUnitTest\ProcessTiingoWebDataTest.cpp" line="208" status="run" result="completed" time="0.001" timestamp="2026-06-09T20:53:48.059" classname="TestProcessOneTiingoCryptoWebSocketData1/ProcessOneTiingoCryptoWebSocketDataTest" />
    <testcase name="TestProcessOneTiingoCryptoWebSocketData0/6" value_param="00007FF66A9FB380" file="C:\Users\hxguo\source\repos\FireBird\GoogleUnitTest\ProcessTiingoWebDataTest.cpp" line="208" status="run" result="completed" time="0.001" timestamp="2026-06-09T20:53:48.061" classname="TestProcessOneTiingoCryptoWebSocketData1/ProcessOneTiingoCryptoWebSocketDataTest" />
    <testcase name="TestProcessOneTiingoCryptoWebSocketData0/5" value_param="00007FF66A9FB320" file="C:\Users\hxguo\source\repos\FireBird\GoogleUnitTest\ProcessTiingoWebDataTest.cpp" line="208" status="run" result="completed" time="0.001" timestamp="2026-06-09T20:53:48.062" classname="TestProcessOneTiingoCryptoWebSocketData1/ProcessOneTiingoCryptoWebSocketDataTest" />
  </testsuite>
  <testsuite name="TestProcessOneTiingoIEXWebSocketData1/ProcessOneTiingoIEXWebSocketDataTest" tests="10" failures="0" disabled="0" skipped="0" errors="0" time="0.016" timestamp="2026-06-09T20:53:47.702">
    <testcase name="TestProcessOneTiingoIEXWebSocketData0/6" value_param="00007FF66A9FB740" file="C:\Users\hxguo\source\repos\FireBird\GoogleUnitTest\ProcessTiingoWebDataTest.cpp" line="333" status="run" result="completed" time="0.001" timestamp="2026-06-09T20:53:47.702" classname="TestProcessOneTiingoIEXWebSocketData1/ProcessOneTiingoIEXWebSocketDataTest" />
    <testcase name="TestProcessOneTiingoIEXWebSocketData0/5" value_param="00007FF66A9FB6E0" file="C:\Users\hxguo\source\repos\FireBird\GoogleUnitTest\ProcessTiingoWebDataTest.cpp" line="333" status="run" result="completed" time="0.001" timestamp="2026-06-09T20:53:47.704" classname="TestProcessOneTiingoIEXWebSocketData1/ProcessOneTiingoIEXWebSocketDataTest" />
    <testcase name="TestProcessOneTiingoIEXWebSocketData0/3" value_param="00007FF66A9FB620" file="C:\Users\hxguo\source\repos\FireBird\GoogleUnitTest\ProcessTiingoWebDataTest.cpp" line="333" status="run" result="completed" time="0.001" timestamp="2026-06-09T20:53:47.706" classname="TestProcessOneTiingoIEXWebSocketData1/ProcessOneTiingoIEXWebSocketDataTest" />
    <testcase name="TestProcessOneTiingoIEXWebSocketData0/7" value_param="00007FF66A9FB7A0" file="C:\Users\hxguo\source\repos\FireBird\GoogleUnitTest\ProcessTiingoWebDataTest.cpp" line="333" status="run" result="completed" time="0.002" timestamp="2026-06-09T20:53:47.707" classname="TestProcessOneTiingoIEXWebSocketData1/ProcessOneTiingoIEXWebSocketDataTest" />
    <testcase name="TestProcessOneTiingoIEXWebSocketData0/8" value_param="00007FF66A9FB800" file="C:\Users\hxguo\source\repos\FireBird\GoogleUnitTest\ProcessTiingoWebDataTest.cpp" line="333" status="run" result="completed" time="0.001" timestamp="2026-06-09T20:53:47.710" classname="TestProcessOneTiingoIEXWebSocketData1/ProcessOneTiingoIEXWebSocketDataTest" />
    <testcase name="TestProcessOneTiingoIEXWebSocketData0/2" value_param="00007FF66A9FB5C0" file="C:\Users\hxguo\source\repos\FireBird\GoogleUnitTest\ProcessTiingoWebDataTest.cpp" line="333" status="run" result="completed" time="0.001" timestamp="2026-06-09T20:53:47.711" classname="TestProcessOneTiingoIEXWebSocketData1/ProcessOneTiingoIEXWebSocketDataTest" />
    <testcase name="TestProcessOneTiingoIEXWebSocketData0/1" value_param="00007FF66A9FB560" file="C:\Users\hxguo\source\repos\FireBird\GoogleUnitTest\ProcessTiingoWebDataTest.cpp" line="333" status="run" result="completed" time="0.001" timestamp="2026-06-09T20:53:47.713" classname="TestProcessOneTiingoIEXWebSocketData1/ProcessOneTiingoIEXWebSocketDataTest" />
    <testcase name="TestProcessOneTiingoIEXWebSocketData0/0" value_param="00007FF66A9FB500" file="C:\Users\hxguo\source\repos\FireBird\GoogleUnitTest\ProcessTiingoWebDataTest.cpp" line="333" status="run" result="completed" time="0.001" timestamp="2026-06-09T20:53:47.715" classname="TestProcessOneTiingoIEXWebSocketData1/ProcessOneTiingoIEXWebSocketDataTest" />
    <testcase name="TestProcessOneTiingoIEXWebSocketData0/9" value_param="00007FF66A9FB4A0" file="C:\Users\hxguo\source\repos\FireBird\GoogleUnitTest\ProcessTiingoWebDataTest.cpp" line="333" status="run" result="completed" time="0.001" timestamp="2026-06-09T20:53:47.716" classname="TestProcessOneTiingoIEXWebSocketData1/ProcessOneTiingoIEXWebSocketDataTest" />
    <testcase name="TestProcessOneTiingoIEXWebSocketData0/4" value_param="00007FF66A9FB680" file="C:\Users\hxguo\source\repos\FireBird\GoogleUnitTest\ProcessTiingoWebDataTest.cpp" line="333" status="run" result="completed" time="0.001" timestamp="2026-06-09T20:53:47.718" classname="TestProcessOneTiingoIEXWebSocketData1/ProcessOneTiingoIEXWebSocketDataTest" />
  </testsuite>
  <testsuite name="TestParseTiingoStockDayLine1/ParseTiingoStockDayLineTest" tests="10" failures="0" disabled="0" skipped="0" errors="0" time="0.021" timestamp="2026-06-09T20:53:47.589">
    <testcase name="TestParseTiingoStockDayLine0/8" value_param="00007FF66A9FBE00" file="C:\Users\hxguo\source\repos\FireBird\GoogleUnitTest\ProductTiingoStockDayLineTest.cpp" line="142" status="run" result="completed" time="0.002" timestamp="2026-06-09T20:53:47.589" classname="TestParseTiingoStockDayLine1/ParseTiingoStockDayLineTest" />
    <testcase name="TestParseTiingoStockDayLine0/3" value_param="00007FF66A9FBCC0" file="C:\Users\hxguo\source\repos\FireBird\GoogleUnitTest\ProductTiingoStockDayLineTest.cpp" line="142" status="run" result="completed" time="0.003" timestamp="2026-06-09T20:53:47.592" classname="TestParseTiingoStockDayLine1/ParseTiingoStockDayLineTest" />
    <testcase name="TestParseTiingoStockDayLine0/6" value_param="00007FF66A9FBD80" file="C:\Users\hxguo\source\repos\FireBird\GoogleUnitTest\ProductTiingoStockDayLineTest.cpp" line="142" status="run" result="completed" time="0.002" timestamp="2026-06-09T20:53:47.595" classname="TestParseTiingoStockDayLine1/ParseTiingoStockDayLineTest" />
    <testcase name="TestParseTiingoStockDayLine0/4" value_param="00007FF66A9FBD00" file="C:\Users\hxguo\source\repos\FireBird\GoogleUnitTest\ProductTiingoStockDayLineTest.cpp" line="142" status="run" result="completed" time="0.001" timestamp="2026-06-09T20:53:47.597" classname="TestParseTiingoStockDayLine1/ParseTiingoStockDayLineTest" />
    <testcase name="TestParseTiingoStockDayLine0/7" value_param="00007FF66A9FBDC0" file="C:\Users\hxguo\source\repos\FireBird\GoogleUnitTest\ProductTiingoStockDayLineTest.cpp" line="142" status="run" result="completed" time="0.001" timestamp="2026-06-09T20:53:47.599" classname="TestParseTiingoStockDayLine1/ParseTiingoStockDayLineTest" />
    <testcase name="TestParseTiingoStockDayLine0/5" value_param="00007FF66A9FBD40" file="C:\Users\hxguo\source\repos\FireBird\GoogleUnitTest\ProductTiingoStockDayLineTest.cpp" line="142" status="run" result="completed" time="0.001" timestamp="2026-06-09T20:53:47.601" classname="TestParseTiingoStockDayLine1/ParseTiingoStockDayLineTest" />
    <testcase name="TestParseTiingoStockDayLine0/2" value_param="00007FF66A9FBC80" file="C:\Users\hxguo\source\repos\FireBird\GoogleUnitTest\ProductTiingoStockDayLineTest.cpp" line="142" status="run" result="completed" time="0.001" timestamp="2026-06-09T20:53:47.603" classname="TestParseTiingoStockDayLine1/ParseTiingoStockDayLineTest" />
    <testcase name="TestParseTiingoStockDayLine0/9" value_param="00007FF66A9FBE40" file="C:\Users\hxguo\source\repos\FireBird\GoogleUnitTest\ProductTiingoStockDayLineTest.cpp" line="142" status="run" result="completed" time="0.001" timestamp="2026-06-09T20:53:47.605" classname="TestParseTiingoStockDayLine1/ParseTiingoStockDayLineTest" />
    <testcase name="TestParseTiingoStockDayLine0/0" value_param="00007FF66A9FBC00" file="C:\Users\hxguo\source\repos\FireBird\GoogleUnitTest\ProductTiingoStockDayLineTest.cpp" line="142" status="run" result="completed" time="0.001" timestamp="2026-06-09T20:53:47.606" classname="TestParseTiingoStockDayLine1/ParseTiingoStockDayLineTest" />
    <testcase name="TestParseTiingoStockDayLine0/1" value_param="00007FF66A9FBC40" file="C:\Users\hxguo\source\repos\FireBird\GoogleUnitTest\ProductTiingoStockDayLineTest.cpp" line="142" status="run" result="completed" time="0.002" timestamp="2026-06-09T20:53:47.608" classname="TestParseTiingoStockDayLine1/ParseTiingoStockDayLineTest" />
  </testsuite>
  <testsuite name="TestProcessTiingoStockDayLine/ProcessTiingoStockDayLineTest" tests="9" failures="0" disabled="0" skipped="0" errors="0" time="0.019" timestamp="2026-06-09T20:53:47.719">
    <testcase name="TestProcessTiingoStockDayLine/4" value_param="00007FF66A9FBD00" file="C:\Users\hxguo\source\repos\FireBird\GoogleUnitTest\ProductTiingoStockDayLineTest.cpp" line="232" status="run" result="completed" time="0.001" timestamp="2026-06-09T20:53:47.719" classname="TestProcessTiingoStockDayLine/ProcessTiingoStockDayLineTest" />
    <testcase name="TestProcessTiingoStockDayLine/2" value_param="00007FF66A9FBC80" file="C:\Users\hxguo\source\repos\FireBird\GoogleUnitTest\ProductTiingoStockDayLineTest.cpp" line="232" status="run" result="completed" time="0.002" timestamp="2026-06-09T20:53:47.721" classname="TestProcessTiingoStockDayLine/ProcessTiingoStockDayLineTest" />
    <testcase name="TestProcessTiingoStockDayLine/6" value_param="00007FF66A9FBD80" file="C:\Users\hxguo\source\repos\FireBird\GoogleUnitTest\ProductTiingoStockDayLineTest.cpp" line="232" status="run" result="completed" time="0.002" timestamp="2026-06-09T20:53:47.723" classname="TestProcessTiingoStockDayLine/ProcessTiingoStockDayLineTest" />
    <testcase name="TestProcessTiingoStockDayLine/8" value_param="00007FF66A9FBE00" file="C:\Users\hxguo\source\repos\FireBird\GoogleUnitTest\ProductTiingoStockDayLineTest.cpp" line="232" status="run" result="completed" time="0.002" timestamp="2026-06-09T20:53:47.726" classname="TestProcessTiingoStockDayLine/ProcessTiingoStockDayLineTest" />
    <testcase name="TestProcessTiingoStockDayLine/0" value_param="00007FF66A9FBC00" file="C:\Users\hxguo\source\repos\FireBird\GoogleUnitTest\ProductTiingoStockDayLineTest.cpp" line="232" status="run" result="completed" time="0.001" timestamp="2026-06-09T20:53:47.729" classname="TestProcessTiingoStockDayLine/ProcessTiingoStockDayLineTest" />
    <testcase name="TestProcessTiingoStockDayLine/3" value_param="00007FF66A9FBCC0" file="C:\Users\hxguo\source\repos\FireBird\GoogleUnitTest\ProductTiingoStockDayLineTest.cpp" line="232" status="run" result="completed" time="0.001" timestamp="2026-06-09T20:53:47.730" classname="TestProcessTiingoStockDayLine/ProcessTiingoStockDayLineTest" />
    <testcase name="TestProcessTiingoStockDayLine/5" value_param="00007FF66A9FBD40" file="C:\Users\hxguo\source\repos\FireBird\GoogleUnitTest\ProductTiingoStockDayLineTest.cpp" line="232" status="run" result="completed" time="0.001" timestamp="2026-06-09T20:53:47.732" classname="TestProcessTiingoStockDayLine/ProcessTiingoStockDayLineTest" />
    <testcase name="TestProcessTiingoStockDayLine/1" value_param="00007FF66A9FBC40" file="C:\Users\hxguo\source\repos\FireBird\GoogleUnitTest\ProductTiingoStockDayLineTest.cpp" line="232" status="run" result="completed" time="0.001" timestamp="2026-06-09T20:53:47.734" classname="TestProcessTiingoStockDayLine/ProcessTiingoStockDayLineTest" />
    <testcase name="TestProcessTiingoStockDayLine/7" value_param="00007FF66A9FBDC0" file="C:\Users\hxguo\source\repos\FireBird\GoogleUnitTest\ProductTiingoStockDayLineTest.cpp" line="232" status="run" result="completed" time="0.002" timestamp="2026-06-09T20:53:47.736" classname="TestProcessTiingoStockDayLine/ProcessTiingoStockDayLineTest" />
  </testsuite>
  <testsuite name="TestParseTiingoStockProfile/ParseTiingoStockTest" tests="5" failures="0" disabled="0" skipped="0" errors="0" time="0.009" timestamp="2026-06-09T20:53:47.943">
    <testcase name="TestParseStockProfile/0" value_param="00007FF66A9FBF40" file="C:\Users\hxguo\source\repos\FireBird\GoogleUnitTest\ProductTiingoStockProfileTest.cpp" line="115" status="run" result="completed" time="0.001" timestamp="2026-06-09T20:53:47.943" classname="TestParseTiingoStockProfile/ParseTiingoStockTest" />
    <testcase name="TestParseStockProfile/4" value_param="00007FF66A9FC040" file="C:\Users\hxguo\source\repos\FireBird\GoogleUnitTest\ProductTiingoStockProfileTest.cpp" line="115" status="run" result="completed" time="0.002" timestamp="2026-06-09T20:53:47.945" classname="TestParseTiingoStockProfile/ParseTiingoStockTest" />
    <testcase name="TestParseStockProfile/3" value_param="00007FF66A9FC000" file="C:\Users\hxguo\source\repos\FireBird\GoogleUnitTest\ProductTiingoStockProfileTest.cpp" line="115" status="run" result="completed" time="0.001" timestamp="2026-06-09T20:53:47.947" classname="TestParseTiingoStockProfile/ParseTiingoStockTest" />
    <testcase name="TestParseStockProfile/1" value_param="00007FF66A9FBF80" file="C:\Users\hxguo\source\repos\FireBird\GoogleUnitTest\ProductTiingoStockProfileTest.cpp" line="115" status="run" result="completed" time="0.001" timestamp="2026-06-09T20:53:47.949" classname="TestParseTiingoStockProfile/ParseTiingoStockTest" />
    <testcase name="TestParseStockProfile/2" value_param="00007FF66A9FBFC0" file="C:\Users\hxguo\source\repos\FireBird\GoogleUnitTest\ProductTiingoStockProfileTest.cpp" line="115" status="run" result="completed" time="0.001" timestamp="2026-06-09T20:53:47.951" classname="TestParseTiingoStockProfile/ParseTiingoStockTest" />
  </testsuite>
  <testsuite name="TestProcessTiingoStockProfile/ProcessTiingoStockProfileTest" tests="5" failures="0" disabled="0" skipped="0" errors="0" time="0.021" timestamp="2026-06-09T20:53:47.879">
    <testcase name="TestProcessStockProfile/0" value_param="00007FF66A9FBF40" file="C:\Users\hxguo\source\repos\FireBird\GoogleUnitTest\ProductTiingoStockProfileTest.cpp" line="221" status="run" result="completed" time="0.001" timestamp="2026-06-09T20:53:47.879" classname="TestProcessTiingoStockProfile/ProcessTiingoStockProfileTest" />
    <testcase name="TestProcessStockProfile/3" value_param="00007FF66A9FC000" file="C:\Users\hxguo\source\repos\FireBird\GoogleUnitTest\ProductTiingoStockProfileTest.cpp" line="221" status="run" result="completed" time="0.008" timestamp="2026-06-09T20:53:47.881" classname="TestProcessTiingoStockProfile/ProcessTiingoStockProfileTest" />
    <testcase name="TestProcessStockProfile/2" value_param="00007FF66A9FBFC0" file="C:\Users\hxguo\source\repos\FireBird\GoogleUnitTest\ProductTiingoStockProfileTest.cpp" line="221" status="run" result="completed" time="0.004" timestamp="2026-06-09T20:53:47.890" classname="TestProcessTiingoStockProfile/ProcessTiingoStockProfileTest" />
    <testcase name="TestProcessStockProfile/4" value_param="00007FF66A9FC040" file="C:\Users\hxguo\source\repos\FireBird\GoogleUnitTest\ProductTiingoStockProfileTest.cpp" line="221" status="run" result="completed" time="0.004" timestamp="2026-06-09T20:53:47.895" classname="TestProcessTiingoStockProfile/ProcessTiingoStockProfileTest" />
    <testcase name="TestProcessStockProfile/1" value_param="00007FF66A9FBF80" file="C:\Users\hxguo\source\repos\FireBird\GoogleUnitTest\ProductTiingoStockProfileTest.cpp" line="221" status="run" result="completed" time="0.002" timestamp="2026-06-09T20:53:47.899" classname="TestProcessTiingoStockProfile/ProcessTiingoStockProfileTest" />
  </testsuite>
  <testsuite name="TestCheckNeteaseDayLineInquiryData/CheckNeteaseDayLineInquiryStrTest" tests="8" failures="0" disabled="0" skipped="0" errors="0" time="0.011" timestamp="2026-06-09T20:53:47.650">
    <testcase name="TestCheck/2" value_param="00007FF66A9FCA70" file="C:\Users\hxguo\source\repos\FireBird\GoogleUnitTest\CheckNeteaseDayLineInquiryStrTest.cpp" line="58" status="run" result="completed" time="0.001" timestamp="2026-06-09T20:53:47.650" classname="TestCheckNeteaseDayLineInquiryData/CheckNeteaseDayLineInquiryStrTest" />
    <testcase name="TestCheck/5" value_param="00007FF66A9FCB00" file="C:\Users\hxguo\source\repos\FireBird\GoogleUnitTest\CheckNeteaseDayLineInquiryStrTest.cpp" line="58" status="run" result="completed" time="0.001" timestamp="2026-06-09T20:53:47.651" classname="TestCheckNeteaseDayLineInquiryData/CheckNeteaseDayLineInquiryStrTest" />
    <testcase name="TestCheck/1" value_param="00007FF66A9FCA40" file="C:\Users\hxguo\source\repos\FireBird\GoogleUnitTest\CheckNeteaseDayLineInquiryStrTest.cpp" line="58" status="run" result="completed" time="0.001" timestamp="2026-06-09T20:53:47.652" classname="TestCheckNeteaseDayLineInquiryData/CheckNeteaseDayLineInquiryStrTest" />
    <testcase name="TestCheck/7" value_param="00007FF66A9FCB60" file="C:\Users\hxguo\source\repos\FireBird\GoogleUnitTest\CheckNeteaseDayLineInquiryStrTest.cpp" line="58" status="run" result="completed" time="0.001" timestamp="2026-06-09T20:53:47.654" classname="TestCheckNeteaseDayLineInquiryData/CheckNeteaseDayLineInquiryStrTest" />
    <testcase name="TestCheck/6" value_param="00007FF66A9FCB30" file="C:\Users\hxguo\source\repos\FireBird\GoogleUnitTest\CheckNeteaseDayLineInquiryStrTest.cpp" line="58" status="run" result="completed" time="0.001" timestamp="2026-06-09T20:53:47.655" classname="TestCheckNeteaseDayLineInquiryData/CheckNeteaseDayLineInquiryStrTest" />
    <testcase name="TestCheck/4" value_param="00007FF66A9FCAD0" file="C:\Users\hxguo\source\repos\FireBird\GoogleUnitTest\CheckNeteaseDayLineInquiryStrTest.cpp" line="58" status="run" result="completed" time="0.001" timestamp="2026-06-09T20:53:47.656" classname="TestCheckNeteaseDayLineInquiryData/CheckNeteaseDayLineInquiryStrTest" />
    <testcase name="TestCheck/3" value_param="00007FF66A9FCAA0" file="C:\Users\hxguo\source\repos\FireBird\GoogleUnitTest\CheckNeteaseDayLineInquiryStrTest.cpp" line="58" status="run" result="completed" time="0.001" timestamp="2026-06-09T20:53:47.658" classname="TestCheckNeteaseDayLineInquiryData/CheckNeteaseDayLineInquiryStrTest" />
    <testcase name="TestCheck/0" value_param="00007FF66A9FCA10" file="C:\Users\hxguo\source\repos\FireBird\GoogleUnitTest\CheckNeteaseDayLineInquiryStrTest.cpp" line="58" status="run" result="completed" time="0.001" timestamp="2026-06-09T20:53:47.660" classname="TestCheckNeteaseDayLineInquiryData/CheckNeteaseDayLineInquiryStrTest" />
  </testsuite>
  <testsuite name="TestNetEaseDayLineData/ProcessNeteaseDayLineTest" tests="14" failures="0" disabled="0" skipped="0" errors="0" time="0.022" timestamp="2026-06-09T20:53:47.921">
    <testcase name="ProcessOneNeteaseDayLineData2/4" value_param="00007FF66A9FD1F8" file="C:\Users\hxguo\source\repos\FireBird\GoogleUnitTest\NeteaseDayLineDataTest.cpp" line="112" status="run" result="completed" time="0.001" timestamp="2026-06-09T20:53:47.921" classname="TestNetEaseDayLineData/ProcessNeteaseDayLineTest" />
    <testcase name="ProcessOneNeteaseDayLineData2/7" value_param="00007FF66A9FD288" file="C:\Users\hxguo\source\repos\FireBird\GoogleUnitTest\NeteaseDayLineDataTest.cpp" line="112" status="run" result="completed" time="0.001" timestamp="2026-06-09T20:53:47.923" classname="TestNetEaseDayLineData/ProcessNeteaseDayLineTest" />
    <testcase name="ProcessOneNeteaseDayLineData2/0" value_param="00007FF66A9FD138" file="C:\Users\hxguo\source\repos\FireBird\GoogleUnitTest\NeteaseDayLineDataTest.cpp" line="112" status="run" result="completed" time="0.001" timestamp="2026-06-09T20:53:47.925" classname="TestNetEaseDayLineData/ProcessNeteaseDayLineTest" />
    <testcase name="ProcessOneNeteaseDayLineData2/9" value_param="00007FF66A9FD2E8" file="C:\Users\hxguo\source\repos\FireBird\GoogleUnitTest\NeteaseDayLineDataTest.cpp" line="112" status="run" result="completed" time="0.001" timestamp="2026-06-09T20:53:47.927" classname="TestNetEaseDayLineData/ProcessNeteaseDayLineTest" />
    <testcase name="ProcessOneNeteaseDayLineData2/6" value_param="00007FF66A9FD258" file="C:\Users\hxguo\source\repos\FireBird\GoogleUnitTest\NeteaseDayLineDataTest.cpp" line="112" status="run" result="completed" time="0.001" timestamp="2026-06-09T20:53:47.928" classname="TestNetEaseDayLineData/ProcessNeteaseDayLineTest" />
    <testcase name="ProcessOneNeteaseDayLineData2/3" value_param="00007FF66A9FD1C8" file="C:\Users\hxguo\source\repos\FireBird\GoogleUnitTest\NeteaseDayLineDataTest.cpp" line="112" status="run" result="completed" time="0.001" timestamp="2026-06-09T20:53:47.930" classname="TestNetEaseDayLineData/ProcessNeteaseDayLineTest" />
    <testcase name="ProcessOneNeteaseDayLineData2/2" value_param="00007FF66A9FD198" file="C:\Users\hxguo\source\repos\FireBird\GoogleUnitTest\NeteaseDayLineDataTest.cpp" line="112" status="run" result="completed" time="0.001" timestamp="2026-06-09T20:53:47.931" classname="TestNetEaseDayLineData/ProcessNeteaseDayLineTest" />
    <testcase name="ProcessOneNeteaseDayLineData2/8" value_param="00007FF66A9FD2B8" file="C:\Users\hxguo\source\repos\FireBird\GoogleUnitTest\NeteaseDayLineDataTest.cpp" line="112" status="run" result="completed" time="0.001" timestamp="2026-06-09T20:53:47.933" classname="TestNetEaseDayLineData/ProcessNeteaseDayLineTest" />
    <testcase name="ProcessOneNeteaseDayLineData2/10" value_param="00007FF66A9FD318" file="C:\Users\hxguo\source\repos\FireBird\GoogleUnitTest\NeteaseDayLineDataTest.cpp" line="112" status="run" result="completed" time="0.001" timestamp="2026-06-09T20:53:47.934" classname="TestNetEaseDayLineData/ProcessNeteaseDayLineTest" />
    <testcase name="ProcessOneNeteaseDayLineData2/12" value_param="00007FF66A9FD378" file="C:\Users\hxguo\source\repos\FireBird\GoogleUnitTest\NeteaseDayLineDataTest.cpp" line="112" status="run" result="completed" time="0.001" timestamp="2026-06-09T20:53:47.935" classname="TestNetEaseDayLineData/ProcessNeteaseDayLineTest" />
    <testcase name="ProcessOneNeteaseDayLineData2/13" value_param="00007FF66A9FD3A8" file="C:\Users\hxguo\source\repos\FireBird\GoogleUnitTest\NeteaseDayLineDataTest.cpp" line="112" status="run" result="completed" time="0.001" timestamp="2026-06-09T20:53:47.937" classname="TestNetEaseDayLineData/ProcessNeteaseDayLineTest" />
    <testcase name="ProcessOneNeteaseDayLineData2/5" value_param="00007FF66A9FD228" file="C:\Users\hxguo\source\repos\FireBird\GoogleUnitTest\NeteaseDayLineDataTest.cpp" line="112" status="run" result="completed" time="0.001" timestamp="2026-06-09T20:53:47.938" classname="TestNetEaseDayLineData/ProcessNeteaseDayLineTest" />
    <testcase name="ProcessOneNeteaseDayLineData2/1" value_param="00007FF66A9FD168" file="C:\Users\hxguo\source\repos\FireBird\GoogleUnitTest\NeteaseDayLineDataTest.cpp" line="112" status="run" result="completed" time="0.001" timestamp="2026-06-09T20:53:47.939" classname="TestNetEaseDayLineData/ProcessNeteaseDayLineTest" />
    <testcase name="ProcessOneNeteaseDayLineData2/11" value_param="00007FF66A9FD348" file="C:\Users\hxguo\source\repos\FireBird\GoogleUnitTest\NeteaseDayLineDataTest.cpp" line="112" status="run" result="completed" time="0.002" timestamp="2026-06-09T20:53:47.941" classname="TestNetEaseDayLineData/ProcessNeteaseDayLineTest" />
  </testsuite>
  <testsuite name="TestReadDayLineOneValue/ReadDayLineOneValueTest2" tests="10" failures="0" disabled="0" skipped="0" errors="0" time="0.013" timestamp="2026-06-09T20:53:47.866">
    <testcase name="TestReadOneValue3/1" value_param="00007FF66A9FD440" file="C:\Users\hxguo\source\repos\FireBird\GoogleUnitTest\NeteaseDayLineDataTest.cpp" line="233" status="run" result="completed" time="0.001" timestamp="2026-06-09T20:53:47.866" classname="TestReadDayLineOneValue/ReadDayLineOneValueTest2" />
    <testcase name="TestReadOneValue3/3" value_param="00007FF66A9FD4A0" file="C:\Users\hxguo\source\repos\FireBird\GoogleUnitTest\NeteaseDayLineDataTest.cpp" line="233" status="run" result="completed" time="0.001" timestamp="2026-06-09T20:53:47.867" classname="TestReadDayLineOneValue/ReadDayLineOneValueTest2" />
    <testcase name="TestReadOneValue3/5" value_param="00007FF66A9FD500" file="C:\Users\hxguo\source\repos\FireBird\GoogleUnitTest\NeteaseDayLineDataTest.cpp" line="233" status="run" result="completed" time="0.001" timestamp="2026-06-09T20:53:47.869" classname="TestReadDayLineOneValue/ReadDayLineOneValueTest2" />
    <testcase name="TestReadOneValue3/7" value_param="00007FF66A9FD560" file="C:\Users\hxguo\source\repos\FireBird\GoogleUnitTest\NeteaseDayLineDataTest.cpp" line="233" status="run" result="completed" time="0.001" timestamp="2026-06-09T20:53:47.870" classname="TestReadDayLineOneValue/ReadDayLineOneValueTest2" />
    <testcase name="TestReadOneValue3/6" value_param="00007FF66A9FD530" file="C:\Users\hxguo\source\repos\FireBird\GoogleUnitTest\NeteaseDayLineDataTest.cpp" line="233" status="run" result="completed" time="0.001" timestamp="2026-06-09T20:53:47.871" classname="TestReadDayLineOneValue/ReadDayLineOneValueTest2" />
    <testcase name="TestReadOneValue3/8" value_param="00007FF66A9FD590" file="C:\Users\hxguo\source\repos\FireBird\GoogleUnitTest\NeteaseDayLineDataTest.cpp" line="233" status="run" result="completed" time="0.001" timestamp="2026-06-09T20:53:47.872" classname="TestReadDayLineOneValue/ReadDayLineOneValueTest2" />
    <testcase name="TestReadOneValue3/0" value_param="00007FF66A9FD410" file="C:\Users\hxguo\source\repos\FireBird\GoogleUnitTest\NeteaseDayLineDataTest.cpp" line="233" status="run" result="completed" time="0.001" timestamp="2026-06-09T20:53:47.874" classname="TestReadDayLineOneValue/ReadDayLineOneValueTest2" />
    <testcase name="TestReadOneValue3/9" value_param="00007FF66A9FD5C0" file="C:\Users\hxguo\source\repos\FireBird\GoogleUnitTest\NeteaseDayLineDataTest.cpp" line="233" status="run" result="completed" time="0.001" timestamp="2026-06-09T20:53:47.875" classname="TestReadDayLineOneValue/ReadDayLineOneValueTest2" />
    <testcase name="TestReadOneValue3/4" value_param="00007FF66A9FD4D0" file="C:\Users\hxguo\source\repos\FireBird\GoogleUnitTest\NeteaseDayLineDataTest.cpp" line="233" status="run" result="completed" time="0.001" timestamp="2026-06-09T20:53:47.877" classname="TestReadDayLineOneValue/ReadDayLineOneValueTest2" />
    <testcase name="TestReadOneValue3/2" value_param="00007FF66A9FD470" file="C:\Users\hxguo\source\repos\FireBird\GoogleUnitTest\NeteaseDayLineDataTest.cpp" line="233" status="run" result="completed" time="0.001" timestamp="2026-06-09T20:53:47.878" classname="TestReadDayLineOneValue/ReadDayLineOneValueTest2" />
  </testsuite>
  <testsuite name="TestNeteaseRTData/CalculateNeteaseWebRTDataTest" tests="4" failures="0" disabled="0" skipped="0" errors="0" time="0.008" timestamp="2026-06-09T20:53:48.040">
    <testcase name="TestParseOneNeteaseData/2" value_param="00007FF66A9FD780" file="C:\Users\hxguo\source\repos\FireBird\GoogleUnitTest\NeteaseWebRTDataTest.cpp" line="159" status="run" result="completed" time="0.002" timestamp="2026-06-09T20:53:48.040" classname="TestNeteaseRTData/CalculateNeteaseWebRTDataTest" />
    <testcase name="TestParseOneNeteaseData/3" value_param="00007FF66A9FD7B0" file="C:\Users\hxguo\source\repos\FireBird\GoogleUnitTest\NeteaseWebRTDataTest.cpp" line="159" status="run" result="completed" time="0.002" timestamp="2026-06-09T20:53:48.042" classname="TestNeteaseRTData/CalculateNeteaseWebRTDataTest" />
    <testcase name="TestParseOneNeteaseData/0" value_param="00007FF66A9FD720" file="C:\Users\hxguo\source\repos\FireBird\GoogleUnitTest\NeteaseWebRTDataTest.cpp" line="159" status="run" result="completed" time="0.001" timestamp="2026-06-09T20:53:48.044" classname="TestNeteaseRTData/CalculateNeteaseWebRTDataTest" />
    <testcase name="TestParseOneNeteaseData/1" value_param="00007FF66A9FD750" file="C:\Users\hxguo\source\repos\FireBird\GoogleUnitTest\NeteaseWebRTDataTest.cpp" line="159" status="run" result="completed" time="0.002" timestamp="2026-06-09T20:53:48.046" classname="TestNeteaseRTData/CalculateNeteaseWebRTDataTest" />
  </testsuite>
  <testsuite name="TestNetEaseDayLineData/NeteaseDayLineTest" tests="14" failures="0" disabled="0" skipped="0" errors="0" time="0.019" timestamp="2026-06-09T20:53:48.073">
    <testcase name="TestProcessNeteaseDayLineData/1" value_param="00007FF66A9FD970" file="C:\Users\hxguo\source\repos\FireBird\GoogleUnitTest\ProcessDayLineDataTest.cpp" line="81" status="run" result="completed" time="0.001" timestamp="2026-06-09T20:53:48.073" classname="TestNetEaseDayLineData/NeteaseDayLineTest" />
    <testcase name="TestProcessNeteaseDayLineData/0" value_param="00007FF66A9FD910" file="C:\Users\hxguo\source\repos\FireBird\GoogleUnitTest\ProcessDayLineDataTest.cpp" line="81" status="run" result="completed" time="0.001" timestamp="2026-06-09T20:53:48.075" classname="TestNetEaseDayLineData/NeteaseDayLineTest" />
    <testcase name="TestProcessNeteaseDayLineData/9" value_param="00007FF66A9FDC70" file="C:\Users\hxguo\source\repos\FireBird\GoogleUnitTest\ProcessDayLineDataTest.cpp" line="81" status="run" result="completed" time="0.001" timestamp="2026-06-09T20:53:48.076" classname="TestNetEaseDayLineData/NeteaseDayLineTest" />
    <testcase name="TestProcessNeteaseDayLineData/13" value_param="00007FF66A9FDDF0" file="C:\Users\hxguo\source\repos\FireBird\GoogleUnitTest\ProcessDayLineDataTest.cpp" line="81" status="run" result="completed" time="0.001" timestamp="2026-06-09T20:53:48.078" classname="TestNetEaseDayLineData/NeteaseDayLineTest" />
    <testcase name="TestProcessNeteaseDayLineData/5" value_param="00007FF66A9FDAF0" file="C:\Users\hxguo\source\repos\FireBird\GoogleUnitTest\ProcessDayLineDataTest.cpp" line="81" status="run" result="completed" time="0.001" timestamp="2026-06-09T20:53:48.079" classname="TestNetEaseDayLineData/NeteaseDayLineTest" />
    <testcase name="TestProcessNeteaseDayLineData/4" value_param="00007FF66A9FDA90" file="C:\Users\hxguo\source\repos\FireBird\GoogleUnitTest\ProcessDayLineDataTest.cpp" line="81" status="run" result="completed" time="0.001" timestamp="2026-06-09T20:53:48.081" classname="TestNetEaseDayLineData/NeteaseDayLineTest" />
    <testcase name="TestProcessNeteaseDayLineData/8" value_param="00007FF66A9FDC10" file="C:\Users\hxguo\source\repos\FireBird\GoogleUnitTest\ProcessDayLineDataTest.cpp" line="81" status="run" result="completed" time="0.001" timestamp="2026-06-09T20:53:48.082" classname="TestNetEaseDayLineData/NeteaseDayLineTest" />
    <testcase name="TestProcessNeteaseDayLineData/12" value_param="00007FF66A9FDD90" file="C:\Users\hxguo\source\repos\FireBird\GoogleUnitTest\ProcessDayLineDataTest.cpp" line="81" status="run" result="completed" time="0.001" timestamp="2026-06-09T20:53:48.083" classname="TestNetEaseDayLineData/NeteaseDayLineTest" />
    <testcase name="TestProcessNeteaseDayLineData/3" value_param="00007FF66A9FDA30" file="C:\Users\hxguo\source\repos\FireBird\GoogleUnitTest\ProcessDayLineDataTest.cpp" line="81" status="run" result="completed" time="0.001" timestamp="2026-06-09T20:53:48.085" classname="TestNetEaseDayLineData/NeteaseDayLineTest" />
    <testcase name="TestProcessNeteaseDayLineData/6" value_param="00007FF66A9FDB50" file="C:\Users\hxguo\source\repos\FireBird\GoogleUnitTest\ProcessDayLineDataTest.cpp" line="81" status="run" result="completed" time="0.001" timestamp="2026-06-09T20:53:48.086" classname="TestNetEaseDayLineData/NeteaseDayLineTest" />
[...]
    <testcase name="TestSinaRTData/30" value_param="00007FF66A9FE998" file="C:\Users\hxguo\source\repos\FireBird\GoogleUnitTest\WebRTDataTest.cpp" line="390" status="run" result="completed" time="0.001" timestamp="2026-06-09T20:53:47.760" classname="TestSinaRTData/CalculateSinaRTDataTest2" />
    <testcase name="TestSinaRTData/29" value_param="00007FF66A9FE968" file="C:\Users\hxguo\source\repos\FireBird\GoogleUnitTest\WebRTDataTest.cpp" line="390" status="run" result="completed" time="0.001" timestamp="2026-06-09T20:53:47.762" classname="TestSinaRTData/CalculateSinaRTDataTest2" />
    <testcase name="TestSinaRTData/20" value_param="00007FF66A9FE7B8" file="C:\Users\hxguo\source\repos\FireBird\GoogleUnitTest\WebRTDataTest.cpp" line="390" status="run" result="completed" time="0.001" timestamp="2026-06-09T20:53:47.763" classname="TestSinaRTData/CalculateSinaRTDataTest2" />
    <testcase name="TestSinaRTData/6" value_param="00007FF66A9FE518" file="C:\Users\hxguo\source\repos\FireBird\GoogleUnitTest\WebRTDataTest.cpp" line="390" status="run" result="completed" time="0.001" timestamp="2026-06-09T20:53:47.764" classname="TestSinaRTData/CalculateSinaRTDataTest2" />
    <testcase name="TestSinaRTData/28" value_param="00007FF66A9FE938" file="C:\Users\hxguo\source\repos\FireBird\GoogleUnitTest\WebRTDataTest.cpp" line="390" status="run" result="completed" time="0.001" timestamp="2026-06-09T20:53:47.766" classname="TestSinaRTData/CalculateSinaRTDataTest2" />
    <testcase name="TestSinaRTData/19" value_param="00007FF66A9FE788" file="C:\Users\hxguo\source\repos\FireBird\GoogleUnitTest\WebRTDataTest.cpp" line="390" status="run" result="completed" time="0.001" timestamp="2026-06-09T20:53:47.767" classname="TestSinaRTData/CalculateSinaRTDataTest2" />
    <testcase name="TestSinaRTData/9" value_param="00007FF66A9FE5A8" file="C:\Users\hxguo\source\repos\FireBird\GoogleUnitTest\WebRTDataTest.cpp" line="390" status="run" result="completed" time="0.001" timestamp="2026-06-09T20:53:47.768" classname="TestSinaRTData/CalculateSinaRTDataTest2" />
    <testcase name="TestSinaRTData/11" value_param="00007FF66A9FE608" file="C:\Users\hxguo\source\repos\FireBird\GoogleUnitTest\WebRTDataTest.cpp" line="390" status="run" result="completed" time="0.001" timestamp="2026-06-09T20:53:47.770" classname="TestSinaRTData/CalculateSinaRTDataTest2" />
    <testcase name="TestSinaRTData/34" value_param="00007FF66A9FEA58" file="C:\Users\hxguo\source\repos\FireBird\GoogleUnitTest\WebRTDataTest.cpp" line="390" status="run" result="completed" time="0.001" timestamp="2026-06-09T20:53:47.771" classname="TestSinaRTData/CalculateSinaRTDataTest2" />
    <testcase name="TestSinaRTData/27" value_param="00007FF66A9FE908" file="C:\Users\hxguo\source\repos\FireBird\GoogleUnitTest\WebRTDataTest.cpp" line="390" status="run" result="completed" time="0.001" timestamp="2026-06-09T20:53:47.772" classname="TestSinaRTData/CalculateSinaRTDataTest2" />
    <testcase name="TestSinaRTData/7" value_param="00007FF66A9FE548" file="C:\Users\hxguo\source\repos\FireBird\GoogleUnitTest\WebRTDataTest.cpp" line="390" status="run" result="completed" time="0.001" timestamp="2026-06-09T20:53:47.774" classname="TestSinaRTData/CalculateSinaRTDataTest2" />
    <testcase name="TestSinaRTData/15" value_param="00007FF66A9FE6C8" file="C:\Users\hxguo\source\repos\FireBird\GoogleUnitTest\WebRTDataTest.cpp" line="390" status="run" result="completed" time="0.001" timestamp="2026-06-09T20:53:47.775" classname="TestSinaRTData/CalculateSinaRTDataTest2" />
    <testcase name="TestSinaRTData/17" value_param="00007FF66A9FE728" file="C:\Users\hxguo\source\repos\FireBird\GoogleUnitTest\WebRTDataTest.cpp" line="390" status="run" result="completed" time="0.001" timestamp="2026-06-09T20:53:47.777" classname="TestSinaRTData/CalculateSinaRTDataTest2" />
    <testcase name="TestSinaRTData/23" value_param="00007FF66A9FE848" file="C:\Users\hxguo\source\repos\FireBird\GoogleUnitTest\WebRTDataTest.cpp" line="390" status="run" result="completed" time="0.001" timestamp="2026-06-09T20:53:47.778" classname="TestSinaRTData/CalculateSinaRTDataTest2" />
    <testcase name="TestSinaRTData/35" value_param="00007FF66A9FEA88" file="C:\Users\hxguo\source\repos\FireBird\GoogleUnitTest\WebRTDataTest.cpp" line="390" status="run" result="completed" time="0.001" timestamp="2026-06-09T20:53:47.780" classname="TestSinaRTData/CalculateSinaRTDataTest2" />
    <testcase name="TestSinaRTData/31" value_param="00007FF66A9FE9C8" file="C:\Users\hxguo\source\repos\FireBird\GoogleUnitTest\WebRTDataTest.cpp" line="390" status="run" result="completed" time="0.001" timestamp="2026-06-09T20:53:47.781" classname="TestSinaRTData/CalculateSinaRTDataTest2" />
    <testcase name="TestSinaRTData/39" value_param="00007FF66A9FEB48" file="C:\Users\hxguo\source\repos\FireBird\GoogleUnitTest\WebRTDataTest.cpp" line="390" status="run" result="completed" time="0.001" timestamp="2026-06-09T20:53:47.783" classname="TestSinaRTData/CalculateSinaRTDataTest2" />
    <testcase name="TestSinaRTData/26" value_param="00007FF66A9FE8D8" file="C:\Users\hxguo\source\repos\FireBird\GoogleUnitTest\WebRTDataTest.cpp" line="390" status="run" result="completed" time="0.001" timestamp="2026-06-09T20:53:47.784" classname="TestSinaRTData/CalculateSinaRTDataTest2" />
    <testcase name="TestSinaRTData/36" value_param="00007FF66A9FEAB8" file="C:\Users\hxguo\source\repos\FireBird\GoogleUnitTest\WebRTDataTest.cpp" line="390" status="run" result="completed" time="0.001" timestamp="2026-06-09T20:53:47.786" classname="TestSinaRTData/CalculateSinaRTDataTest2" />
    <testcase name="TestSinaRTData/13" value_param="00007FF66A9FE668" file="C:\Users\hxguo\source\repos\FireBird\GoogleUnitTest\WebRTDataTest.cpp" line="390" status="run" result="completed" time="0.001" timestamp="2026-06-09T20:53:47.787" classname="TestSinaRTData/CalculateSinaRTDataTest2" />
    <testcase name="TestSinaRTData/21" value_param="00007FF66A9FE7E8" file="C:\Users\hxguo\source\repos\FireBird\GoogleUnitTest\WebRTDataTest.cpp" line="390" status="run" result="completed" time="0.001" timestamp="2026-06-09T20:53:47.788" classname="TestSinaRTData/CalculateSinaRTDataTest2" />
    <testcase name="TestSinaRTData/33" value_param="00007FF66A9FEA28" file="C:\Users\hxguo\source\repos\FireBird\GoogleUnitTest\WebRTDataTest.cpp" line="390" status="run" result="completed" time="0.001" timestamp="2026-06-09T20:53:47.790" classname="TestSinaRTData/CalculateSinaRTDataTest2" />
    <testcase name="TestSinaRTData/37" value_param="00007FF66A9FEAE8" file="C:\Users\hxguo\source\repos\FireBird\GoogleUnitTest\WebRTDataTest.cpp" line="390" status="run" result="completed" time="0.001" timestamp="2026-06-09T20:53:47.792" classname="TestSinaRTData/CalculateSinaRTDataTest2" />
    <testcase name="TestSinaRTData/1" value_param="00007FF66A9FE428" file="C:\Users\hxguo\source\repos\FireBird\GoogleUnitTest\WebRTDataTest.cpp" line="390" status="run" result="completed" time="0.001" timestamp="2026-06-09T20:53:47.793" classname="TestSinaRTData/CalculateSinaRTDataTest2" />
    <testcase name="TestSinaRTData/5" value_param="00007FF66A9FE4E8" file="C:\Users\hxguo\source\repos\FireBird\GoogleUnitTest\WebRTDataTest.cpp" line="390" status="run" result="completed" time="0.001" timestamp="2026-06-09T20:53:47.795" classname="TestSinaRTData/CalculateSinaRTDataTest2" />
  </testsuite>
  <testsuite name="CWebRTDataTest/CalculateTengxunWebRTDataTest" tests="39" failures="0" disabled="0" skipped="0" errors="0" time="0.058" timestamp="2026-06-09T20:53:47.797">
    <testcase name="TestParseTengxunData2/16" value_param="00007FF66A9FF350" file="C:\Users\hxguo\source\repos\FireBird\GoogleUnitTest\TengxunWebRTDataTest.cpp" line="253" status="run" result="completed" time="0.001" timestamp="2026-06-09T20:53:47.797" classname="CWebRTDataTest/CalculateTengxunWebRTDataTest" />
    <testcase name="TestParseTengxunData2/34" value_param="00007FF66A9FF6B0" file="C:\Users\hxguo\source\repos\FireBird\GoogleUnitTest\TengxunWebRTDataTest.cpp" line="253" status="run" result="completed" time="0.001" timestamp="2026-06-09T20:53:47.798" classname="CWebRTDataTest/CalculateTengxunWebRTDataTest" />
    <testcase name="TestParseTengxunData2/30" value_param="00007FF66A9FF5F0" file="C:\Users\hxguo\source\repos\FireBird\GoogleUnitTest\TengxunWebRTDataTest.cpp" line="253" status="run" result="completed" time="0.001" timestamp="2026-06-09T20:53:47.800" classname="CWebRTDataTest/CalculateTengxunWebRTDataTest" />
    <testcase name="TestParseTengxunData2/4" value_param="00007FF66A9FF110" file="C:\Users\hxguo\source\repos\FireBird\GoogleUnitTest\TengxunWebRTDataTest.cpp" line="253" status="run" result="completed" time="0.001" timestamp="2026-06-09T20:53:47.801" classname="CWebRTDataTest/CalculateTengxunWebRTDataTest" />
    <testcase name="TestParseTengxunData2/5" value_param="00007FF66A9FF140" file="C:\Users\hxguo\source\repos\FireBird\GoogleUnitTest\TengxunWebRTDataTest.cpp" line="253" status="run" result="completed" time="0.001" timestamp="2026-06-09T20:53:47.803" classname="CWebRTDataTest/CalculateTengxunWebRTDataTest" />
    <testcase name="TestParseTengxunData2/10" value_param="00007FF66A9FF230" file="C:\Users\hxguo\source\repos\FireBird\GoogleUnitTest\TengxunWebRTDataTest.cpp" line="253" status="run" result="completed" time="0.001" timestamp="2026-06-09T20:53:47.804" classname="CWebRTDataTest/CalculateTengxunWebRTDataTest" />
    <testcase name="TestParseTengxunData2/0" value_param="00007FF66A9FF050" file="C:\Users\hxguo\source\repos\FireBird\GoogleUnitTest\TengxunWebRTDataTest.cpp" line="253" status="run" result="completed" time="0.001" timestamp="2026-06-09T20:53:47.806" classname="CWebRTDataTest/CalculateTengxunWebRTDataTest" />
    <testcase name="TestParseTengxunData2/14" value_param="00007FF66A9FF2F0" file="C:\Users\hxguo\source\repos\FireBird\GoogleUnitTest\TengxunWebRTDataTest.cpp" line="253" status="run" result="completed" time="0.001" timestamp="2026-06-09T20:53:47.807" classname="CWebRTDataTest/CalculateTengxunWebRTDataTest" />
    <testcase name="TestParseTengxunData2/12" value_param="00007FF66A9FF290" file="C:\Users\hxguo\source\repos\FireBird\GoogleUnitTest\TengxunWebRTDataTest.cpp" line="253" status="run" result="completed" time="0.001" timestamp="2026-06-09T20:53:47.809" classname="CWebRTDataTest/CalculateTengxunWebRTDataTest" />
    <testcase name="TestParseTengxunData2/13" value_param="00007FF66A9FF2C0" file="C:\Users\hxguo\source\repos\FireBird\GoogleUnitTest\TengxunWebRTDataTest.cpp" line="253" status="run" result="completed" time="0.001" timestamp="2026-06-09T20:53:47.810" classname="CWebRTDataTest/CalculateTengxunWebRTDataTest" />
    <testcase name="TestParseTengxunData2/29" value_param="00007FF66A9FF5C0" file="C:\Users\hxguo\source\repos\FireBird\GoogleUnitTest\TengxunWebRTDataTest.cpp" line="253" status="run" result="completed" time="0.001" timestamp="2026-06-09T20:53:47.812" classname="CWebRTDataTest/CalculateTengxunWebRTDataTest" />
    <testcase name="TestParseTengxunData2/33" value_param="00007FF66A9FF680" file="C:\Users\hxguo\source\repos\FireBird\GoogleUnitTest\TengxunWebRTDataTest.cpp" line="253" status="run" result="completed" time="0.001" timestamp="2026-06-09T20:53:47.813" classname="CWebRTDataTest/CalculateTengxunWebRTDataTest" />
    <testcase name="TestParseTengxunData2/2" value_param="00007FF66A9FF0B0" file="C:\Users\hxguo\source\repos\FireBird\GoogleUnitTest\TengxunWebRTDataTest.cpp" line="253" status="run" result="completed" time="0.001" timestamp="2026-06-09T20:53:47.815" classname="CWebRTDataTest/CalculateTengxunWebRTDataTest" />
    <testcase name="TestParseTengxunData2/22" value_param="00007FF66A9FF470" file="C:\Users\hxguo\source\repos\FireBird\GoogleUnitTest\TengxunWebRTDataTest.cpp" line="253" status="run" result="completed" time="0.001" timestamp="2026-06-09T20:53:47.816" classname="CWebRTDataTest/CalculateTengxunWebRTDataTest" />
    <testcase name="TestParseTengxunData2/11" value_param="00007FF66A9FF260" file="C:\Users\hxguo\source\repos\FireBird\GoogleUnitTest\TengxunWebRTDataTest.cpp" line="253" status="run" result="completed" time="0.001" timestamp="2026-06-09T20:53:47.818" classname="CWebRTDataTest/CalculateTengxunWebRTDataTest" />
    <testcase name="TestParseTengxunData2/32" value_param="00007FF66A9FF650" file="C:\Users\hxguo\source\repos\FireBird\GoogleUnitTest\TengxunWebRTDataTest.cpp" line="253" status="run" result="completed" time="0.001" timestamp="2026-06-09T20:53:47.819" classname="CWebRTDataTest/CalculateTengxunWebRTDataTest" />
    <testcase name="TestParseTengxunData2/6" value_param="00007FF66A9FF170" file="C:\Users\hxguo\source\repos\FireBird\GoogleUnitTest\TengxunWebRTDataTest.cpp" line="253" status="run" result="completed" time="0.001" timestamp="2026-06-09T20:53:47.821" classname="CWebRTDataTest/CalculateTengxunWebRTDataTest" />
    <testcase name="TestParseTengxunData2/28" value_param="00007FF66A9FF590" file="C:\Users\hxguo\source\repos\FireBird\GoogleUnitTest\TengxunWebRTDataTest.cpp" line="253" status="run" result="completed" time="0.001" timestamp="2026-06-09T20:53:47.822" classname="CWebRTDataTest/CalculateTengxunWebRTDataTest" />
    <testcase name="TestParseTengxunData2/17" value_param="00007FF66A9FF380" file="C:\Users\hxguo\source\repos\FireBird\GoogleUnitTest\TengxunWebRTDataTest.cpp" line="253" status="run" result="completed" time="0.001" timestamp="2026-06-09T20:53:47.823" classname="CWebRTDataTest/CalculateTengxunWebRTDataTest" />
    <testcase name="TestParseTengxunData2/36" value_param="00007FF66A9FF710" file="C:\Users\hxguo\source\repos\FireBird\GoogleUnitTest\TengxunWebRTDataTest.cpp" line="253" status="run" result="completed" time="0.001" timestamp="2026-06-09T20:53:47.825" classname="CWebRTDataTest/CalculateTengxunWebRTDataTest" />
    <testcase name="TestParseTengxunData2/21" value_param="00007FF66A9FF440" file="C:\Users\hxguo\source\repos\FireBird\GoogleUnitTest\TengxunWebRTDataTest.cpp" line="253" status="run" result="completed" time="0.001" timestamp="2026-06-09T20:53:47.827" classname="CWebRTDataTest/CalculateTengxunWebRTDataTest" />
    <testcase name="TestParseTengxunData2/1" value_param="00007FF66A9FF080" file="C:\Users\hxguo\source\repos\FireBird\GoogleUnitTest\TengxunWebRTDataTest.cpp" line="253" status="run" result="completed" time="0.001" timestamp="2026-06-09T20:53:47.829" classname="CWebRTDataTest/CalculateTengxunWebRTDataTest" />
    <testcase name="TestParseTengxunData2/25" value_param="00007FF66A9FF500" file="C:\Users\hxguo\source\repos\FireBird\GoogleUnitTest\TengxunWebRTDataTest.cpp" line="253" status="run" result="completed" time="0.001" timestamp="2026-06-09T20:53:47.830" classname="CWebRTDataTest/CalculateTengxunWebRTDataTest" />
    <testcase name="TestParseTengxunData2/31" value_param="00007FF66A9FF620" file="C:\Users\hxguo\source\repos\FireBird\GoogleUnitTest\TengxunWebRTDataTest.cpp" line="253" status="run" result="completed" time="0.001" timestamp="2026-06-09T20:53:47.832" classname="CWebRTDataTest/CalculateTengxunWebRTDataTest" />
    <testcase name="TestParseTengxunData2/20" value_param="00007FF66A9FF410" file="C:\Users\hxguo\source\repos\FireBird\GoogleUnitTest\TengxunWebRTDataTest.cpp" line="253" status="run" result="completed" time="0.001" timestamp="2026-06-09T20:53:47.833" classname="CWebRTDataTest/CalculateTengxunWebRTDataTest" />
    <testcase name="TestParseTengxunData2/9" value_param="00007FF66A9FF200" file="C:\Users\hxguo\source\repos\FireBird\GoogleUnitTest\TengxunWebRTDataTest.cpp" line="253" status="run" result="completed" time="0.001" timestamp="2026-06-09T20:53:47.835" classname="CWebRTDataTest/CalculateTengxunWebRTDataTest" />
    <testcase name="TestParseTengxunData2/3" value_param="00007FF66A9FF0E0" file="C:\Users\hxguo\source\repos\FireBird\GoogleUnitTest\TengxunWebRTDataTest.cpp" line="253" status="run" result="completed" time="0.001" timestamp="2026-06-09T20:53:47.836" classname="CWebRTDataTest/CalculateTengxunWebRTDataTest" />
    <testcase name="TestParseTengxunData2/27" value_param="00007FF66A9FF560" file="C:\Users\hxguo\source\repos\FireBird\GoogleUnitTest\TengxunWebRTDataTest.cpp" line="253" status="run" result="completed" time="0.001" timestamp="2026-06-09T20:53:47.837" classname="CWebRTDataTest/CalculateTengxunWebRTDataTest" />
    <testcase name="TestParseTengxunData2/23" value_param="00007FF66A9FF4A0" file="C:\Users\hxguo\source\repos\FireBird\GoogleUnitTest\TengxunWebRTDataTest.cpp" line="253" status="run" result="completed" time="0.001" timestamp="2026-06-09T20:53:47.839" classname="CWebRTDataTest/CalculateTengxunWebRTDataTest" />
    <testcase name="TestParseTengxunData2/19" value_param="00007FF66A9FF3E0" file="C:\Users\hxguo\source\repos\FireBird\GoogleUnitTest\TengxunWebRTDataTest.cpp" line="253" status="run" result="completed" time="0.001" timestamp="2026-06-09T20:53:47.840" classname="CWebRTDataTest/CalculateTengxunWebRTDataTest" />
    <testcase name="TestParseTengxunData2/8" value_param="00007FF66A9FF1D0" file="C:\Users\hxguo\source\repos\FireBird\GoogleUnitTest\TengxunWebRTDataTest.cpp" line="253" status="run" result="completed" time="0.001" timestamp="2026-06-09T20:53:47.842" classname="CWebRTDataTest/CalculateTengxunWebRTDataTest" />
    <testcase name="TestParseTengxunData2/37" value_param="00007FF66A9FF740" file="C:\Users\hxguo\source\repos\FireBird\GoogleUnitTest\TengxunWebRTDataTest.cpp" line="253" status="run" result="completed" time="0.001" timestamp="2026-06-09T20:53:47.844" classname="CWebRTDataTest/CalculateTengxunWebRTDataTest" />
    <testcase name="TestParseTengxunData2/18" value_param="00007FF66A9FF3B0" file="C:\Users\hxguo\source\repos\FireBird\GoogleUnitTest\TengxunWebRTDataTest.cpp" line="253" status="run" result="completed" time="0.001" timestamp="2026-06-09T20:53:47.845" classname="CWebRTDataTest/CalculateTengxunWebRTDataTest" />
    <testcase name="TestParseTengxunData2/35" value_param="00007FF66A9FF6E0" file="C:\Users\hxguo\source\repos\FireBird\GoogleUnitTest\TengxunWebRTDataTest.cpp" line="253" status="run" result="completed" time="0.001" timestamp="2026-06-09T20:53:47.847" classname="CWebRTDataTest/CalculateTengxunWebRTDataTest" />
    <testcase name="TestParseTengxunData2/38" value_param="00007FF66A9FF770" file="C:\Users\hxguo\source\repos\FireBird\GoogleUnitTest\TengxunWebRTDataTest.cpp" line="253" status="run" result="completed" time="0.001" timestamp="2026-06-09T20:53:47.849" classname="CWebRTDataTest/CalculateTengxunWebRTDataTest" />
    <testcase name="TestParseTengxunData2/15" value_param="00007FF66A9FF320" file="C:\Users\hxguo\source\repos\FireBird\GoogleUnitTest\TengxunWebRTDataTest.cpp" line="253" status="run" result="completed" time="0.001" timestamp="2026-06-09T20:53:47.850" classname="CWebRTDataTest/CalculateTengxunWebRTDataTest" />
    <testcase name="TestParseTengxunData2/26" value_param="00007FF66A9FF530" file="C:\Users\hxguo\source\repos\FireBird\GoogleUnitTest\TengxunWebRTDataTest.cpp" line="253" status="run" result="completed" time="0.001" timestamp="2026-06-09T20:53:47.851" classname="CWebRTDataTest/CalculateTengxunWebRTDataTest" />
    <testcase name="TestParseTengxunData2/7" value_param="00007FF66A9FF1A0" file="C:\Users\hxguo\source\repos\FireBird\GoogleUnitTest\TengxunWebRTDataTest.cpp" line="253" status="run" result="completed" time="0.001" timestamp="2026-06-09T20:53:47.853" classname="CWebRTDataTest/CalculateTengxunWebRTDataTest" />
    <testcase name="TestParseTengxunData2/24" value_param="00007FF66A9FF4D0" file="C:\Users\hxguo\source\repos\FireBird\GoogleUnitTest\TengxunWebRTDataTest.cpp" line="253" status="run" result="completed" time="0.001" timestamp="2026-06-09T20:53:47.854" classname="CWebRTDataTest/CalculateTengxunWebRTDataTest" />
  </testsuite>
</testsuites>
